======================================================================
DistilBERT Training Pipeline — BAH A/H Text Classification
======================================================================
Device        : cpu
Model         : distilbert-base-uncased
Max length    : 128 tokens
Freeze layers : 4
Batch size    : 16
Epochs        : 20
LR            : 2e-05  (encoder: 2.0000000000000003e-06)
Weight decay  : 0.01
Patience      : 5
Grad clip     : 1.0
Seed          : 42
Weights path  : /home3/iasarantsev/text/weights/distilbert_bah_best.pth
======================================================================

[Tokenizer] Loading AutoTokenizer from distilbert-base-uncased ...
  Vocab size     : 30,522
  Model max len  : 512
  Padding token  : [PAD]
  Using max_len  : 128

[Dataset] Loading text splits ...
TextDataset [train]: 778 samples loaded
TextDataset [val]: 124 samples loaded
TextDataset [test]: 525 samples loaded
[Dataset] Loaded in 0.0s
  [train]    778 samples  |  No A-H: 393  With A-H: 385  (49.5% positive)  |  words: avg=58, min=1, max=234
  [val  ]    124 samples  |  No A-H: 49  With A-H: 75  (60.5% positive)  |  words: avg=58, min=1, max=195
  [test ]    525 samples  |  No A-H: 207  With A-H: 318  (60.6% positive)  |  words: avg=61, min=1, max=278

[Sanity] Loading single sample from train dataset ...
  Label           : 0
  Encoded keys    : ['input_ids', 'attention_mask']
  input_ids        : shape=torch.Size([128]), dtype=torch.int64
  attention_mask   : shape=torch.Size([128]), dtype=torch.int64
  Decoded text    : my hobby is traveling. i like to visit different places, different countries, different tourist attractions. even though...
  Active tokens   : 128/128

[Sampler] Class counts — No A-H: 393  |  With A-H: 385
[Sampler] Class weights — No A-H: 0.002545  |  With A-H: 0.002597
[Loss]   Normalised weights → [0.4949, 0.5051]

[DataLoader] Train: 778 samples  |  Val: 124  |  Test: 525
[DataLoader] Train batches: 48  |  Val: 8  |  Test: 33

[Probe] Fetching first train batch ...
  input_ids        : shape=torch.Size([16, 128]), dtype=torch.int64
  attention_mask   : shape=torch.Size([16, 128]), dtype=torch.int64
  labels       : [0, 0, 0, 1, 1, 0, 1, 1, 0, 0, 0, 1, 0, 0, 0, 0]
  batch time   : 0.01s

[Model] Loading DistilBertForSequenceClassification from distilbert-base-uncased ...
[Model] DistilBERT transformer has 6 layers
[Model] Freezing: embeddings + first 4/6 transformer layers
[Model] Trainable: last 2 transformer layers + pre_classifier + classifier head
[Model] Parameters: 14,767,874 trainable  |  52,187,136 frozen  |  66,955,010 total  (22.1% trainable)

[Model] Architecture summary:
  Hidden size    : 768
  Num heads      : 12
  Num layers     : 6
  Dropout        : 0.1
  Attn dropout   : 0.1
  Max position   : 512

[Optimizer] AdamW with differential LRs:
  Encoder params  : 32 tensors, lr=2.00e-06
  Classifier params: 4 tensors, lr=2.00e-05
  Weight decay    : 0.01
[Scheduler] CosineAnnealingLR, T_max=20, eta_min=2.00e-07

======================================================================
Starting training ...
======================================================================

  [Epoch 1, Batch 0] loss=0.7002  grad_norm=1.2155  logits_sample=[-0.15999092161655426, 0.019805610179901123]  preds=[1, 1, 1, 1, 0, 1, 1, 1, 1, 1, 1, 0, 0, 1, 0, 1]  labels=[0, 0, 1, 0, 0, 0, 1, 0, 1, 0, 1, 1, 1, 0, 0, 1]
Epoch   1/20  tr_loss=0.6885  tr_f1=0.4958  va_loss=0.6857  va_f1=0.5837  va_acc=0.5968  lr_enc=1.99e-06  lr_cls=1.99e-05  time=171s (3.39s/batch)
         train preds: {1: 230, 0: 538}  |  val preds: {1: 71, 0: 53}
  ✓ New best val F1=0.5837 — saved /home3/iasarantsev/text/weights/distilbert_bah_best.pth
Epoch   2/20  tr_loss=0.6666  tr_f1=0.6228  va_loss=0.6751  va_f1=0.5434  va_acc=0.5565  lr_enc=1.96e-06  lr_cls=1.95e-05  time=169s (3.36s/batch)
         train preds: {0: 257, 1: 511}  |  val preds: {1: 70, 0: 54}
  ✗ No improvement (1/5)
Epoch   3/20  tr_loss=0.6442  tr_f1=0.6489  va_loss=0.6649  va_f1=0.5716  va_acc=0.5806  lr_enc=1.90e-06  lr_cls=1.89e-05  time=166s (3.29s/batch)
         train preds: {1: 490, 0: 278}  |  val preds: {1: 67, 0: 57}
  ✗ No improvement (2/5)
Epoch   4/20  tr_loss=0.6256  tr_f1=0.6862  va_loss=0.6533  va_f1=0.5932  va_acc=0.6048  lr_enc=1.83e-06  lr_cls=1.81e-05  time=172s (3.41s/batch)
         train preds: {0: 361, 1: 407}  |  val preds: {1: 70, 0: 54}
  ✓ New best val F1=0.5932 — saved /home3/iasarantsev/text/weights/distilbert_bah_best.pth
Epoch   5/20  tr_loss=0.6014  tr_f1=0.6563  va_loss=0.6391  va_f1=0.6129  va_acc=0.6371  lr_enc=1.74e-06  lr_cls=1.71e-05  time=177s (3.51s/batch)
         train preds: {1: 479, 0: 289}  |  val preds: {1: 80, 0: 44}
  ✓ New best val F1=0.6129 — saved /home3/iasarantsev/text/weights/distilbert_bah_best.pth
Epoch   6/20  tr_loss=0.5696  tr_f1=0.7042  va_loss=0.6467  va_f1=0.5978  va_acc=0.6129  lr_enc=1.63e-06  lr_cls=1.59e-05  time=171s (3.39s/batch)
         train preds: {1: 442, 0: 326}  |  val preds: {1: 73, 0: 51}
  ✗ No improvement (1/5)
Epoch   7/20  tr_loss=0.5461  tr_f1=0.7174  va_loss=0.6910  va_f1=0.6027  va_acc=0.6048  lr_enc=1.51e-06  lr_cls=1.46e-05  time=169s (3.36s/batch)
         train preds: {1: 449, 0: 319}  |  val preds: {1: 58, 0: 66}
  ✗ No improvement (2/5)
Epoch   8/20  tr_loss=0.5561  tr_f1=0.7166  va_loss=0.6561  va_f1=0.6026  va_acc=0.6129  lr_enc=1.38e-06  lr_cls=1.32e-05  time=169s (3.36s/batch)
         train preds: {0: 342, 1: 426}  |  val preds: {1: 69, 0: 55}
  ✗ No improvement (3/5)
Epoch   9/20  tr_loss=0.5401  tr_f1=0.7079  va_loss=0.6450  va_f1=0.6170  va_acc=0.6290  lr_enc=1.24e-06  lr_cls=1.16e-05  time=169s (3.35s/batch)
         train preds: {1: 416, 0: 352}  |  val preds: {1: 71, 0: 53}
  ✓ New best val F1=0.6170 — saved /home3/iasarantsev/text/weights/distilbert_bah_best.pth
Epoch  10/20  tr_loss=0.5108  tr_f1=0.7378  va_loss=0.6546  va_f1=0.6026  va_acc=0.6129  lr_enc=1.10e-06  lr_cls=1.01e-05  time=169s (3.36s/batch)
         train preds: {1: 457, 0: 311}  |  val preds: {1: 69, 0: 55}
  ✗ No improvement (1/5)
Epoch  11/20  tr_loss=0.5326  tr_f1=0.7272  va_loss=0.6559  va_f1=0.5881  va_acc=0.5968  lr_enc=9.59e-07  lr_cls=8.55e-06  time=170s (3.37s/batch)
         train preds: {0: 339, 1: 429}  |  val preds: {1: 67, 0: 57}
  ✗ No improvement (2/5)
Epoch  12/20  tr_loss=0.5167  tr_f1=0.7139  va_loss=0.6410  va_f1=0.6170  va_acc=0.6290  lr_enc=8.22e-07  lr_cls=7.04e-06  time=170s (3.39s/batch)
         train preds: {0: 347, 1: 421}  |  val preds: {1: 71, 0: 53}
  ✗ No improvement (3/5)
Epoch  13/20  tr_loss=0.5108  tr_f1=0.7306  va_loss=0.6511  va_f1=0.5808  va_acc=0.5887  lr_enc=6.91e-07  lr_cls=5.61e-06  time=170s (3.38s/batch)
         train preds: {0: 330, 1: 438}  |  val preds: {1: 66, 0: 58}
  ✗ No improvement (4/5)
Epoch  14/20  tr_loss=0.5319  tr_f1=0.7183  va_loss=0.6344  va_f1=0.6314  va_acc=0.6452  lr_enc=5.71e-07  lr_cls=4.28e-06  time=169s (3.36s/batch)
         train preds: {0: 364, 1: 404}  |  val preds: {1: 73, 0: 51}
  ✓ New best val F1=0.6314 — saved /home3/iasarantsev/text/weights/distilbert_bah_best.pth
Epoch  15/20  tr_loss=0.5321  tr_f1=0.7134  va_loss=0.6475  va_f1=0.5899  va_acc=0.5968  lr_enc=4.64e-07  lr_cls=3.10e-06  time=166s (3.30s/batch)
         train preds: {0: 350, 1: 418}  |  val preds: {1: 65, 0: 59}
  ✗ No improvement (1/5)
Epoch  16/20  tr_loss=0.5184  tr_f1=0.7303  va_loss=0.6434  va_f1=0.5973  va_acc=0.6048  lr_enc=3.72e-07  lr_cls=2.09e-06  time=171s (3.40s/batch)
         train preds: {0: 365, 1: 403}  |  val preds: {1: 66, 0: 58}
  ✗ No improvement (2/5)
Epoch  17/20  tr_loss=0.5165  tr_f1=0.7314  va_loss=0.6468  va_f1=0.5973  va_acc=0.6048  lr_enc=2.98e-07  lr_cls=1.28e-06  time=171s (3.40s/batch)
         train preds: {0: 355, 1: 413}  |  val preds: {1: 66, 0: 58}
  ✗ No improvement (3/5)
Epoch  18/20  tr_loss=0.5117  tr_f1=0.7304  va_loss=0.6421  va_f1=0.5973  va_acc=0.6048  lr_enc=2.44e-07  lr_cls=6.85e-07  time=172s (3.41s/batch)
         train preds: {0: 374, 1: 394}  |  val preds: {1: 66, 0: 58}
  ✗ No improvement (4/5)
Epoch  19/20  tr_loss=0.4983  tr_f1=0.7512  va_loss=0.6415  va_f1=0.6046  va_acc=0.6129  lr_enc=2.11e-07  lr_cls=3.22e-07  time=170s (3.37s/batch)
         train preds: {1: 408, 0: 360}  |  val preds: {1: 67, 0: 57}
  ✗ No improvement (5/5)
  ⛔ Early stopping at epoch 19

======================================================================
Training done in 53.9 min. Best val F1 = 0.6314
======================================================================
Training curves saved → /home3/iasarantsev/text/weights/distilbert_training_curves.png

[Test] Loading best checkpoint and evaluating ...

======================================================================
Test Results — DistilBERT (distilbert-base-uncased)
======================================================================
[Test] Label distribution : {0: 207, 1: 318}
[Test] Prediction dist.  : {0: 192, 1: 333}
[Test] Macro-F1  : 0.7029
[Test] Accuracy  : 0.7200

              precision    recall  f1-score   support

      No A-H     0.6562    0.6087    0.6316       207
    With A-H     0.7568    0.7925    0.7742       318

    accuracy                         0.7200       525
   macro avg     0.7065    0.7006    0.7029       525
weighted avg     0.7171    0.7200    0.7180       525


======================================================================
DistilBERT Training Summary
======================================================================
  Model           : distilbert-base-uncased
  Frozen layers   : 4/6
  Trainable params: 14,767,874 / 66,955,010
  Best val F1     : 0.6314
  Test F1         : 0.7029
  Test accuracy   : 0.7200
  Training time   : 53.9 min
  Weights saved   : /home3/iasarantsev/text/weights/distilbert_bah_best.pth
  Curves saved    : /home3/iasarantsev/text/weights/distilbert_training_curves.png
======================================================================
