======================================================================
DistilBERT Training Pipeline — BAH A/H Text Classification
======================================================================
Device        : cuda
Model         : distilbert-base-uncased
Max length    : 128 tokens
Freeze layers : 4
Batch size    : 16
Epochs        : 20
LR            : 2e-05  (encoder: 2.0000000000000003e-06)
Weight decay  : 0.01
Patience      : 5
Grad clip     : 1.0
Seed          : 42
Weights path  : /home3/iasarantsev/text/weights/distilbert_bah_best.pth
======================================================================

[Tokenizer] Loading AutoTokenizer from distilbert-base-uncased ...
  Vocab size     : 30,522
  Model max len  : 512
  Padding token  : [PAD]
  Using max_len  : 128

[Dataset] Loading text splits ...
TextDataset [train]: 778 samples loaded
TextDataset [val]: 124 samples loaded
TextDataset [test]: 525 samples loaded
[Dataset] Loaded in 0.0s
  [train]    778 samples  |  No A-H: 393  With A-H: 385  (49.5% positive)  |  words: avg=58, min=1, max=234
  [val  ]    124 samples  |  No A-H: 49  With A-H: 75  (60.5% positive)  |  words: avg=58, min=1, max=195
  [test ]    525 samples  |  No A-H: 207  With A-H: 318  (60.6% positive)  |  words: avg=61, min=1, max=278

[Sanity] Loading single sample from train dataset ...
  Label           : 0
  Encoded keys    : ['input_ids', 'attention_mask']
  input_ids        : shape=torch.Size([128]), dtype=torch.int64
  attention_mask   : shape=torch.Size([128]), dtype=torch.int64
  Decoded text    : my hobby is traveling. i like to visit different places, different countries, different tourist attractions. even though...
  Active tokens   : 128/128

[Sampler] Class counts — No A-H: 393  |  With A-H: 385
[Sampler] Class weights — No A-H: 0.002545  |  With A-H: 0.002597
[Loss]   Normalised weights → [0.4949, 0.5051]

[DataLoader] Train: 778 samples  |  Val: 124  |  Test: 525
[DataLoader] Train batches: 48  |  Val: 8  |  Test: 33

[Probe] Fetching first train batch ...
  input_ids        : shape=torch.Size([16, 128]), dtype=torch.int64
  attention_mask   : shape=torch.Size([16, 128]), dtype=torch.int64
  labels       : [0, 0, 0, 1, 1, 0, 1, 1, 0, 0, 0, 1, 0, 0, 0, 0]
  batch time   : 0.03s

[Model] Loading DistilBertForSequenceClassification from distilbert-base-uncased ...
[Model] DistilBERT transformer has 6 layers
[Model] Freezing: embeddings + first 4/6 transformer layers
[Model] Trainable: last 2 transformer layers + pre_classifier + classifier head
[Model] Parameters: 14,767,874 trainable  |  52,187,136 frozen  |  66,955,010 total  (22.1% trainable)

[Model] Architecture summary:
  Hidden size    : 768
  Num heads      : 12
  Num layers     : 6
  Dropout        : 0.1
  Attn dropout   : 0.1
  Max position   : 512

[Optimizer] AdamW with differential LRs:
  Encoder params  : 32 tensors, lr=2.00e-06
  Classifier params: 4 tensors, lr=2.00e-05
  Weight decay    : 0.01
[Scheduler] CosineAnnealingLR, T_max=20, eta_min=2.00e-07

======================================================================
Starting training ...
======================================================================

  [Epoch 1, Batch 0] loss=0.6809  grad_norm=1.1564  logits_sample=[-0.11921698600053787, 0.08192936331033707]  preds=[1, 0, 1, 0, 1, 1, 1, 1, 1, 1, 1, 1, 1, 1, 1, 1]  labels=[0, 0, 1, 0, 0, 0, 1, 0, 1, 0, 1, 1, 1, 0, 0, 1]
Epoch   1/20  tr_loss=0.6877  tr_f1=0.5137  va_loss=0.6869  va_f1=0.5808  va_acc=0.5887  lr_enc=1.99e-06  lr_cls=1.99e-05  time=3s (0.05s/batch)
         train preds: {1: 226, 0: 542}  |  val preds: {1: 66, 0: 58}
  ✓ New best val F1=0.5808 — saved /home3/iasarantsev/text/weights/distilbert_bah_best.pth
Epoch   2/20  tr_loss=0.6691  tr_f1=0.5670  va_loss=0.6591  va_f1=0.5871  va_acc=0.6774  lr_enc=1.96e-06  lr_cls=1.95e-05  time=2s (0.02s/batch)
         train preds: {1: 577, 0: 191}  |  val preds: {1: 107, 0: 17}
  ✓ New best val F1=0.5871 — saved /home3/iasarantsev/text/weights/distilbert_bah_best.pth
Epoch   3/20  tr_loss=0.6420  tr_f1=0.6659  va_loss=0.6678  va_f1=0.5752  va_acc=0.5806  lr_enc=1.90e-06  lr_cls=1.89e-05  time=2s (0.02s/batch)
         train preds: {1: 461, 0: 307}  |  val preds: {1: 63, 0: 61}
  ✗ No improvement (1/5)
Epoch   4/20  tr_loss=0.6286  tr_f1=0.6363  va_loss=0.6580  va_f1=0.5788  va_acc=0.5887  lr_enc=1.83e-06  lr_cls=1.81e-05  time=2s (0.02s/batch)
         train preds: {1: 468, 0: 300}  |  val preds: {1: 68, 0: 56}
  ✗ No improvement (2/5)
Epoch   5/20  tr_loss=0.6022  tr_f1=0.6875  va_loss=0.6787  va_f1=0.5712  va_acc=0.5726  lr_enc=1.74e-06  lr_cls=1.71e-05  time=2s (0.02s/batch)
         train preds: {0: 324, 1: 444}  |  val preds: {1: 56, 0: 68}
  ✗ No improvement (3/5)
Epoch   6/20  tr_loss=0.5880  tr_f1=0.6870  va_loss=0.6497  va_f1=0.6098  va_acc=0.6210  lr_enc=1.63e-06  lr_cls=1.59e-05  time=2s (0.02s/batch)
         train preds: {0: 320, 1: 448}  |  val preds: {1: 70, 0: 54}
  ✓ New best val F1=0.6098 — saved /home3/iasarantsev/text/weights/distilbert_bah_best.pth
Epoch   7/20  tr_loss=0.5618  tr_f1=0.6923  va_loss=0.6458  va_f1=0.6098  va_acc=0.6210  lr_enc=1.51e-06  lr_cls=1.46e-05  time=2s (0.02s/batch)
         train preds: {1: 460, 0: 308}  |  val preds: {1: 70, 0: 54}
  ✗ No improvement (1/5)
Epoch   8/20  tr_loss=0.5389  tr_f1=0.7380  va_loss=0.6607  va_f1=0.6046  va_acc=0.6129  lr_enc=1.38e-06  lr_cls=1.32e-05  time=2s (0.02s/batch)
         train preds: {0: 325, 1: 443}  |  val preds: {1: 67, 0: 57}
  ✗ No improvement (2/5)
Epoch   9/20  tr_loss=0.5388  tr_f1=0.7133  va_loss=0.6610  va_f1=0.5899  va_acc=0.5968  lr_enc=1.24e-06  lr_cls=1.16e-05  time=2s (0.02s/batch)
         train preds: {1: 417, 0: 351}  |  val preds: {1: 65, 0: 59}
  ✗ No improvement (3/5)
Epoch  10/20  tr_loss=0.5295  tr_f1=0.7295  va_loss=0.6606  va_f1=0.5808  va_acc=0.5887  lr_enc=1.10e-06  lr_cls=1.01e-05  time=2s (0.02s/batch)
         train preds: {1: 427, 0: 341}  |  val preds: {1: 66, 0: 58}
  ✗ No improvement (4/5)
Epoch  11/20  tr_loss=0.5383  tr_f1=0.7185  va_loss=0.6583  va_f1=0.5881  va_acc=0.5968  lr_enc=9.59e-07  lr_cls=8.55e-06  time=2s (0.02s/batch)
         train preds: {0: 331, 1: 437}  |  val preds: {1: 67, 0: 57}
  ✗ No improvement (5/5)
  ⛔ Early stopping at epoch 11

======================================================================
Training done in 0.4 min. Best val F1 = 0.6098
======================================================================
Training curves saved → /home3/iasarantsev/text/weights/distilbert_training_curves.png

[Test] Loading best checkpoint and evaluating ...

======================================================================
Test Results — DistilBERT (distilbert-base-uncased)
======================================================================
[Test] Label distribution : {0: 207, 1: 318}
[Test] Prediction dist.  : {0: 190, 1: 335}
[Test] Macro-F1  : 0.6780
[Test] Accuracy  : 0.6971

              precision    recall  f1-score   support

      No A-H     0.6263    0.5749    0.5995       207
    With A-H     0.7373    0.7767    0.7565       318

    accuracy                         0.6971       525
   macro avg     0.6818    0.6758    0.6780       525
weighted avg     0.6935    0.6971    0.6946       525


======================================================================
DistilBERT Training Summary
======================================================================
  Model           : distilbert-base-uncased
  Frozen layers   : 4/6
  Trainable params: 14,767,874 / 66,955,010
  Best val F1     : 0.6098
  Test F1         : 0.6780
  Test accuracy   : 0.6971
  Training time   : 0.4 min
  Weights saved   : /home3/iasarantsev/text/weights/distilbert_bah_best.pth
  Curves saved    : /home3/iasarantsev/text/weights/distilbert_training_curves.png
======================================================================
