/home3/iasarantsev
Looking in indexes: https://pypi.org/simple, https://download.pytorch.org/whl/cu124
Requirement already satisfied: torch==2.6.0 in /home3/iasarantsev/lib/python3.12/site-packages (from -r /home3/iasarantsev/requirements.txt (line 4)) (2.6.0+cu124)
Requirement already satisfied: torchvision==0.21.0 in /home3/iasarantsev/lib/python3.12/site-packages (from -r /home3/iasarantsev/requirements.txt (line 5)) (0.21.0+cu124)
Requirement already satisfied: pytorch-lightning==2.6.1 in /home3/iasarantsev/lib/python3.12/site-packages (from -r /home3/iasarantsev/requirements.txt (line 6)) (2.6.1)
Requirement already satisfied: transformers==4.52.4 in /home3/iasarantsev/lib/python3.12/site-packages (from -r /home3/iasarantsev/requirements.txt (line 9)) (4.52.4)
Requirement already satisfied: huggingface-hub==0.34.4 in /home3/iasarantsev/lib/python3.12/site-packages (from -r /home3/iasarantsev/requirements.txt (line 10)) (0.34.4)
Requirement already satisfied: tokenizers==0.21.2 in /home3/iasarantsev/lib/python3.12/site-packages (from -r /home3/iasarantsev/requirements.txt (line 11)) (0.21.2)
Requirement already satisfied: safetensors==0.6.2 in /home3/iasarantsev/lib/python3.12/site-packages (from -r /home3/iasarantsev/requirements.txt (line 12)) (0.6.2)
Requirement already satisfied: sentencepiece==0.2.0 in /home3/iasarantsev/lib/python3.12/site-packages (from -r /home3/iasarantsev/requirements.txt (line 13)) (0.2.0)
Requirement already satisfied: numpy==1.26.4 in /home3/iasarantsev/lib/python3.12/site-packages (from -r /home3/iasarantsev/requirements.txt (line 16)) (1.26.4)
Requirement already satisfied: scipy==1.16.1 in /home3/iasarantsev/lib/python3.12/site-packages (from -r /home3/iasarantsev/requirements.txt (line 17)) (1.16.1)
Requirement already satisfied: scikit-learn==1.6.1 in /home3/iasarantsev/lib/python3.12/site-packages (from -r /home3/iasarantsev/requirements.txt (line 18)) (1.6.1)
Requirement already satisfied: pandas==2.3.0 in /home3/iasarantsev/lib/python3.12/site-packages (from -r /home3/iasarantsev/requirements.txt (line 19)) (2.3.0)
Requirement already satisfied: seaborn==0.13.2 in /home3/iasarantsev/lib/python3.12/site-packages (from -r /home3/iasarantsev/requirements.txt (line 20)) (0.13.2)
Requirement already satisfied: opencv-python==4.11.0.86 in /home3/iasarantsev/lib/python3.12/site-packages (from -r /home3/iasarantsev/requirements.txt (line 23)) (4.11.0.86)
Requirement already satisfied: opencv-contrib-python==4.11.0.86 in /home3/iasarantsev/lib/python3.12/site-packages (from -r /home3/iasarantsev/requirements.txt (line 24)) (4.11.0.86)
Requirement already satisfied: tqdm==4.67.1 in /home3/iasarantsev/lib/python3.12/site-packages (from -r /home3/iasarantsev/requirements.txt (line 27)) (4.67.1)
Requirement already satisfied: colorlog==6.9.0 in /home3/iasarantsev/lib/python3.12/site-packages (from -r /home3/iasarantsev/requirements.txt (line 28)) (6.9.0)
Requirement already satisfied: python-json-logger==3.3.0 in /home3/iasarantsev/lib/python3.12/site-packages (from -r /home3/iasarantsev/requirements.txt (line 29)) (3.3.0)
Requirement already satisfied: requests==2.32.3 in /home3/iasarantsev/lib/python3.12/site-packages (from -r /home3/iasarantsev/requirements.txt (line 32)) (2.32.3)
Requirement already satisfied: PyYAML==6.0.2 in /home3/iasarantsev/lib/python3.12/site-packages (from -r /home3/iasarantsev/requirements.txt (line 35)) (6.0.2)
Requirement already satisfied: toml==0.10.2 in /home3/iasarantsev/lib/python3.12/site-packages (from -r /home3/iasarantsev/requirements.txt (line 36)) (0.10.2)
Requirement already satisfied: python-dotenv==1.0.1 in /home3/iasarantsev/lib/python3.12/site-packages (from -r /home3/iasarantsev/requirements.txt (line 37)) (1.0.1)
Requirement already satisfied: ultralytics==8.3.177 in /home3/iasarantsev/lib/python3.12/site-packages (from -r /home3/iasarantsev/requirements.txt (line 40)) (8.3.177)
Requirement already satisfied: ultralytics-thop==2.0.15 in /home3/iasarantsev/lib/python3.12/site-packages (from -r /home3/iasarantsev/requirements.txt (line 41)) (2.0.15)
Requirement already satisfied: optuna==4.7.0 in /home3/iasarantsev/lib/python3.12/site-packages (from -r /home3/iasarantsev/requirements.txt (line 44)) (4.7.0)
Requirement already satisfied: librosa==0.10.2.post1 in /home3/iasarantsev/lib/python3.12/site-packages (from -r /home3/iasarantsev/requirements.txt (line 47)) (0.10.2.post1)
Requirement already satisfied: catboost==1.2.8 in /home3/iasarantsev/lib/python3.12/site-packages (from -r /home3/iasarantsev/requirements.txt (line 50)) (1.2.8)
Requirement already satisfied: vit-pytorch==1.19.4 in /home3/iasarantsev/lib/python3.12/site-packages (from -r /home3/iasarantsev/requirements.txt (line 53)) (1.19.4)
Requirement already satisfied: filelock in /home3/iasarantsev/lib/python3.12/site-packages (from torch==2.6.0->-r /home3/iasarantsev/requirements.txt (line 4)) (3.25.2)
Requirement already satisfied: typing-extensions>=4.10.0 in /home3/iasarantsev/lib/python3.12/site-packages (from torch==2.6.0->-r /home3/iasarantsev/requirements.txt (line 4)) (4.15.0)
Requirement already satisfied: networkx in /home3/iasarantsev/lib/python3.12/site-packages (from torch==2.6.0->-r /home3/iasarantsev/requirements.txt (line 4)) (3.6.1)
Requirement already satisfied: jinja2 in /home3/iasarantsev/lib/python3.12/site-packages (from torch==2.6.0->-r /home3/iasarantsev/requirements.txt (line 4)) (3.1.6)
Requirement already satisfied: fsspec in /home3/iasarantsev/lib/python3.12/site-packages (from torch==2.6.0->-r /home3/iasarantsev/requirements.txt (line 4)) (2026.3.0)
Requirement already satisfied: nvidia-cuda-nvrtc-cu12==12.4.127 in /home3/iasarantsev/lib/python3.12/site-packages (from torch==2.6.0->-r /home3/iasarantsev/requirements.txt (line 4)) (12.4.127)
Requirement already satisfied: nvidia-cuda-runtime-cu12==12.4.127 in /home3/iasarantsev/lib/python3.12/site-packages (from torch==2.6.0->-r /home3/iasarantsev/requirements.txt (line 4)) (12.4.127)
Requirement already satisfied: nvidia-cuda-cupti-cu12==12.4.127 in /home3/iasarantsev/lib/python3.12/site-packages (from torch==2.6.0->-r /home3/iasarantsev/requirements.txt (line 4)) (12.4.127)
Requirement already satisfied: nvidia-cudnn-cu12==9.1.0.70 in /home3/iasarantsev/lib/python3.12/site-packages (from torch==2.6.0->-r /home3/iasarantsev/requirements.txt (line 4)) (9.1.0.70)
Requirement already satisfied: nvidia-cublas-cu12==12.4.5.8 in /home3/iasarantsev/lib/python3.12/site-packages (from torch==2.6.0->-r /home3/iasarantsev/requirements.txt (line 4)) (12.4.5.8)
Requirement already satisfied: nvidia-cufft-cu12==11.2.1.3 in /home3/iasarantsev/lib/python3.12/site-packages (from torch==2.6.0->-r /home3/iasarantsev/requirements.txt (line 4)) (11.2.1.3)
Requirement already satisfied: nvidia-curand-cu12==10.3.5.147 in /home3/iasarantsev/lib/python3.12/site-packages (from torch==2.6.0->-r /home3/iasarantsev/requirements.txt (line 4)) (10.3.5.147)
Requirement already satisfied: nvidia-cusolver-cu12==11.6.1.9 in /home3/iasarantsev/lib/python3.12/site-packages (from torch==2.6.0->-r /home3/iasarantsev/requirements.txt (line 4)) (11.6.1.9)
Requirement already satisfied: nvidia-cusparse-cu12==12.3.1.170 in /home3/iasarantsev/lib/python3.12/site-packages (from torch==2.6.0->-r /home3/iasarantsev/requirements.txt (line 4)) (12.3.1.170)
Requirement already satisfied: nvidia-cusparselt-cu12==0.6.2 in /home3/iasarantsev/lib/python3.12/site-packages (from torch==2.6.0->-r /home3/iasarantsev/requirements.txt (line 4)) (0.6.2)
Requirement already satisfied: nvidia-nccl-cu12==2.21.5 in /home3/iasarantsev/lib/python3.12/site-packages (from torch==2.6.0->-r /home3/iasarantsev/requirements.txt (line 4)) (2.21.5)
Requirement already satisfied: nvidia-nvtx-cu12==12.4.127 in /home3/iasarantsev/lib/python3.12/site-packages (from torch==2.6.0->-r /home3/iasarantsev/requirements.txt (line 4)) (12.4.127)
Requirement already satisfied: nvidia-nvjitlink-cu12==12.4.127 in /home3/iasarantsev/lib/python3.12/site-packages (from torch==2.6.0->-r /home3/iasarantsev/requirements.txt (line 4)) (12.4.127)
Requirement already satisfied: triton==3.2.0 in /home3/iasarantsev/lib/python3.12/site-packages (from torch==2.6.0->-r /home3/iasarantsev/requirements.txt (line 4)) (3.2.0)
Requirement already satisfied: setuptools in /home3/iasarantsev/lib/python3.12/site-packages (from torch==2.6.0->-r /home3/iasarantsev/requirements.txt (line 4)) (82.0.1)
Requirement already satisfied: sympy==1.13.1 in /home3/iasarantsev/lib/python3.12/site-packages (from torch==2.6.0->-r /home3/iasarantsev/requirements.txt (line 4)) (1.13.1)
Requirement already satisfied: pillow!=8.3.*,>=5.3.0 in /home3/iasarantsev/lib/python3.12/site-packages (from torchvision==0.21.0->-r /home3/iasarantsev/requirements.txt (line 5)) (12.2.0)
Requirement already satisfied: torchmetrics>0.7.0 in /home3/iasarantsev/lib/python3.12/site-packages (from pytorch-lightning==2.6.1->-r /home3/iasarantsev/requirements.txt (line 6)) (1.9.0)
Requirement already satisfied: packaging>=23.0 in /home3/iasarantsev/lib/python3.12/site-packages (from pytorch-lightning==2.6.1->-r /home3/iasarantsev/requirements.txt (line 6)) (26.0)
Requirement already satisfied: lightning-utilities>=0.10.0 in /home3/iasarantsev/lib/python3.12/site-packages (from pytorch-lightning==2.6.1->-r /home3/iasarantsev/requirements.txt (line 6)) (0.15.3)
Requirement already satisfied: regex!=2019.12.17 in /home3/iasarantsev/lib/python3.12/site-packages (from transformers==4.52.4->-r /home3/iasarantsev/requirements.txt (line 9)) (2026.4.4)
Requirement already satisfied: hf-xet<2.0.0,>=1.1.3 in /home3/iasarantsev/lib/python3.12/site-packages (from huggingface-hub==0.34.4->-r /home3/iasarantsev/requirements.txt (line 10)) (1.4.3)
Requirement already satisfied: joblib>=1.2.0 in /home3/iasarantsev/lib/python3.12/site-packages (from scikit-learn==1.6.1->-r /home3/iasarantsev/requirements.txt (line 18)) (1.5.3)
Requirement already satisfied: threadpoolctl>=3.1.0 in /home3/iasarantsev/lib/python3.12/site-packages (from scikit-learn==1.6.1->-r /home3/iasarantsev/requirements.txt (line 18)) (3.6.0)
Requirement already satisfied: python-dateutil>=2.8.2 in /home3/iasarantsev/lib/python3.12/site-packages (from pandas==2.3.0->-r /home3/iasarantsev/requirements.txt (line 19)) (2.9.0.post0)
Requirement already satisfied: pytz>=2020.1 in /home3/iasarantsev/lib/python3.12/site-packages (from pandas==2.3.0->-r /home3/iasarantsev/requirements.txt (line 19)) (2026.1.post1)
Requirement already satisfied: tzdata>=2022.7 in /home3/iasarantsev/lib/python3.12/site-packages (from pandas==2.3.0->-r /home3/iasarantsev/requirements.txt (line 19)) (2026.1)
Requirement already satisfied: matplotlib!=3.6.1,>=3.4 in /home3/iasarantsev/lib/python3.12/site-packages (from seaborn==0.13.2->-r /home3/iasarantsev/requirements.txt (line 20)) (3.10.8)
Requirement already satisfied: charset-normalizer<4,>=2 in /home3/iasarantsev/lib/python3.12/site-packages (from requests==2.32.3->-r /home3/iasarantsev/requirements.txt (line 32)) (3.4.7)
Requirement already satisfied: idna<4,>=2.5 in /home3/iasarantsev/lib/python3.12/site-packages (from requests==2.32.3->-r /home3/iasarantsev/requirements.txt (line 32)) (3.11)
Requirement already satisfied: urllib3<3,>=1.21.1 in /home3/iasarantsev/lib/python3.12/site-packages (from requests==2.32.3->-r /home3/iasarantsev/requirements.txt (line 32)) (2.6.3)
Requirement already satisfied: certifi>=2017.4.17 in /home3/iasarantsev/lib/python3.12/site-packages (from requests==2.32.3->-r /home3/iasarantsev/requirements.txt (line 32)) (2026.2.25)
Requirement already satisfied: psutil in /home3/iasarantsev/lib/python3.12/site-packages (from ultralytics==8.3.177->-r /home3/iasarantsev/requirements.txt (line 40)) (7.2.2)
Requirement already satisfied: py-cpuinfo in /home3/iasarantsev/lib/python3.12/site-packages (from ultralytics==8.3.177->-r /home3/iasarantsev/requirements.txt (line 40)) (9.0.0)
Requirement already satisfied: alembic>=1.5.0 in /home3/iasarantsev/lib/python3.12/site-packages (from optuna==4.7.0->-r /home3/iasarantsev/requirements.txt (line 44)) (1.18.4)
Requirement already satisfied: sqlalchemy>=1.4.2 in /home3/iasarantsev/lib/python3.12/site-packages (from optuna==4.7.0->-r /home3/iasarantsev/requirements.txt (line 44)) (2.0.49)
Requirement already satisfied: audioread>=2.1.9 in /home3/iasarantsev/lib/python3.12/site-packages (from librosa==0.10.2.post1->-r /home3/iasarantsev/requirements.txt (line 47)) (3.1.0)
Requirement already satisfied: decorator>=4.3.0 in /home3/iasarantsev/lib/python3.12/site-packages (from librosa==0.10.2.post1->-r /home3/iasarantsev/requirements.txt (line 47)) (5.2.1)
Requirement already satisfied: numba>=0.51.0 in /home3/iasarantsev/lib/python3.12/site-packages (from librosa==0.10.2.post1->-r /home3/iasarantsev/requirements.txt (line 47)) (0.65.0)
Requirement already satisfied: soundfile>=0.12.1 in /home3/iasarantsev/lib/python3.12/site-packages (from librosa==0.10.2.post1->-r /home3/iasarantsev/requirements.txt (line 47)) (0.13.1)
Requirement already satisfied: pooch>=1.1 in /home3/iasarantsev/lib/python3.12/site-packages (from librosa==0.10.2.post1->-r /home3/iasarantsev/requirements.txt (line 47)) (1.9.0)
Requirement already satisfied: soxr>=0.3.2 in /home3/iasarantsev/lib/python3.12/site-packages (from librosa==0.10.2.post1->-r /home3/iasarantsev/requirements.txt (line 47)) (1.0.0)
Requirement already satisfied: lazy-loader>=0.1 in /home3/iasarantsev/lib/python3.12/site-packages (from librosa==0.10.2.post1->-r /home3/iasarantsev/requirements.txt (line 47)) (0.5)
Requirement already satisfied: msgpack>=1.0 in /home3/iasarantsev/lib/python3.12/site-packages (from librosa==0.10.2.post1->-r /home3/iasarantsev/requirements.txt (line 47)) (1.1.2)
Requirement already satisfied: graphviz in /home3/iasarantsev/lib/python3.12/site-packages (from catboost==1.2.8->-r /home3/iasarantsev/requirements.txt (line 50)) (0.21)
Requirement already satisfied: plotly in /home3/iasarantsev/lib/python3.12/site-packages (from catboost==1.2.8->-r /home3/iasarantsev/requirements.txt (line 50)) (6.7.0)
Requirement already satisfied: six in /home3/iasarantsev/lib/python3.12/site-packages (from catboost==1.2.8->-r /home3/iasarantsev/requirements.txt (line 50)) (1.17.0)
Requirement already satisfied: einops>=0.8.2 in /home3/iasarantsev/lib/python3.12/site-packages (from vit-pytorch==1.19.4->-r /home3/iasarantsev/requirements.txt (line 53)) (0.8.2)
Requirement already satisfied: mpmath<1.4,>=1.1.0 in /home3/iasarantsev/lib/python3.12/site-packages (from sympy==1.13.1->torch==2.6.0->-r /home3/iasarantsev/requirements.txt (line 4)) (1.3.0)
Requirement already satisfied: Mako in /home3/iasarantsev/lib/python3.12/site-packages (from alembic>=1.5.0->optuna==4.7.0->-r /home3/iasarantsev/requirements.txt (line 44)) (1.3.10)
Requirement already satisfied: aiohttp!=4.0.0a0,!=4.0.0a1 in /home3/iasarantsev/lib/python3.12/site-packages (from fsspec[http]>=2022.5.0->pytorch-lightning==2.6.1->-r /home3/iasarantsev/requirements.txt (line 6)) (3.13.5)
Requirement already satisfied: contourpy>=1.0.1 in /home3/iasarantsev/lib/python3.12/site-packages (from matplotlib!=3.6.1,>=3.4->seaborn==0.13.2->-r /home3/iasarantsev/requirements.txt (line 20)) (1.3.3)
Requirement already satisfied: cycler>=0.10 in /home3/iasarantsev/lib/python3.12/site-packages (from matplotlib!=3.6.1,>=3.4->seaborn==0.13.2->-r /home3/iasarantsev/requirements.txt (line 20)) (0.12.1)
Requirement already satisfied: fonttools>=4.22.0 in /home3/iasarantsev/lib/python3.12/site-packages (from matplotlib!=3.6.1,>=3.4->seaborn==0.13.2->-r /home3/iasarantsev/requirements.txt (line 20)) (4.62.1)
Requirement already satisfied: kiwisolver>=1.3.1 in /home3/iasarantsev/lib/python3.12/site-packages (from matplotlib!=3.6.1,>=3.4->seaborn==0.13.2->-r /home3/iasarantsev/requirements.txt (line 20)) (1.5.0)
Requirement already satisfied: pyparsing>=3 in /home3/iasarantsev/lib/python3.12/site-packages (from matplotlib!=3.6.1,>=3.4->seaborn==0.13.2->-r /home3/iasarantsev/requirements.txt (line 20)) (3.3.2)
Requirement already satisfied: llvmlite<0.48,>=0.47.0dev0 in /home3/iasarantsev/lib/python3.12/site-packages (from numba>=0.51.0->librosa==0.10.2.post1->-r /home3/iasarantsev/requirements.txt (line 47)) (0.47.0)
Requirement already satisfied: platformdirs>=2.5.0 in /home3/iasarantsev/lib/python3.12/site-packages (from pooch>=1.1->librosa==0.10.2.post1->-r /home3/iasarantsev/requirements.txt (line 47)) (4.9.6)
Requirement already satisfied: cffi>=1.0 in /home3/iasarantsev/lib/python3.12/site-packages (from soundfile>=0.12.1->librosa==0.10.2.post1->-r /home3/iasarantsev/requirements.txt (line 47)) (2.0.0)
Requirement already satisfied: greenlet>=1 in /home3/iasarantsev/lib/python3.12/site-packages (from sqlalchemy>=1.4.2->optuna==4.7.0->-r /home3/iasarantsev/requirements.txt (line 44)) (3.4.0)
Requirement already satisfied: MarkupSafe>=2.0 in /home3/iasarantsev/lib/python3.12/site-packages (from jinja2->torch==2.6.0->-r /home3/iasarantsev/requirements.txt (line 4)) (3.0.3)
Requirement already satisfied: narwhals>=1.15.1 in /home3/iasarantsev/lib/python3.12/site-packages (from plotly->catboost==1.2.8->-r /home3/iasarantsev/requirements.txt (line 50)) (2.19.0)
Requirement already satisfied: aiohappyeyeballs>=2.5.0 in /home3/iasarantsev/lib/python3.12/site-packages (from aiohttp!=4.0.0a0,!=4.0.0a1->fsspec[http]>=2022.5.0->pytorch-lightning==2.6.1->-r /home3/iasarantsev/requirements.txt (line 6)) (2.6.1)
Requirement already satisfied: aiosignal>=1.4.0 in /home3/iasarantsev/lib/python3.12/site-packages (from aiohttp!=4.0.0a0,!=4.0.0a1->fsspec[http]>=2022.5.0->pytorch-lightning==2.6.1->-r /home3/iasarantsev/requirements.txt (line 6)) (1.4.0)
Requirement already satisfied: attrs>=17.3.0 in /home3/iasarantsev/lib/python3.12/site-packages (from aiohttp!=4.0.0a0,!=4.0.0a1->fsspec[http]>=2022.5.0->pytorch-lightning==2.6.1->-r /home3/iasarantsev/requirements.txt (line 6)) (26.1.0)
Requirement already satisfied: frozenlist>=1.1.1 in /home3/iasarantsev/lib/python3.12/site-packages (from aiohttp!=4.0.0a0,!=4.0.0a1->fsspec[http]>=2022.5.0->pytorch-lightning==2.6.1->-r /home3/iasarantsev/requirements.txt (line 6)) (1.8.0)
Requirement already satisfied: multidict<7.0,>=4.5 in /home3/iasarantsev/lib/python3.12/site-packages (from aiohttp!=4.0.0a0,!=4.0.0a1->fsspec[http]>=2022.5.0->pytorch-lightning==2.6.1->-r /home3/iasarantsev/requirements.txt (line 6)) (6.7.1)
Requirement already satisfied: propcache>=0.2.0 in /home3/iasarantsev/lib/python3.12/site-packages (from aiohttp!=4.0.0a0,!=4.0.0a1->fsspec[http]>=2022.5.0->pytorch-lightning==2.6.1->-r /home3/iasarantsev/requirements.txt (line 6)) (0.4.1)
Requirement already satisfied: yarl<2.0,>=1.17.0 in /home3/iasarantsev/lib/python3.12/site-packages (from aiohttp!=4.0.0a0,!=4.0.0a1->fsspec[http]>=2022.5.0->pytorch-lightning==2.6.1->-r /home3/iasarantsev/requirements.txt (line 6)) (1.23.0)
Requirement already satisfied: pycparser in /home3/iasarantsev/lib/python3.12/site-packages (from cffi>=1.0->soundfile>=0.12.1->librosa==0.10.2.post1->-r /home3/iasarantsev/requirements.txt (line 47)) (3.0)
======================================================================
DistilBERT Training Pipeline — BAH A/H Text Classification
======================================================================
Device        : cuda
Model         : distilbert-base-uncased
Max length    : 128 tokens
Freeze layers : 4
Batch size    : 16
Epochs        : 20
LR            : 2e-05  (encoder: 2.0000000000000003e-06)
Weight decay  : 0.01
Patience      : 5
Grad clip     : 1.0
Seed          : 42
Weights path  : /home3/iasarantsev/text/weights/distilbert_bah_best.pth
======================================================================

[Tokenizer] Loading AutoTokenizer from distilbert-base-uncased ...
  Vocab size     : 30,522
  Model max len  : 512
  Padding token  : [PAD]
  Using max_len  : 128

[Dataset] Loading text splits ...
TextDataset [train]: 778 samples loaded
TextDataset [val]: 124 samples loaded
TextDataset [test]: 525 samples loaded
[Dataset] Loaded in 0.0s
  [train]    778 samples  |  No A-H: 393  With A-H: 385  (49.5% positive)  |  words: avg=58, min=1, max=234
  [val  ]    124 samples  |  No A-H: 49  With A-H: 75  (60.5% positive)  |  words: avg=58, min=1, max=195
  [test ]    525 samples  |  No A-H: 207  With A-H: 318  (60.6% positive)  |  words: avg=61, min=1, max=278

[Sanity] Loading single sample from train dataset ...
  Label           : 0
  Encoded keys    : ['input_ids', 'attention_mask']
  input_ids        : shape=torch.Size([128]), dtype=torch.int64
  attention_mask   : shape=torch.Size([128]), dtype=torch.int64
  Decoded text    : my hobby is traveling. i like to visit different places, different countries, different tourist attractions. even though...
  Active tokens   : 128/128

[Sampler] Class counts — No A-H: 393  |  With A-H: 385
[Sampler] Class weights — No A-H: 0.002545  |  With A-H: 0.002597
[Loss]   Normalised weights → [0.4949, 0.5051]

[DataLoader] Train: 778 samples  |  Val: 124  |  Test: 525
[DataLoader] Train batches: 48  |  Val: 8  |  Test: 33

[Probe] Fetching first train batch ...
  input_ids        : shape=torch.Size([16, 128]), dtype=torch.int64
  attention_mask   : shape=torch.Size([16, 128]), dtype=torch.int64
  labels       : [0, 0, 0, 1, 1, 0, 1, 1, 0, 0, 0, 1, 0, 0, 0, 0]
  batch time   : 0.01s

[Model] Loading DistilBertForSequenceClassification from distilbert-base-uncased ...
[Model] DistilBERT transformer has 6 layers
[Model] Freezing: embeddings + first 4/6 transformer layers
[Model] Trainable: last 2 transformer layers + pre_classifier + classifier head
[Model] Parameters: 14,767,874 trainable  |  52,187,136 frozen  |  66,955,010 total  (22.1% trainable)

[Model] Architecture summary:
  Hidden size    : 768
  Num heads      : 12
  Num layers     : 6
  Dropout        : 0.1
  Attn dropout   : 0.1
  Max position   : 512

[Optimizer] AdamW with differential LRs:
  Encoder params  : 32 tensors, lr=2.00e-06
  Classifier params: 4 tensors, lr=2.00e-05
  Weight decay    : 0.01
[Scheduler] CosineAnnealingLR, T_max=20, eta_min=2.00e-07

======================================================================
Starting training ...
======================================================================

  [Epoch 1, Batch 0] loss=0.6809  grad_norm=1.1564  logits_sample=[-0.11921698600053787, 0.08192936331033707]  preds=[1, 0, 1, 0, 1, 1, 1, 1, 1, 1, 1, 1, 1, 1, 1, 1]  labels=[0, 0, 1, 0, 0, 0, 1, 0, 1, 0, 1, 1, 1, 0, 0, 1]
Epoch   1/20  tr_loss=0.6877  tr_f1=0.5137  va_loss=0.6869  va_f1=0.5808  va_acc=0.5887  lr_enc=1.99e-06  lr_cls=1.99e-05  time=2s (0.03s/batch)
         train preds: {1: 226, 0: 542}  |  val preds: {1: 66, 0: 58}
  ✓ New best val F1=0.5808 — saved /home3/iasarantsev/text/weights/distilbert_bah_best.pth
Epoch   2/20  tr_loss=0.6691  tr_f1=0.5670  va_loss=0.6591  va_f1=0.5871  va_acc=0.6774  lr_enc=1.96e-06  lr_cls=1.95e-05  time=2s (0.02s/batch)
         train preds: {1: 577, 0: 191}  |  val preds: {1: 107, 0: 17}
  ✓ New best val F1=0.5871 — saved /home3/iasarantsev/text/weights/distilbert_bah_best.pth
Epoch   3/20  tr_loss=0.6420  tr_f1=0.6659  va_loss=0.6678  va_f1=0.5752  va_acc=0.5806  lr_enc=1.90e-06  lr_cls=1.89e-05  time=2s (0.02s/batch)
         train preds: {1: 461, 0: 307}  |  val preds: {1: 63, 0: 61}
  ✗ No improvement (1/5)
Epoch   4/20  tr_loss=0.6286  tr_f1=0.6363  va_loss=0.6580  va_f1=0.5788  va_acc=0.5887  lr_enc=1.83e-06  lr_cls=1.81e-05  time=2s (0.02s/batch)
         train preds: {1: 468, 0: 300}  |  val preds: {1: 68, 0: 56}
  ✗ No improvement (2/5)
Epoch   5/20  tr_loss=0.6022  tr_f1=0.6875  va_loss=0.6787  va_f1=0.5712  va_acc=0.5726  lr_enc=1.74e-06  lr_cls=1.71e-05  time=2s (0.02s/batch)
         train preds: {0: 324, 1: 444}  |  val preds: {1: 56, 0: 68}
  ✗ No improvement (3/5)
Epoch   6/20  tr_loss=0.5880  tr_f1=0.6870  va_loss=0.6497  va_f1=0.6098  va_acc=0.6210  lr_enc=1.63e-06  lr_cls=1.59e-05  time=2s (0.02s/batch)
         train preds: {0: 320, 1: 448}  |  val preds: {1: 70, 0: 54}
  ✓ New best val F1=0.6098 — saved /home3/iasarantsev/text/weights/distilbert_bah_best.pth
Epoch   7/20  tr_loss=0.5618  tr_f1=0.6923  va_loss=0.6458  va_f1=0.6098  va_acc=0.6210  lr_enc=1.51e-06  lr_cls=1.46e-05  time=2s (0.02s/batch)
         train preds: {1: 460, 0: 308}  |  val preds: {1: 70, 0: 54}
  ✗ No improvement (1/5)
Epoch   8/20  tr_loss=0.5389  tr_f1=0.7380  va_loss=0.6607  va_f1=0.6046  va_acc=0.6129  lr_enc=1.38e-06  lr_cls=1.32e-05  time=2s (0.02s/batch)
         train preds: {0: 325, 1: 443}  |  val preds: {1: 67, 0: 57}
  ✗ No improvement (2/5)
Epoch   9/20  tr_loss=0.5388  tr_f1=0.7133  va_loss=0.6610  va_f1=0.5899  va_acc=0.5968  lr_enc=1.24e-06  lr_cls=1.16e-05  time=2s (0.02s/batch)
         train preds: {1: 417, 0: 351}  |  val preds: {1: 65, 0: 59}
  ✗ No improvement (3/5)
Epoch  10/20  tr_loss=0.5295  tr_f1=0.7295  va_loss=0.6606  va_f1=0.5808  va_acc=0.5887  lr_enc=1.10e-06  lr_cls=1.01e-05  time=2s (0.02s/batch)
         train preds: {1: 427, 0: 341}  |  val preds: {1: 66, 0: 58}
  ✗ No improvement (4/5)
Epoch  11/20  tr_loss=0.5383  tr_f1=0.7185  va_loss=0.6583  va_f1=0.5881  va_acc=0.5968  lr_enc=9.59e-07  lr_cls=8.55e-06  time=2s (0.02s/batch)
         train preds: {0: 331, 1: 437}  |  val preds: {1: 67, 0: 57}
  ✗ No improvement (5/5)
  ⛔ Early stopping at epoch 11

======================================================================
Training done in 0.3 min. Best val F1 = 0.6098
======================================================================
Training curves saved → /home3/iasarantsev/text/weights/distilbert_training_curves.png

[Test] Loading best checkpoint and evaluating ...

======================================================================
Test Results — DistilBERT (distilbert-base-uncased)
======================================================================
[Test] Label distribution : {0: 207, 1: 318}
[Test] Prediction dist.  : {0: 190, 1: 335}
[Test] Macro-F1  : 0.6780
[Test] Accuracy  : 0.6971

              precision    recall  f1-score   support

      No A-H     0.6263    0.5749    0.5995       207
    With A-H     0.7373    0.7767    0.7565       318

    accuracy                         0.6971       525
   macro avg     0.6818    0.6758    0.6780       525
weighted avg     0.6935    0.6971    0.6946       525


======================================================================
DistilBERT Training Summary
======================================================================
  Model           : distilbert-base-uncased
  Frozen layers   : 4/6
  Trainable params: 14,767,874 / 66,955,010
  Best val F1     : 0.6098
  Test F1         : 0.6780
  Test accuracy   : 0.6971
  Training time   : 0.3 min
  Weights saved   : /home3/iasarantsev/text/weights/distilbert_bah_best.pth
  Curves saved    : /home3/iasarantsev/text/weights/distilbert_training_curves.png
======================================================================
