/home3/iasarantsev
======================================================================
DistilBERT Training Pipeline — BAH A/H Text Classification
======================================================================
Device        : cpu
Model         : distilbert-base-uncased
Max length    : 128 tokens
Freeze layers : 4
Batch size    : 16
Epochs        : 20
LR            : 2e-05  (encoder: 2.0000000000000003e-06)
Weight decay  : 0.01
Patience      : 5
Grad clip     : 1.0
Seed          : 42
Weights path  : /home3/iasarantsev/text/weights/distilbert_bah_best.pth
======================================================================

[Tokenizer] Loading AutoTokenizer from distilbert-base-uncased ...
  Vocab size     : 30,522
  Model max len  : 512
  Padding token  : [PAD]
  Using max_len  : 128

[Augmentation] train=True  mask_prob=0.15  drop_prob=0.1

[Dataset] Loading text splits ...
TextDataset [train]: 778 samples loaded
TextDataset [val]: 124 samples loaded
TextDataset [test]: 525 samples loaded
[Dataset] Loaded in 0.0s
  [train]    778 samples  |  No A-H: 393  With A-H: 385  (49.5% positive)  |  words: avg=58, min=1, max=234
  [val  ]    124 samples  |  No A-H: 49  With A-H: 75  (60.5% positive)  |  words: avg=58, min=1, max=195
  [test ]    525 samples  |  No A-H: 207  With A-H: 318  (60.6% positive)  |  words: avg=61, min=1, max=278

[Sanity] Loading single sample from train dataset ...
  Label           : 0
  Encoded keys    : ['input_ids', 'attention_mask']
  input_ids        : shape=torch.Size([128]), dtype=torch.int64
  attention_mask   : shape=torch.Size([128]), dtype=torch.int64
  Decoded text    : my hobby is traveling. like to visit places, different countries, different tourist attractions. though costs a lot of m...
  Active tokens   : 128/128

[Sampler] Class counts — No A-H: 393  |  With A-H: 385
[Sampler] Class weights — No A-H: 0.002545  |  With A-H: 0.002597
[Loss]   Normalised weights → [0.4949, 0.5051]

[DataLoader] Train: 778 samples  |  Val: 124  |  Test: 525
[DataLoader] Train batches: 48  |  Val: 8  |  Test: 33

[Probe] Fetching first train batch ...
  input_ids        : shape=torch.Size([16, 128]), dtype=torch.int64
  attention_mask   : shape=torch.Size([16, 128]), dtype=torch.int64
  labels       : [0, 0, 0, 1, 1, 0, 1, 1, 0, 0, 0, 1, 0, 0, 0, 0]
  batch time   : 0.01s

[Model] Loading DistilBertForSequenceClassification from distilbert-base-uncased ...
[Model] DistilBERT transformer has 6 layers
[Model] Freezing: embeddings + first 4/6 transformer layers
[Model] Trainable: last 2 transformer layers + pre_classifier + classifier head
[Model] Parameters: 14,767,874 trainable  |  52,187,136 frozen  |  66,955,010 total  (22.1% trainable)

[Model] Architecture summary:
  Hidden size    : 768
  Num heads      : 12
  Num layers     : 6
  Dropout        : 0.1
  Attn dropout   : 0.1
  Max position   : 512

[Optimizer] AdamW with differential LRs:
  Encoder params  : 32 tensors, lr=2.00e-06
  Classifier params: 4 tensors, lr=2.00e-05
  Weight decay    : 0.01
[Scheduler] CosineAnnealingLR, T_max=20, eta_min=2.00e-07

======================================================================
Starting training ...
======================================================================

  [Epoch 1, Batch 0] loss=0.7012  grad_norm=1.0095  logits_sample=[-0.12197756767272949, -0.007566617801785469]  preds=[1, 1, 0, 1, 0, 1, 0, 1, 1, 0, 1, 0, 0, 1, 0, 1]  labels=[0, 0, 1, 0, 0, 0, 1, 0, 1, 0, 1, 1, 1, 0, 0, 1]
Epoch   1/20  tr_loss=0.6926  tr_f1=0.4613  va_loss=0.6928  va_f1=0.5116  va_acc=0.5161  lr_enc=1.99e-06  lr_cls=1.99e-05  time=144s (2.84s/batch)
         train preds: {1: 154, 0: 614}  |  val preds: {1: 37, 0: 87}
  ✓ New best val F1=0.5116 — saved /home3/iasarantsev/text/weights/distilbert_bah_best.pth
Epoch   2/20  tr_loss=0.6844  tr_f1=0.5825  va_loss=0.6841  va_f1=0.5752  va_acc=0.5806  lr_enc=1.96e-06  lr_cls=1.95e-05  time=151s (2.97s/batch)
         train preds: {0: 320, 1: 448}  |  val preds: {1: 63, 0: 61}
  ✓ New best val F1=0.5752 — saved /home3/iasarantsev/text/weights/distilbert_bah_best.pth
Epoch   3/20  tr_loss=0.6757  tr_f1=0.6000  va_loss=0.6772  va_f1=0.5899  va_acc=0.5968  lr_enc=1.90e-06  lr_cls=1.89e-05  time=156s (3.08s/batch)
         train preds: {1: 498, 0: 270}  |  val preds: {1: 65, 0: 59}
  ✓ New best val F1=0.5899 — saved /home3/iasarantsev/text/weights/distilbert_bah_best.pth
Epoch   4/20  tr_loss=0.6651  tr_f1=0.6465  va_loss=0.6750  va_f1=0.6004  va_acc=0.6048  lr_enc=1.83e-06  lr_cls=1.81e-05  time=138s (2.71s/batch)
         train preds: {0: 401, 1: 367}  |  val preds: {1: 62, 0: 62}
  ✓ New best val F1=0.6004 — saved /home3/iasarantsev/text/weights/distilbert_bah_best.pth
Epoch   5/20  tr_loss=0.6452  tr_f1=0.6460  va_loss=0.6667  va_f1=0.5741  va_acc=0.5887  lr_enc=1.74e-06  lr_cls=1.71e-05  time=155s (3.09s/batch)
         train preds: {1: 466, 0: 302}  |  val preds: {1: 72, 0: 52}
  ✗ No improvement (1/5)
Epoch   6/20  tr_loss=0.6128  tr_f1=0.7036  va_loss=0.6866  va_f1=0.6092  va_acc=0.6129  lr_enc=1.63e-06  lr_cls=1.59e-05  time=149s (2.94s/batch)
         train preds: {1: 427, 0: 341}  |  val preds: {1: 61, 0: 63}
  ✓ New best val F1=0.6092 — saved /home3/iasarantsev/text/weights/distilbert_bah_best.pth
Epoch   7/20  tr_loss=0.5997  tr_f1=0.6973  va_loss=0.7434  va_f1=0.5557  va_acc=0.5565  lr_enc=1.51e-06  lr_cls=1.46e-05  time=157s (3.11s/batch)
         train preds: {1: 456, 0: 312}  |  val preds: {1: 44, 0: 80}
  ✗ No improvement (1/5)
Epoch   8/20  tr_loss=0.6074  tr_f1=0.6753  va_loss=0.6935  va_f1=0.6017  va_acc=0.6048  lr_enc=1.38e-06  lr_cls=1.32e-05  time=153s (3.02s/batch)
         train preds: {0: 354, 1: 414}  |  val preds: {1: 60, 0: 64}
  ✗ No improvement (2/5)
Epoch   9/20  tr_loss=0.5899  tr_f1=0.6781  va_loss=0.6863  va_f1=0.6242  va_acc=0.6290  lr_enc=1.24e-06  lr_cls=1.16e-05  time=153s (3.01s/batch)
         train preds: {1: 440, 0: 328}  |  val preds: {1: 63, 0: 61}
  ✓ New best val F1=0.6242 — saved /home3/iasarantsev/text/weights/distilbert_bah_best.pth
Epoch  10/20  tr_loss=0.5811  tr_f1=0.7129  va_loss=0.6823  va_f1=0.6063  va_acc=0.6129  lr_enc=1.10e-06  lr_cls=1.01e-05  time=152s (3.00s/batch)
         train preds: {1: 471, 0: 297}  |  val preds: {1: 65, 0: 59}
  ✗ No improvement (1/5)
Epoch  11/20  tr_loss=0.5896  tr_f1=0.6936  va_loss=0.6985  va_f1=0.6027  va_acc=0.6048  lr_enc=9.59e-07  lr_cls=8.55e-06  time=152s (3.00s/batch)
         train preds: {1: 448, 0: 320}  |  val preds: {1: 58, 0: 66}
  ✗ No improvement (2/5)
Epoch  12/20  tr_loss=0.5749  tr_f1=0.7048  va_loss=0.6787  va_f1=0.6137  va_acc=0.6210  lr_enc=8.22e-07  lr_cls=7.04e-06  time=184s (3.65s/batch)
         train preds: {0: 346, 1: 422}  |  val preds: {1: 66, 0: 58}
  ✗ No improvement (3/5)
Epoch  13/20  tr_loss=0.5707  tr_f1=0.7115  va_loss=0.6890  va_f1=0.6079  va_acc=0.6129  lr_enc=6.91e-07  lr_cls=5.61e-06  time=142s (2.81s/batch)
         train preds: {0: 316, 1: 452}  |  val preds: {1: 63, 0: 61}
  ✗ No improvement (4/5)
Epoch  14/20  tr_loss=0.5928  tr_f1=0.6850  va_loss=0.6697  va_f1=0.6210  va_acc=0.6290  lr_enc=5.71e-07  lr_cls=4.28e-06  time=38s (0.77s/batch)
         train preds: {0: 347, 1: 421}  |  val preds: {1: 67, 0: 57}
  ✗ No improvement (5/5)
  ⛔ Early stopping at epoch 14

======================================================================
Training done in 33.8 min. Best val F1 = 0.6242
======================================================================
Training curves saved → /home3/iasarantsev/text/weights/distilbert_training_curves.png

[Test] Loading best checkpoint and evaluating ...

======================================================================
Test Results — DistilBERT (distilbert-base-uncased)
======================================================================
[Test] Label distribution : {0: 207, 1: 318}
[Test] Prediction dist.  : {0: 213, 1: 312}
[Test] Macro-F1  : 0.6786
[Test] Accuracy  : 0.6914

              precision    recall  f1-score   support

      No A-H     0.6056    0.6232    0.6143       207
    With A-H     0.7500    0.7358    0.7429       318

    accuracy                         0.6914       525
   macro avg     0.6778    0.6795    0.6786       525
weighted avg     0.6931    0.6914    0.6922       525


======================================================================
DistilBERT Training Summary
======================================================================
  Model           : distilbert-base-uncased
  Frozen layers   : 4/6
  Trainable params: 14,767,874 / 66,955,010
  Best val F1     : 0.6242
  Test F1         : 0.6786
  Test accuracy   : 0.6914
  Training time   : 33.8 min
  Weights saved   : /home3/iasarantsev/text/weights/distilbert_bah_best.pth
  Curves saved    : /home3/iasarantsev/text/weights/distilbert_training_curves.png
======================================================================
