======================================================================
DistilBERT Training Pipeline — BAH A/H Text Classification
======================================================================
Device        : cpu
Model         : distilbert-base-uncased
Max length    : 128 tokens
Freeze layers : 4
Batch size    : 16
Epochs        : 20
LR            : 2e-05  (encoder: 2.0000000000000003e-06)
Weight decay  : 0.01
Patience      : 5
Grad clip     : 1.0
Seed          : 42
Weights path  : /home3/iasarantsev/text/weights/distilbert_bah_best.pth
======================================================================

[Tokenizer] Loading AutoTokenizer from distilbert-base-uncased ...
  Vocab size     : 30,522
  Model max len  : 512
  Padding token  : [PAD]
  Using max_len  : 128

[Augmentation] train=True  mask_prob=0.15  drop_prob=0.1

[Dataset] Loading text splits ...
TextDataset [train]: 778 samples loaded
TextDataset [val]: 124 samples loaded
TextDataset [test]: 525 samples loaded
[Dataset] Loaded in 0.0s
  [train]    778 samples  |  No A-H: 393  With A-H: 385  (49.5% positive)  |  words: avg=58, min=1, max=234
  [val  ]    124 samples  |  No A-H: 49  With A-H: 75  (60.5% positive)  |  words: avg=58, min=1, max=195
  [test ]    525 samples  |  No A-H: 207  With A-H: 318  (60.6% positive)  |  words: avg=61, min=1, max=278

[Sanity] Loading single sample from train dataset ...
  Label           : 0
  Encoded keys    : ['input_ids', 'attention_mask']
  input_ids        : shape=torch.Size([128]), dtype=torch.int64
  attention_mask   : shape=torch.Size([128]), dtype=torch.int64
  Decoded text    : my hobby is traveling. like to visit places, different countries, different tourist attractions. though costs a lot of m...
  Active tokens   : 128/128

[Sampler] Class counts — No A-H: 393  |  With A-H: 385
[Sampler] Class weights — No A-H: 0.002545  |  With A-H: 0.002597
[Loss]   Normalised weights → [0.4949, 0.5051]

[DataLoader] Train: 778 samples  |  Val: 124  |  Test: 525
[DataLoader] Train batches: 48  |  Val: 8  |  Test: 33

[Probe] Fetching first train batch ...
  input_ids        : shape=torch.Size([16, 128]), dtype=torch.int64
  attention_mask   : shape=torch.Size([16, 128]), dtype=torch.int64
  labels       : [0, 0, 0, 1, 1, 0, 1, 1, 0, 0, 0, 1, 0, 0, 0, 0]
  batch time   : 0.03s

[Model] Loading DistilBertForSequenceClassification from distilbert-base-uncased ...
[Model] DistilBERT transformer has 6 layers
[Model] Freezing: embeddings + first 4/6 transformer layers
[Model] Trainable: last 2 transformer layers + pre_classifier + classifier head
[Model] Parameters: 14,767,874 trainable  |  52,187,136 frozen  |  66,955,010 total  (22.1% trainable)

[Model] Architecture summary:
  Hidden size    : 768
  Num heads      : 12
  Num layers     : 6
  Dropout        : 0.1
  Attn dropout   : 0.1
  Max position   : 512

[Optimizer] AdamW with differential LRs:
  Encoder params  : 32 tensors, lr=2.00e-06
  Classifier params: 4 tensors, lr=2.00e-05
  Weight decay    : 0.01
[Scheduler] CosineAnnealingLR, T_max=20, eta_min=2.00e-07

======================================================================
Starting training ...
======================================================================

  [Epoch 1, Batch 0] loss=0.7019  grad_norm=1.0860  logits_sample=[-0.12197756767272949, -0.007566617801785469]  preds=[1, 1, 0, 1, 0, 1, 0, 1, 1, 0, 1, 0, 0, 1, 0, 1]  labels=[0, 0, 1, 0, 0, 0, 1, 0, 1, 0, 1, 1, 1, 0, 0, 1]
Epoch   1/20  tr_loss=0.6924  tr_f1=0.4639  va_loss=0.6919  va_f1=0.5065  va_acc=0.5081  lr_enc=1.99e-06  lr_cls=1.99e-05  time=169s (3.34s/batch)
         train preds: {1: 169, 0: 599}  |  val preds: {1: 42, 0: 82}
  ✓ New best val F1=0.5065 — saved /home3/iasarantsev/text/weights/distilbert_bah_best.pth
Epoch   2/20  tr_loss=0.6831  tr_f1=0.5702  va_loss=0.6800  va_f1=0.5766  va_acc=0.5887  lr_enc=1.96e-06  lr_cls=1.95e-05  time=169s (3.35s/batch)
         train preds: {0: 286, 1: 482}  |  val preds: {1: 70, 0: 54}
  ✓ New best val F1=0.5766 — saved /home3/iasarantsev/text/weights/distilbert_bah_best.pth
Epoch   3/20  tr_loss=0.6735  tr_f1=0.5967  va_loss=0.6709  va_f1=0.5713  va_acc=0.5887  lr_enc=1.90e-06  lr_cls=1.89e-05  time=167s (3.31s/batch)
         train preds: {1: 532, 0: 236}  |  val preds: {1: 74, 0: 50}
  ✗ No improvement (1/5)
Epoch   4/20  tr_loss=0.6610  tr_f1=0.6497  va_loss=0.6707  va_f1=0.5990  va_acc=0.6048  lr_enc=1.83e-06  lr_cls=1.81e-05  time=171s (3.39s/batch)
         train preds: {0: 357, 1: 411}  |  val preds: {1: 64, 0: 60}
  ✓ New best val F1=0.5990 — saved /home3/iasarantsev/text/weights/distilbert_bah_best.pth
Epoch   5/20  tr_loss=0.6360  tr_f1=0.6436  va_loss=0.6580  va_f1=0.5811  va_acc=0.5968  lr_enc=1.74e-06  lr_cls=1.71e-05  time=168s (3.34s/batch)
         train preds: {1: 475, 0: 293}  |  val preds: {1: 73, 0: 51}
  ✗ No improvement (1/5)
Epoch   6/20  tr_loss=0.5973  tr_f1=0.7043  va_loss=0.6824  va_f1=0.5930  va_acc=0.5968  lr_enc=1.63e-06  lr_cls=1.59e-05  time=182s (3.60s/batch)
         train preds: {1: 440, 0: 328}  |  val preds: {1: 61, 0: 63}
  ✗ No improvement (2/5)
Epoch   7/20  tr_loss=0.5794  tr_f1=0.6940  va_loss=0.7444  va_f1=0.5723  va_acc=0.5726  lr_enc=1.51e-06  lr_cls=1.46e-05  time=176s (3.50s/batch)
         train preds: {1: 466, 0: 302}  |  val preds: {1: 46, 0: 78}
  ✗ No improvement (3/5)
Epoch   8/20  tr_loss=0.5882  tr_f1=0.6762  va_loss=0.6947  va_f1=0.5941  va_acc=0.5968  lr_enc=1.38e-06  lr_cls=1.32e-05  time=148s (3.04s/batch)
         train preds: {0: 345, 1: 423}  |  val preds: {1: 59, 0: 65}
  ✗ No improvement (4/5)
Epoch   9/20  tr_loss=0.5659  tr_f1=0.6784  va_loss=0.6867  va_f1=0.6242  va_acc=0.6290  lr_enc=1.24e-06  lr_cls=1.16e-05  time=21s (0.41s/batch)
         train preds: {1: 455, 0: 313}  |  val preds: {1: 63, 0: 61}
  ✓ New best val F1=0.6242 — saved /home3/iasarantsev/text/weights/distilbert_bah_best.pth
Epoch  10/20  tr_loss=0.5541  tr_f1=0.7113  va_loss=0.6833  va_f1=0.6063  va_acc=0.6129  lr_enc=1.10e-06  lr_cls=1.01e-05  time=19s (0.35s/batch)
         train preds: {1: 474, 0: 294}  |  val preds: {1: 65, 0: 59}
  ✗ No improvement (1/5)
Epoch  11/20  tr_loss=0.5651  tr_f1=0.6866  va_loss=0.7035  va_f1=0.5941  va_acc=0.5968  lr_enc=9.59e-07  lr_cls=8.55e-06  time=19s (0.36s/batch)
         train preds: {1: 455, 0: 313}  |  val preds: {1: 59, 0: 65}
  ✗ No improvement (2/5)
Epoch  12/20  tr_loss=0.5471  tr_f1=0.6951  va_loss=0.6815  va_f1=0.6063  va_acc=0.6129  lr_enc=8.22e-07  lr_cls=7.04e-06  time=121s (2.34s/batch)
         train preds: {0: 335, 1: 433}  |  val preds: {1: 65, 0: 59}
  ✗ No improvement (3/5)
Epoch  13/20  tr_loss=0.5417  tr_f1=0.7071  va_loss=0.6924  va_f1=0.6092  va_acc=0.6129  lr_enc=6.91e-07  lr_cls=5.61e-06  time=149s (2.93s/batch)
         train preds: {0: 309, 1: 459}  |  val preds: {1: 61, 0: 63}
  ✗ No improvement (4/5)
Epoch  14/20  tr_loss=0.5709  tr_f1=0.6846  va_loss=0.6691  va_f1=0.6046  va_acc=0.6129  lr_enc=5.71e-07  lr_cls=4.28e-06  time=150s (2.96s/batch)
         train preds: {0: 339, 1: 429}  |  val preds: {1: 67, 0: 57}
  ✗ No improvement (5/5)
  ⛔ Early stopping at epoch 14

======================================================================
Training done in 30.5 min. Best val F1 = 0.6242
======================================================================
Training curves saved → /home3/iasarantsev/text/weights/distilbert_training_curves.png

[Test] Loading best checkpoint and evaluating ...

======================================================================
Test Results — DistilBERT (distilbert-base-uncased)
======================================================================
[Test] Label distribution : {0: 207, 1: 318}
[Test] Prediction dist.  : {0: 211, 1: 314}
[Test] Macro-F1  : 0.6781
[Test] Accuracy  : 0.6914

              precision    recall  f1-score   support

      No A-H     0.6066    0.6184    0.6124       207
    With A-H     0.7484    0.7390    0.7437       318

    accuracy                         0.6914       525
   macro avg     0.6775    0.6787    0.6781       525
weighted avg     0.6925    0.6914    0.6919       525


======================================================================
DistilBERT Training Summary
======================================================================
  Model           : distilbert-base-uncased
  Frozen layers   : 4/6
  Trainable params: 14,767,874 / 66,955,010
  Best val F1     : 0.6242
  Test F1         : 0.6781
  Test accuracy   : 0.6914
  Training time   : 30.5 min
  Weights saved   : /home3/iasarantsev/text/weights/distilbert_bah_best.pth
  Curves saved    : /home3/iasarantsev/text/weights/distilbert_training_curves.png
======================================================================
