======================================================================
DistilBERT Training Pipeline — BAH A/H Text Classification
======================================================================
Device        : cpu
Model         : distilbert-base-uncased
Max length    : 128 tokens
Freeze layers : 4
Batch size    : 32
Epochs        : 20
LR            : 2e-05  (encoder: 2.0000000000000003e-06)
Weight decay  : 0.01
Patience      : 5
Grad clip     : 1.0
Seed          : 42
Weights path  : /home3/iasarantsev/text/weights/distilbert_bah_best.pth
======================================================================

[Tokenizer] Loading AutoTokenizer from distilbert-base-uncased ...
  Vocab size     : 30,522
  Model max len  : 512
  Padding token  : [PAD]
  Using max_len  : 128

[Dataset] Loading text splits ...
TextDataset [train]: 778 samples loaded
TextDataset [val]: 124 samples loaded
TextDataset [test]: 525 samples loaded
[Dataset] Loaded in 0.0s
  [train]    778 samples  |  No A-H: 393  With A-H: 385  (49.5% positive)  |  words: avg=58, min=1, max=234
  [val  ]    124 samples  |  No A-H: 49  With A-H: 75  (60.5% positive)  |  words: avg=58, min=1, max=195
  [test ]    525 samples  |  No A-H: 207  With A-H: 318  (60.6% positive)  |  words: avg=61, min=1, max=278

[Sanity] Loading single sample from train dataset ...
  Label           : 0
  Encoded keys    : ['input_ids', 'attention_mask']
  input_ids        : shape=torch.Size([128]), dtype=torch.int64
  attention_mask   : shape=torch.Size([128]), dtype=torch.int64
  Decoded text    : my hobby is traveling. i like to visit different places, different countries, different tourist attractions. even though...
  Active tokens   : 128/128

[Sampler] Class counts — No A-H: 393  |  With A-H: 385
[Sampler] Class weights — No A-H: 0.002545  |  With A-H: 0.002597
[Loss]   Normalised weights → [0.4949, 0.5051]

[DataLoader] Train: 778 samples  |  Val: 124  |  Test: 525
[DataLoader] Train batches: 24  |  Val: 4  |  Test: 17

[Probe] Fetching first train batch ...
  input_ids        : shape=torch.Size([32, 128]), dtype=torch.int64
  attention_mask   : shape=torch.Size([32, 128]), dtype=torch.int64
  labels       : [0, 0, 0, 1, 1, 0, 1, 1, 0, 0, 0, 1, 0, 0, 0, 0, 0, 0, 1, 0, 0, 1, 1, 0, 1, 0, 0, 0, 0, 0, 1, 1]
  batch time   : 0.05s

[Model] Loading DistilBertForSequenceClassification from distilbert-base-uncased ...
[Model] DistilBERT transformer has 6 layers
[Model] Freezing: embeddings + first 4/6 transformer layers
[Model] Trainable: last 2 transformer layers + pre_classifier + classifier head
[Model] Parameters: 14,767,874 trainable  |  52,187,136 frozen  |  66,955,010 total  (22.1% trainable)

[Model] Architecture summary:
  Hidden size    : 768
  Num heads      : 12
  Num layers     : 6
  Dropout        : 0.1
  Attn dropout   : 0.1
  Max position   : 512

[Optimizer] AdamW with differential LRs:
  Encoder params  : 32 tensors, lr=2.00e-06
  Classifier params: 4 tensors, lr=2.00e-05
  Weight decay    : 0.01
[Scheduler] CosineAnnealingLR, T_max=20, eta_min=2.00e-07

======================================================================
Starting training ...
======================================================================

  [Epoch 1, Batch 0] loss=0.7197  grad_norm=1.8292  logits_sample=[-0.15999092161655426, 0.019805610179901123]  preds=[1, 1, 1, 1, 0, 1, 1, 1, 1, 1, 1, 0, 0, 1, 0, 1, 1, 1, 1, 1, 1, 1, 1, 1, 0, 1, 1, 1, 1, 0, 1, 1]  labels=[0, 0, 1, 0, 0, 0, 1, 0, 1, 0, 1, 1, 1, 0, 0, 1, 0, 0, 1, 0, 1, 0, 0, 0, 1, 0, 0, 0, 0, 0, 0, 1]
Epoch   1/20  tr_loss=0.6931  tr_f1=0.4862  va_loss=0.6916  va_f1=0.5401  va_acc=0.5403  lr_enc=1.99e-06  lr_cls=1.99e-05  time=16s (0.61s/batch)
         train preds: {1: 266, 0: 502}  |  val preds: {1: 46, 0: 78}
  ✓ New best val F1=0.5401 — saved /home3/iasarantsev/text/weights/distilbert_bah_best.pth
Epoch   2/20  tr_loss=0.6791  tr_f1=0.5841  va_loss=0.6720  va_f1=0.5603  va_acc=0.6532  lr_enc=1.96e-06  lr_cls=1.95e-05  time=12s (0.45s/batch)
         train preds: {1: 544, 0: 224}  |  val preds: {1: 106, 0: 18}
  ✓ New best val F1=0.5603 — saved /home3/iasarantsev/text/weights/distilbert_bah_best.pth
Epoch   3/20  tr_loss=0.6623  tr_f1=0.6580  va_loss=0.6826  va_f1=0.5641  va_acc=0.5645  lr_enc=1.90e-06  lr_cls=1.89e-05  time=11s (0.43s/batch)
         train preds: {1: 429, 0: 339}  |  val preds: {1: 53, 0: 71}
  ✓ New best val F1=0.5641 — saved /home3/iasarantsev/text/weights/distilbert_bah_best.pth
Epoch   4/20  tr_loss=0.6510  tr_f1=0.6539  va_loss=0.6658  va_f1=0.5978  va_acc=0.6129  lr_enc=1.83e-06  lr_cls=1.81e-05  time=12s (0.43s/batch)
         train preds: {0: 302, 1: 466}  |  val preds: {1: 73, 0: 51}
  ✓ New best val F1=0.5978 — saved /home3/iasarantsev/text/weights/distilbert_bah_best.pth
Epoch   5/20  tr_loss=0.6360  tr_f1=0.6514  va_loss=0.6632  va_f1=0.5788  va_acc=0.5887  lr_enc=1.74e-06  lr_cls=1.71e-05  time=12s (0.45s/batch)
         train preds: {0: 314, 1: 454}  |  val preds: {1: 68, 0: 56}
  ✗ No improvement (1/5)
Epoch   6/20  tr_loss=0.6045  tr_f1=0.6705  va_loss=0.6519  va_f1=0.6129  va_acc=0.6371  lr_enc=1.63e-06  lr_cls=1.59e-05  time=12s (0.44s/batch)
         train preds: {0: 284, 1: 484}  |  val preds: {1: 80, 0: 44}
  ✓ New best val F1=0.6129 — saved /home3/iasarantsev/text/weights/distilbert_bah_best.pth
Epoch   7/20  tr_loss=0.5953  tr_f1=0.6933  va_loss=0.6563  va_f1=0.5932  va_acc=0.6048  lr_enc=1.51e-06  lr_cls=1.46e-05  time=13s (0.47s/batch)
         train preds: {1: 477, 0: 291}  |  val preds: {1: 70, 0: 54}
  ✗ No improvement (1/5)
Epoch   8/20  tr_loss=0.5783  tr_f1=0.7117  va_loss=0.6760  va_f1=0.5930  va_acc=0.5968  lr_enc=1.38e-06  lr_cls=1.32e-05  time=11s (0.42s/batch)
         train preds: {1: 436, 0: 332}  |  val preds: {1: 61, 0: 63}
  ✗ No improvement (2/5)
Epoch   9/20  tr_loss=0.5809  tr_f1=0.6948  va_loss=0.6575  va_f1=0.5932  va_acc=0.6048  lr_enc=1.24e-06  lr_cls=1.16e-05  time=12s (0.46s/batch)
         train preds: {1: 448, 0: 320}  |  val preds: {1: 70, 0: 54}
  ✗ No improvement (3/5)
Epoch  10/20  tr_loss=0.5911  tr_f1=0.6693  va_loss=0.6512  va_f1=0.6003  va_acc=0.6129  lr_enc=1.10e-06  lr_cls=1.01e-05  time=12s (0.44s/batch)
         train preds: {1: 439, 0: 329}  |  val preds: {1: 71, 0: 53}
  ✗ No improvement (4/5)
Epoch  11/20  tr_loss=0.5614  tr_f1=0.6933  va_loss=0.6553  va_f1=0.5932  va_acc=0.6048  lr_enc=9.59e-07  lr_cls=8.55e-06  time=12s (0.45s/batch)
         train preds: {1: 472, 0: 296}  |  val preds: {1: 70, 0: 54}
  ✗ No improvement (5/5)
  ⛔ Early stopping at epoch 11

======================================================================
Training done in 2.3 min. Best val F1 = 0.6129
======================================================================
Training curves saved → /home3/iasarantsev/text/weights/distilbert_training_curves.png

[Test] Loading best checkpoint and evaluating ...

======================================================================
Test Results — DistilBERT (distilbert-base-uncased)
======================================================================
[Test] Label distribution : {0: 207, 1: 318}
[Test] Prediction dist.  : {0: 145, 1: 380}
[Test] Macro-F1  : 0.6795
[Test] Accuracy  : 0.7143

              precision    recall  f1-score   support

      No A-H     0.6966    0.4879    0.5739       207
    With A-H     0.7211    0.8616    0.7851       318

    accuracy                         0.7143       525
   macro avg     0.7088    0.6748    0.6795       525
weighted avg     0.7114    0.7143    0.7018       525


======================================================================
DistilBERT Training Summary
======================================================================
  Model           : distilbert-base-uncased
  Frozen layers   : 4/6
  Trainable params: 14,767,874 / 66,955,010
  Best val F1     : 0.6129
  Test F1         : 0.6795
  Test accuracy   : 0.7143
  Training time   : 2.3 min
  Weights saved   : /home3/iasarantsev/text/weights/distilbert_bah_best.pth
  Curves saved    : /home3/iasarantsev/text/weights/distilbert_training_curves.png
======================================================================
