======================================================================
Wav2Vec2-Emotional Training Pipeline — BAH A/H Audio Classification
======================================================================
Device                   : cuda
Model                    : ehcalabres/wav2vec2-lg-xlsr-en-speech-emotion-recognition
Sample rate              : 16000 Hz
Max audio length         : 30.0s (480,000 samples)
Freeze CNN extractor     : True
Freeze transformer layers: 20 (of 24 in xlsr-large)
Batch size               : 4
Epochs                   : 0
LR                       : 1e-05  (encoder: 1.0000000000000002e-06)
Weight decay             : 0.01
Patience                 : 5
Grad clip                : 1.0
Seed                     : 42
Weights path             : /home3/iasarantsev/audio/weights/wav2vec2emotional_bah_best.pth
======================================================================

[FeatureExtractor] Loading Wav2Vec2FeatureExtractor from ehcalabres/wav2vec2-lg-xlsr-en-speech-emotion-recognition ...
  Sampling rate        : 16000 Hz
  do_normalize         : True
  return_attention_mask: True

[Dataset] Loading audio splits ...
AudioDataset [train]: 778 / 778 samples loaded (sr=16000, max=30.0s)
AudioDataset [val]: 124 / 124 samples loaded (sr=16000, max=30.0s)
AudioDataset [test]: 525 / 525 samples loaded (sr=16000, max=30.0s)
[Dataset] Loaded in 4.3s
  [train]    778 samples  |  No A-H: 393  With A-H: 385  (49.5% positive)
  [val  ]    124 samples  |  No A-H: 49  With A-H: 75  (60.5% positive)
  [test ]    525 samples  |  No A-H: 207  With A-H: 318  (60.6% positive)

[Sanity] Loading single sample from train dataset ...
  Label           : 0
  Encoded keys    : ['input_values', 'attention_mask']
  input_values         : shape=torch.Size([480000]), dtype=torch.float32, min=-10.091, max=9.506
  attention_mask       : shape=torch.Size([480000]), dtype=torch.int32, min=1.000, max=1.000

[Sampler] Class counts — No A-H: 393  |  With A-H: 385
[Sampler] Class weights — No A-H: 0.002545  |  With A-H: 0.002597
[Loss]   Normalised weights → [0.4949, 0.5051]

[DataLoader] Train: 778 samples  |  Val: 124  |  Test: 525
[DataLoader] Train batches: 194  |  Val: 31  |  Test: 132

[Probe] Fetching first train batch ...
  input_values         : shape=torch.Size([4, 480000]), dtype=torch.float32
  attention_mask       : shape=torch.Size([4, 480000]), dtype=torch.int32
  labels              : [0, 0, 0, 1]
  batch time          : 0.11s

[Model] Loading Wav2Vec2ForSequenceClassification from ehcalabres/wav2vec2-lg-xlsr-en-speech-emotion-recognition ...
[Model] Replacing original emotion head (7 classes) → A/H head (2 classes)
[Model] CNN feature extractor frozen
[Model] XLS-R transformer has 24 layers
[Model] Freezing: first 20/24 transformer layers
[Model] Trainable: last 4 transformer layers + projector + classifier head
[Model] Parameters: 59,566,978 trainable  |  256,134,656 frozen  |  315,701,634 total  (18.9% trainable)

[Model] Architecture summary:
  Hidden size      : 1024
  Num attn heads   : 16
  Num hidden layers: 24
  Intermediate size: 4096
  Hidden dropout   : 0.05
  Attn dropout     : 0.1
  Feat proj dropout: 0.05
  Classifier proj  : 256

[Optimizer] AdamW with differential LRs:
  Encoder params   : 74 tensors, lr=1.00e-06
  Classifier params: 4 tensors, lr=1.00e-05
  Weight decay     : 0.01
[Scheduler] CosineAnnealingLR, T_max=0, eta_min=1.00e-07

======================================================================
Starting training ...
======================================================================

======================================================================
Training done in 0.0 min. Best val F1 = -1.0000
======================================================================
Training curves saved → /home3/iasarantsev/audio/weights/wav2vec2emotional_training_curves.png

[Test] Loading best checkpoint and evaluating ...

======================================================================
Test Results — Wav2Vec2-Emotional (ehcalabres/wav2vec2-lg-xlsr-en-speech-emotion-recognition)
======================================================================
[Test] Label distribution : {0: 207, 1: 318}
[Test] Prediction dist.  : {0: 252, 1: 273}
[Test] Macro-F1  : 0.5723
[Test] Accuracy  : 0.5790

              precision    recall  f1-score   support

      No A-H     0.4722    0.5749    0.5185       207
    With A-H     0.6777    0.5818    0.6261       318

    accuracy                         0.5790       525
   macro avg     0.5749    0.5783    0.5723       525
weighted avg     0.5967    0.5790    0.5837       525


======================================================================
Wav2Vec2-Emotional Training Summary
======================================================================
  Model                    : ehcalabres/wav2vec2-lg-xlsr-en-speech-emotion-recognition
  CNN extractor frozen     : True
  Frozen transformer layers: 20/24
  Trainable params         : 59,566,978 / 315,701,634
  Best val F1              : -1.0000
  Test F1                  : 0.5723
  Test accuracy            : 0.5790
  Training time            : 0.0 min
  Weights saved            : /home3/iasarantsev/audio/weights/wav2vec2emotional_bah_best.pth
  Curves saved             : /home3/iasarantsev/audio/weights/wav2vec2emotional_training_curves.png
======================================================================
