======================================================================
Wav2Vec2-Emotional Training Pipeline — BAH A/H Audio Classification
======================================================================
Device                   : cuda
Model                    : ehcalabres/wav2vec2-lg-xlsr-en-speech-emotion-recognition
Sample rate              : 16000 Hz
Max audio length         : 30.0s (480,000 samples)
Freeze CNN extractor     : True
Freeze transformer layers: 20 (of 24 in xlsr-large)
Batch size               : 4
Epochs                   : 20
LR                       : 1e-05  (encoder: 1.0000000000000002e-06)
Weight decay             : 0.01
Patience                 : 5
Grad clip                : 1.0
Seed                     : 42
Weights path             : /home3/iasarantsev/audio/weights/wav2vec2emotional_bah_best.pth
======================================================================

[FeatureExtractor] Loading Wav2Vec2FeatureExtractor from ehcalabres/wav2vec2-lg-xlsr-en-speech-emotion-recognition ...
  Sampling rate        : 16000 Hz
  do_normalize         : True
  return_attention_mask: True

[Dataset] Loading audio splits ...
AudioDataset [train]: 778 / 778 samples loaded (sr=16000, max=30.0s)
AudioDataset [val]: 124 / 124 samples loaded (sr=16000, max=30.0s)
AudioDataset [test]: 525 / 525 samples loaded (sr=16000, max=30.0s)
[Dataset] Loaded in 3.8s
  [train]    778 samples  |  No A-H: 393  With A-H: 385  (49.5% positive)
  [val  ]    124 samples  |  No A-H: 49  With A-H: 75  (60.5% positive)
  [test ]    525 samples  |  No A-H: 207  With A-H: 318  (60.6% positive)

[Sanity] Loading single sample from train dataset ...
  Label           : 0
  Encoded keys    : ['input_values', 'attention_mask']
  input_values         : shape=torch.Size([480000]), dtype=torch.float32, min=-10.091, max=9.506
  attention_mask       : shape=torch.Size([480000]), dtype=torch.int32, min=1.000, max=1.000

[Sampler] Class counts — No A-H: 393  |  With A-H: 385
[Sampler] Class weights — No A-H: 0.002545  |  With A-H: 0.002597
[Loss]   Normalised weights → [0.4949, 0.5051]

[DataLoader] Train: 778 samples  |  Val: 124  |  Test: 525
[DataLoader] Train batches: 194  |  Val: 31  |  Test: 132

[Probe] Fetching first train batch ...
  input_values         : shape=torch.Size([4, 480000]), dtype=torch.float32
  attention_mask       : shape=torch.Size([4, 480000]), dtype=torch.int32
  labels              : [0, 0, 0, 1]
  batch time          : 0.15s

[Model] Loading Wav2Vec2ForSequenceClassification from ehcalabres/wav2vec2-lg-xlsr-en-speech-emotion-recognition ...
[Model] Replacing original emotion head (7 classes) → A/H head (2 classes)
[Model] CNN feature extractor frozen
[Model] XLS-R transformer has 24 layers
[Model] Freezing: first 20/24 transformer layers
[Model] Trainable: last 4 transformer layers + projector + classifier head
[Model] Parameters: 59,566,978 trainable  |  256,134,656 frozen  |  315,701,634 total  (18.9% trainable)

[Model] Architecture summary:
  Hidden size      : 1024
  Num attn heads   : 16
  Num hidden layers: 24
  Intermediate size: 4096
  Hidden dropout   : 0.05
  Attn dropout     : 0.1
  Feat proj dropout: 0.05
  Classifier proj  : 256

[Optimizer] AdamW with differential LRs:
  Encoder params   : 74 tensors, lr=1.00e-06
  Classifier params: 4 tensors, lr=1.00e-05
  Weight decay     : 0.01
[Scheduler] CosineAnnealingLR, T_max=20, eta_min=1.00e-07

======================================================================
Starting training ...
======================================================================

  [Epoch 1, Batch 0] loss=0.6897  grad_norm=1.2938  logits_sample=[0.07132014632225037, 0.03806149214506149]  preds=[0, 1, 1, 1]  labels=[0, 0, 1, 0]
Epoch   1/20  tr_loss=0.6923  tr_f1=0.5142  va_loss=0.7042  va_f1=0.3715  va_acc=0.4274  lr_enc=9.94e-07  lr_cls=9.94e-06  time=222s (1.00s/batch)
         train preds: {0: 371, 1: 405}  |  val preds: {0: 112, 1: 12}
  ✓ New best val F1=0.3715 — saved /home3/iasarantsev/audio/weights/wav2vec2emotional_bah_best.pth
Epoch   2/20  tr_loss=0.6805  tr_f1=0.6119  va_loss=0.6956  va_f1=0.4376  va_acc=0.5403  lr_enc=9.78e-07  lr_cls=9.76e-06  time=218s (1.00s/batch)
         train preds: {0: 440, 1: 336}  |  val preds: {1: 102, 0: 22}
  ✓ New best val F1=0.4376 — saved /home3/iasarantsev/audio/weights/wav2vec2emotional_bah_best.pth
Epoch   3/20  tr_loss=0.6779  tr_f1=0.5678  va_loss=0.7196  va_f1=0.4515  va_acc=0.4516  lr_enc=9.51e-07  lr_cls=9.46e-06  time=217s (1.00s/batch)
         train preds: {1: 466, 0: 310}  |  val preds: {1: 47, 0: 77}
  ✓ New best val F1=0.4515 — saved /home3/iasarantsev/audio/weights/wav2vec2emotional_bah_best.pth
Epoch   4/20  tr_loss=0.6710  tr_f1=0.5774  va_loss=0.7012  va_f1=0.4277  va_acc=0.5403  lr_enc=9.14e-07  lr_cls=9.05e-06  time=217s (1.00s/batch)
         train preds: {1: 512, 0: 264}  |  val preds: {1: 104, 0: 20}
  ✗ No improvement (1/5)
Epoch   5/20  tr_loss=0.6616  tr_f1=0.6047  va_loss=0.7207  va_f1=0.4149  va_acc=0.4919  lr_enc=8.68e-07  lr_cls=8.55e-06  time=217s (1.00s/batch)
         train preds: {1: 540, 0: 236}  |  val preds: {1: 94, 0: 30}
  ✗ No improvement (2/5)
Epoch   6/20  tr_loss=0.6536  tr_f1=0.6192  va_loss=0.7625  va_f1=0.4805  va_acc=0.4839  lr_enc=8.15e-07  lr_cls=7.96e-06  time=216s (0.99s/batch)
         train preds: {1: 495, 0: 281}  |  val preds: {1: 59, 0: 65}
  ✓ New best val F1=0.4805 — saved /home3/iasarantsev/audio/weights/wav2vec2emotional_bah_best.pth
Epoch   7/20  tr_loss=0.6712  tr_f1=0.6022  va_loss=0.7602  va_f1=0.4728  va_acc=0.4839  lr_enc=7.54e-07  lr_cls=7.30e-06  time=216s (0.99s/batch)
         train preds: {0: 368, 1: 408}  |  val preds: {1: 67, 0: 57}
  ✗ No improvement (1/5)
Epoch   8/20  tr_loss=0.6622  tr_f1=0.5941  va_loss=0.7592  va_f1=0.4872  va_acc=0.5081  lr_enc=6.89e-07  lr_cls=6.58e-06  time=217s (1.00s/batch)
         train preds: {1: 394, 0: 382}  |  val preds: {1: 74, 0: 50}
  ✓ New best val F1=0.4872 — saved /home3/iasarantsev/audio/weights/wav2vec2emotional_bah_best.pth
Epoch   9/20  tr_loss=0.6478  tr_f1=0.6275  va_loss=0.7703  va_f1=0.4805  va_acc=0.5000  lr_enc=6.20e-07  lr_cls=5.82e-06  time=215s (0.99s/batch)
         train preds: {1: 443, 0: 333}  |  val preds: {1: 73, 0: 51}
  ✗ No improvement (1/5)
Epoch  10/20  tr_loss=0.6350  tr_f1=0.6305  va_loss=0.7814  va_f1=0.4939  va_acc=0.5161  lr_enc=5.50e-07  lr_cls=5.05e-06  time=216s (1.00s/batch)
         train preds: {0: 348, 1: 428}  |  val preds: {1: 75, 0: 49}
  ✓ New best val F1=0.4939 — saved /home3/iasarantsev/audio/weights/wav2vec2emotional_bah_best.pth
Epoch  11/20  tr_loss=0.6541  tr_f1=0.5920  va_loss=0.7967  va_f1=0.4728  va_acc=0.4839  lr_enc=4.80e-07  lr_cls=4.28e-06  time=215s (0.99s/batch)
         train preds: {1: 453, 0: 323}  |  val preds: {1: 67, 0: 57}
  ✗ No improvement (1/5)
Epoch  12/20  tr_loss=0.6597  tr_f1=0.5874  va_loss=0.7995  va_f1=0.4658  va_acc=0.4758  lr_enc=4.11e-07  lr_cls=3.52e-06  time=217s (1.00s/batch)
         train preds: {0: 387, 1: 389}  |  val preds: {1: 66, 0: 58}
  ✗ No improvement (2/5)
Epoch  13/20  tr_loss=0.6670  tr_f1=0.6017  va_loss=0.7929  va_f1=0.4658  va_acc=0.4758  lr_enc=3.46e-07  lr_cls=2.80e-06  time=215s (0.98s/batch)
         train preds: {0: 376, 1: 400}  |  val preds: {1: 66, 0: 58}
  ✗ No improvement (3/5)
Epoch  14/20  tr_loss=0.6488  tr_f1=0.6158  va_loss=0.7906  va_f1=0.4632  va_acc=0.4758  lr_enc=2.85e-07  lr_cls=2.14e-06  time=217s (1.00s/batch)
         train preds: {0: 367, 1: 409}  |  val preds: {1: 68, 0: 56}
  ✗ No improvement (4/5)
Epoch  15/20  tr_loss=0.6374  tr_f1=0.6310  va_loss=0.7967  va_f1=0.4728  va_acc=0.4839  lr_enc=2.32e-07  lr_cls=1.55e-06  time=216s (0.99s/batch)
         train preds: {1: 426, 0: 350}  |  val preds: {1: 67, 0: 57}
  ✗ No improvement (5/5)
  ⛔ Early stopping at epoch 15

======================================================================
Training done in 54.5 min. Best val F1 = 0.4939
======================================================================
Training curves saved → /home3/iasarantsev/audio/weights/wav2vec2emotional_training_curves.png

[Test] Loading best checkpoint and evaluating ...

======================================================================
Test Results — Wav2Vec2-Emotional (ehcalabres/wav2vec2-lg-xlsr-en-speech-emotion-recognition)
======================================================================
[Test] Label distribution : {0: 207, 1: 318}
[Test] Prediction dist.  : {0: 250, 1: 275}
[Test] Macro-F1  : 0.5757
[Test] Accuracy  : 0.5829

              precision    recall  f1-score   support

      No A-H     0.4760    0.5749    0.5208       207
    With A-H     0.6800    0.5881    0.6307       318

    accuracy                         0.5829       525
   macro avg     0.5780    0.5815    0.5757       525
weighted avg     0.5996    0.5829    0.5874       525


======================================================================
Wav2Vec2-Emotional Training Summary
======================================================================
  Model                    : ehcalabres/wav2vec2-lg-xlsr-en-speech-emotion-recognition
  CNN extractor frozen     : True
  Frozen transformer layers: 20/24
  Trainable params         : 59,566,978 / 315,701,634
  Best val F1              : 0.4939
  Test F1                  : 0.5757
  Test accuracy            : 0.5829
  Training time            : 54.5 min
  Weights saved            : /home3/iasarantsev/audio/weights/wav2vec2emotional_bah_best.pth
  Curves saved             : /home3/iasarantsev/audio/weights/wav2vec2emotional_training_curves.png
======================================================================
