Device: cuda  |  Image size: 224  |  Batch: 32
/home3/iasarantsev/data/split-frames/train.txt
FrameDataset [train]: 289,433 frames loaded
/home3/iasarantsev/data/split-frames/val.txt
FrameDataset [val]: 79,538 frames loaded
/home3/iasarantsev/data/split-frames/test.txt
FrameDataset [test]: 335,110 frames loaded
Class counts — No A-H: 212,931  |  With A-H: 76,502
Class weights — No A-H: 0.000005  |  With A-H: 0.000013
Train: 289,433 frames  |  Val: 79,538  |  Test: 335,110
Train batches: 9,044  |  Val: 2,486  |  Test: 10,473
Encoder embed dim: 768  |  Trainable params: 86,390,786 / 86,390,786
Epoch   1  tr_loss=0.4614  tr_f1=0.6318  va_loss=0.9320  va_f1=0.4746  va_acc=0.5431
  ✓ New best val F1=0.4746 — saved weights/vit_bah_best.pth
Epoch   2  tr_loss=0.3722  tr_f1=0.7442  va_loss=0.9396  va_f1=0.4951  va_acc=0.6154
  ✓ New best val F1=0.4951 — saved weights/vit_bah_best.pth
Epoch   3  tr_loss=0.3250  tr_f1=0.7882  va_loss=0.8628  va_f1=0.5053  va_acc=0.6353
  ✓ New best val F1=0.5053 — saved weights/vit_bah_best.pth
Epoch   4  tr_loss=0.2942  tr_f1=0.8160  va_loss=0.9412  va_f1=0.5126  va_acc=0.6610
  ✓ New best val F1=0.5126 — saved weights/vit_bah_best.pth
Epoch   5  tr_loss=0.2709  tr_f1=0.8354  va_loss=0.9987  va_f1=0.5135  va_acc=0.6804
  ✓ New best val F1=0.5135 — saved weights/vit_bah_best.pth
Epoch   6  tr_loss=0.2505  tr_f1=0.8511  va_loss=0.9810  va_f1=0.5112  va_acc=0.7067
Epoch   7  tr_loss=0.2359  tr_f1=0.8616  va_loss=1.0550  va_f1=0.5115  va_acc=0.7140
Epoch   8  tr_loss=0.2180  tr_f1=0.8744  va_loss=1.0493  va_f1=0.5075  va_acc=0.7339
Early stopping at epoch 8

Training done. Best val F1 = 0.5135
Training curves saved → weights/training_curves.png
              precision    recall  f1-score   support

      No A-H     0.7911    0.7009    0.7433    269361
    With A-H     0.1647    0.2416    0.1959     65749

    accuracy                         0.6108    335110
   macro avg     0.4779    0.4713    0.4696    335110
weighted avg     0.6682    0.6108    0.6359    335110

