======================================================================
Wav2Vec2 Training Pipeline — BAH A/H Audio Classification
======================================================================
Device                   : cuda
Model                    : facebook/wav2vec2-base
Sample rate              : 16000 Hz
Max audio length         : 30.0s (480,000 samples)
Freeze CNN extractor     : True
Freeze transformer layers: 9/12
Batch size               : 8
Epochs                   : 20
LR                       : 2e-05  (encoder: 2.0000000000000003e-06)
Weight decay             : 0.01
Patience                 : 5
Grad clip                : 1.0
Seed                     : 42
Weights path             : /home3/iasarantsev/audio/weights/wav2vec2_bah_best.pth
======================================================================

[FeatureExtractor] Loading Wav2Vec2FeatureExtractor from facebook/wav2vec2-base ...
  Sampling rate  : 16000 Hz
  do_normalize   : True
  return_attention_mask: False

[Dataset] Loading audio splits ...
AudioDataset [train]: 778 / 778 samples loaded (sr=16000, max=30.0s)
AudioDataset [val]: 124 / 124 samples loaded (sr=16000, max=30.0s)
AudioDataset [test]: 525 / 525 samples loaded (sr=16000, max=30.0s)
[Dataset] Loaded in 4.2s
  [train]    778 samples  |  No A-H: 393  With A-H: 385  (49.5% positive)  |  pre-extracted: 778, from video: 0
  [val  ]    124 samples  |  No A-H: 49  With A-H: 75  (60.5% positive)  |  pre-extracted: 124, from video: 0
  [test ]    525 samples  |  No A-H: 207  With A-H: 318  (60.6% positive)  |  pre-extracted: 525, from video: 0

[Sanity] Loading single sample from train dataset ...
  Label           : 0
  Encoded keys    : ['input_values']
  input_values         : shape=torch.Size([480000]), dtype=torch.float32, min=-10.091, max=9.506

[Sampler] Class counts — No A-H: 393  |  With A-H: 385
[Sampler] Class weights — No A-H: 0.002545  |  With A-H: 0.002597
[Loss]   Normalised weights → [0.4949, 0.5051]

[DataLoader] Train: 778 samples  |  Val: 124  |  Test: 525
[DataLoader] Train batches: 97  |  Val: 16  |  Test: 66

[Probe] Fetching first train batch ...
  input_values         : shape=torch.Size([8, 480000]), dtype=torch.float32
  labels              : [0, 0, 0, 1, 1, 0, 1, 1]
  batch time          : 0.25s

[Model] Loading Wav2Vec2ForSequenceClassification from facebook/wav2vec2-base ...
[Model] CNN feature extractor frozen (wav2vec2.feature_extractor)
[Model] Wav2Vec2 transformer has 12 layers
[Model] Freezing: first 9/12 transformer layers
[Model] Trainable: last 3 transformer layers + projector + classifier head
[Model] Parameters: 26,577,794 trainable  |  67,991,296 frozen  |  94,569,090 total  (28.1% trainable)

[Model] Architecture summary:
  Hidden size      : 768
  Num attn heads   : 12
  Num hidden layers: 12
  Intermediate size: 3072
  Hidden dropout   : 0.1
  Attn dropout     : 0.1
  Feat proj dropout: 0.1
  Classifier proj  : 256

[Optimizer] AdamW with differential LRs:
  Encoder params   : 58 tensors, lr=2.00e-06
  Classifier params: 4 tensors, lr=2.00e-05
  Weight decay     : 0.01
[Scheduler] CosineAnnealingLR, T_max=20, eta_min=2.00e-07

======================================================================
Starting training ...
======================================================================

  [Epoch 1, Batch 0] loss=0.6811  grad_norm=1.2077  logits_sample=[-0.022836774587631226, 0.02461249753832817]  preds=[1, 1, 1, 1, 1, 1, 1, 1]  labels=[1, 0, 0, 1, 1, 1, 1, 1]
Epoch   1/20  tr_loss=0.6789  tr_f1=0.5367  va_loss=0.6871  va_f1=0.5009  va_acc=0.5726  lr_enc=1.99e-06  lr_cls=1.99e-05  time=83s (0.66s/batch)
         train preds: {1: 613, 0: 163}  |  val preds: {1: 96, 0: 28}
  ✓ New best val F1=0.5009 — saved /home3/iasarantsev/audio/weights/wav2vec2_bah_best.pth
Epoch   2/20  tr_loss=0.6807  tr_f1=0.5550  va_loss=0.7238  va_f1=0.4517  va_acc=0.4597  lr_enc=1.96e-06  lr_cls=1.95e-05  time=74s (0.64s/batch)
         train preds: {1: 423, 0: 353}  |  val preds: {1: 64, 0: 60}
  ✗ No improvement (1/5)
Epoch   3/20  tr_loss=0.6727  tr_f1=0.5946  va_loss=0.7248  va_f1=0.4517  va_acc=0.4597  lr_enc=1.90e-06  lr_cls=1.89e-05  time=73s (0.65s/batch)
         train preds: {0: 411, 1: 365}  |  val preds: {1: 64, 0: 60}
  ✗ No improvement (2/5)
Epoch   4/20  tr_loss=0.6626  tr_f1=0.5930  va_loss=0.7244  va_f1=0.5005  va_acc=0.5242  lr_enc=1.83e-06  lr_cls=1.81e-05  time=73s (0.65s/batch)
         train preds: {0: 444, 1: 332}  |  val preds: {1: 76, 0: 48}
  ✗ No improvement (3/5)
Epoch   5/20  tr_loss=0.6541  tr_f1=0.6225  va_loss=0.7271  va_f1=0.4942  va_acc=0.5323  lr_enc=1.74e-06  lr_cls=1.71e-05  time=72s (0.65s/batch)
         train preds: {0: 428, 1: 348}  |  val preds: {1: 83, 0: 41}
  ✗ No improvement (4/5)
Epoch   6/20  tr_loss=0.6551  tr_f1=0.6223  va_loss=0.7274  va_f1=0.4768  va_acc=0.5161  lr_enc=1.63e-06  lr_cls=1.59e-05  time=72s (0.65s/batch)
         train preds: {0: 393, 1: 383}  |  val preds: {1: 83, 0: 41}
  ✗ No improvement (5/5)
  ⛔ Early stopping at epoch 6

======================================================================
Training done in 7.5 min. Best val F1 = 0.5009
======================================================================
Training curves saved → /home3/iasarantsev/audio/weights/wav2vec2_training_curves.png

[Test] Loading best checkpoint and evaluating ...

======================================================================
Test Results — Wav2Vec2 (facebook/wav2vec2-base)
======================================================================
[Test] Label distribution : {0: 207, 1: 318}
[Test] Prediction dist.  : {1: 409, 0: 116}
[Test] Macro-F1  : 0.5864
[Test] Accuracy  : 0.6476

              precision    recall  f1-score   support

      No A-H     0.5948    0.3333    0.4272       207
    With A-H     0.6626    0.8522    0.7455       318

    accuracy                         0.6476       525
   macro avg     0.6287    0.5928    0.5864       525
weighted avg     0.6359    0.6476    0.6200       525


======================================================================
Wav2Vec2 Training Summary
======================================================================
  Model                  : facebook/wav2vec2-base
  CNN extractor frozen   : True
  Frozen transformer layers: 9/12
  Trainable params       : 26,577,794 / 94,569,090
  Best val F1            : 0.5009
  Test F1                : 0.5864
  Test accuracy          : 0.6476
  Training time          : 7.5 min
  Weights saved          : /home3/iasarantsev/audio/weights/wav2vec2_bah_best.pth
  Curves saved           : /home3/iasarantsev/audio/weights/wav2vec2_training_curves.png
======================================================================
