======================================================================
Wav2Vec2 Training Pipeline — BAH A/H Audio Classification
======================================================================
Device                   : cuda
Model                    : facebook/wav2vec2-base
Sample rate              : 16000 Hz
Max audio length         : 30.0s (480,000 samples)
Freeze CNN extractor     : True
Freeze transformer layers: 7/12
Batch size               : 8
Epochs                   : 20
LR                       : 2e-05  (encoder: 2.0000000000000003e-06)
Weight decay             : 0.01
Patience                 : 5
Grad clip                : 1.0
Seed                     : 42
Weights path             : /home3/iasarantsev/audio/weights/wav2vec2_bah_best.pth
======================================================================

[FeatureExtractor] Loading Wav2Vec2FeatureExtractor from facebook/wav2vec2-base ...
  Sampling rate  : 16000 Hz
  do_normalize   : True
  return_attention_mask: False

[Dataset] Loading audio splits ...
AudioDataset [train]: 778 / 778 samples loaded (sr=16000, max=30.0s)
AudioDataset [val]: 124 / 124 samples loaded (sr=16000, max=30.0s)
AudioDataset [test]: 525 / 525 samples loaded (sr=16000, max=30.0s)
[Dataset] Loaded in 4.7s
  [train]    778 samples  |  No A-H: 393  With A-H: 385  (49.5% positive)  |  pre-extracted: 778, from video: 0
  [val  ]    124 samples  |  No A-H: 49  With A-H: 75  (60.5% positive)  |  pre-extracted: 124, from video: 0
  [test ]    525 samples  |  No A-H: 207  With A-H: 318  (60.6% positive)  |  pre-extracted: 525, from video: 0

[Sanity] Loading single sample from train dataset ...
  Label           : 0
  Encoded keys    : ['input_values']
  input_values         : shape=torch.Size([480000]), dtype=torch.float32, min=-10.091, max=9.506

[Sampler] Class counts — No A-H: 393  |  With A-H: 385
[Sampler] Class weights — No A-H: 0.002545  |  With A-H: 0.002597
[Loss]   Normalised weights → [0.4949, 0.5051]

[DataLoader] Train: 778 samples  |  Val: 124  |  Test: 525
[DataLoader] Train batches: 97  |  Val: 16  |  Test: 66

[Probe] Fetching first train batch ...
  input_values         : shape=torch.Size([8, 480000]), dtype=torch.float32
  labels              : [0, 0, 0, 1, 1, 0, 1, 1]
  batch time          : 0.26s

[Model] Loading Wav2Vec2ForSequenceClassification from facebook/wav2vec2-base ...
[Model] CNN feature extractor frozen (wav2vec2.feature_extractor)
[Model] Wav2Vec2 transformer has 12 layers
[Model] Freezing: first 7/12 transformer layers
[Model] Trainable: last 5 transformer layers + projector + classifier head
[Model] Parameters: 40,753,538 trainable  |  53,815,552 frozen  |  94,569,090 total  (43.1% trainable)

[Model] Architecture summary:
  Hidden size      : 768
  Num attn heads   : 12
  Num hidden layers: 12
  Intermediate size: 3072
  Hidden dropout   : 0.1
  Attn dropout     : 0.1
  Feat proj dropout: 0.1
  Classifier proj  : 256

[Optimizer] AdamW with differential LRs:
  Encoder params   : 90 tensors, lr=2.00e-06
  Classifier params: 4 tensors, lr=2.00e-05
  Weight decay     : 0.01
[Scheduler] CosineAnnealingLR, T_max=20, eta_min=2.00e-07

======================================================================
Starting training ...
======================================================================

  [Epoch 1, Batch 0] loss=0.6811  grad_norm=1.2148  logits_sample=[-0.022836774587631226, 0.02461249753832817]  preds=[1, 1, 1, 1, 1, 1, 1, 1]  labels=[1, 0, 0, 1, 1, 1, 1, 1]
Epoch   1/20  tr_loss=0.6776  tr_f1=0.5530  va_loss=0.6966  va_f1=0.5068  va_acc=0.5484  lr_enc=1.99e-06  lr_cls=1.99e-05  time=87s (0.68s/batch)
         train preds: {1: 585, 0: 191}  |  val preds: {1: 85, 0: 39}
  ✓ New best val F1=0.5068 — saved /home3/iasarantsev/audio/weights/wav2vec2_bah_best.pth
Epoch   2/20  tr_loss=0.6785  tr_f1=0.5631  va_loss=0.7299  va_f1=0.4805  va_acc=0.4839  lr_enc=1.96e-06  lr_cls=1.95e-05  time=79s (0.67s/batch)
         train preds: {1: 399, 0: 377}  |  val preds: {1: 59, 0: 65}
  ✗ No improvement (1/5)
Epoch   3/20  tr_loss=0.6708  tr_f1=0.5953  va_loss=0.7308  va_f1=0.4627  va_acc=0.4677  lr_enc=1.90e-06  lr_cls=1.89e-05  time=77s (0.67s/batch)
         train preds: {0: 422, 1: 354}  |  val preds: {1: 61, 0: 63}
  ✗ No improvement (2/5)
Epoch   4/20  tr_loss=0.6591  tr_f1=0.5877  va_loss=0.7429  va_f1=0.4701  va_acc=0.4839  lr_enc=1.83e-06  lr_cls=1.81e-05  time=77s (0.67s/batch)
         train preds: {0: 431, 1: 345}  |  val preds: {1: 69, 0: 55}
  ✗ No improvement (3/5)
Epoch   5/20  tr_loss=0.6490  tr_f1=0.6420  va_loss=0.7370  va_f1=0.5068  va_acc=0.5484  lr_enc=1.74e-06  lr_cls=1.71e-05  time=77s (0.67s/batch)
         train preds: {0: 425, 1: 351}  |  val preds: {1: 85, 0: 39}
  ✗ No improvement (4/5)
Epoch   6/20  tr_loss=0.6371  tr_f1=0.6482  va_loss=0.7549  va_f1=0.5040  va_acc=0.5242  lr_enc=1.63e-06  lr_cls=1.59e-05  time=76s (0.67s/batch)
         train preds: {0: 375, 1: 401}  |  val preds: {1: 74, 0: 50}
  ✗ No improvement (5/5)
  ⛔ Early stopping at epoch 6

======================================================================
Training done in 7.9 min. Best val F1 = 0.5068
======================================================================
Training curves saved → /home3/iasarantsev/audio/weights/wav2vec2_training_curves.png

[Test] Loading best checkpoint and evaluating ...

======================================================================
Test Results — Wav2Vec2 (facebook/wav2vec2-base)
======================================================================
[Test] Label distribution : {0: 207, 1: 318}
[Test] Prediction dist.  : {0: 232, 1: 293}
[Test] Macro-F1  : 0.5831
[Test] Accuracy  : 0.5943

              precision    recall  f1-score   support

      No A-H     0.4871    0.5459    0.5148       207
    With A-H     0.6792    0.6258    0.6514       318

    accuracy                         0.5943       525
   macro avg     0.5831    0.5858    0.5831       525
weighted avg     0.6034    0.5943    0.5975       525


======================================================================
Wav2Vec2 Training Summary
======================================================================
  Model                  : facebook/wav2vec2-base
  CNN extractor frozen   : True
  Frozen transformer layers: 7/12
  Trainable params       : 40,753,538 / 94,569,090
  Best val F1            : 0.5068
  Test F1                : 0.5831
  Test accuracy          : 0.5943
  Training time          : 7.9 min
  Weights saved          : /home3/iasarantsev/audio/weights/wav2vec2_bah_best.pth
  Curves saved           : /home3/iasarantsev/audio/weights/wav2vec2_training_curves.png
======================================================================
