/home3/iasarantsev
Looking in indexes: https://pypi.org/simple, https://download.pytorch.org/whl/cu124
Requirement already satisfied: torch==2.6.0 in /home3/iasarantsev/lib/python3.12/site-packages (from -r /home3/iasarantsev/requirements.txt (line 4)) (2.6.0+cu124)
Requirement already satisfied: torchvision==0.21.0 in /home3/iasarantsev/lib/python3.12/site-packages (from -r /home3/iasarantsev/requirements.txt (line 5)) (0.21.0+cu124)
Requirement already satisfied: pytorch-lightning==2.6.1 in /home3/iasarantsev/lib/python3.12/site-packages (from -r /home3/iasarantsev/requirements.txt (line 6)) (2.6.1)
Requirement already satisfied: transformers==4.52.4 in /home3/iasarantsev/lib/python3.12/site-packages (from -r /home3/iasarantsev/requirements.txt (line 9)) (4.52.4)
Requirement already satisfied: huggingface-hub==0.34.4 in /home3/iasarantsev/lib/python3.12/site-packages (from -r /home3/iasarantsev/requirements.txt (line 10)) (0.34.4)
Requirement already satisfied: tokenizers==0.21.2 in /home3/iasarantsev/lib/python3.12/site-packages (from -r /home3/iasarantsev/requirements.txt (line 11)) (0.21.2)
Requirement already satisfied: safetensors==0.6.2 in /home3/iasarantsev/lib/python3.12/site-packages (from -r /home3/iasarantsev/requirements.txt (line 12)) (0.6.2)
Requirement already satisfied: sentencepiece==0.2.0 in /home3/iasarantsev/lib/python3.12/site-packages (from -r /home3/iasarantsev/requirements.txt (line 13)) (0.2.0)
Requirement already satisfied: numpy==1.26.4 in /home3/iasarantsev/lib/python3.12/site-packages (from -r /home3/iasarantsev/requirements.txt (line 16)) (1.26.4)
Requirement already satisfied: scipy==1.16.1 in /home3/iasarantsev/lib/python3.12/site-packages (from -r /home3/iasarantsev/requirements.txt (line 17)) (1.16.1)
Requirement already satisfied: scikit-learn==1.6.1 in /home3/iasarantsev/lib/python3.12/site-packages (from -r /home3/iasarantsev/requirements.txt (line 18)) (1.6.1)
Requirement already satisfied: pandas==2.3.0 in /home3/iasarantsev/lib/python3.12/site-packages (from -r /home3/iasarantsev/requirements.txt (line 19)) (2.3.0)
Requirement already satisfied: seaborn==0.13.2 in /home3/iasarantsev/lib/python3.12/site-packages (from -r /home3/iasarantsev/requirements.txt (line 20)) (0.13.2)
Requirement already satisfied: opencv-python==4.11.0.86 in /home3/iasarantsev/lib/python3.12/site-packages (from -r /home3/iasarantsev/requirements.txt (line 23)) (4.11.0.86)
Requirement already satisfied: opencv-contrib-python==4.11.0.86 in /home3/iasarantsev/lib/python3.12/site-packages (from -r /home3/iasarantsev/requirements.txt (line 24)) (4.11.0.86)
Requirement already satisfied: tqdm==4.67.1 in /home3/iasarantsev/lib/python3.12/site-packages (from -r /home3/iasarantsev/requirements.txt (line 27)) (4.67.1)
Requirement already satisfied: colorlog==6.9.0 in /home3/iasarantsev/lib/python3.12/site-packages (from -r /home3/iasarantsev/requirements.txt (line 28)) (6.9.0)
Requirement already satisfied: python-json-logger==3.3.0 in /home3/iasarantsev/lib/python3.12/site-packages (from -r /home3/iasarantsev/requirements.txt (line 29)) (3.3.0)
Requirement already satisfied: requests==2.32.3 in /home3/iasarantsev/lib/python3.12/site-packages (from -r /home3/iasarantsev/requirements.txt (line 32)) (2.32.3)
Requirement already satisfied: PyYAML==6.0.2 in /home3/iasarantsev/lib/python3.12/site-packages (from -r /home3/iasarantsev/requirements.txt (line 35)) (6.0.2)
Requirement already satisfied: toml==0.10.2 in /home3/iasarantsev/lib/python3.12/site-packages (from -r /home3/iasarantsev/requirements.txt (line 36)) (0.10.2)
Requirement already satisfied: python-dotenv==1.0.1 in /home3/iasarantsev/lib/python3.12/site-packages (from -r /home3/iasarantsev/requirements.txt (line 37)) (1.0.1)
Requirement already satisfied: ultralytics==8.3.177 in /home3/iasarantsev/lib/python3.12/site-packages (from -r /home3/iasarantsev/requirements.txt (line 40)) (8.3.177)
Requirement already satisfied: ultralytics-thop==2.0.15 in /home3/iasarantsev/lib/python3.12/site-packages (from -r /home3/iasarantsev/requirements.txt (line 41)) (2.0.15)
Requirement already satisfied: optuna==4.7.0 in /home3/iasarantsev/lib/python3.12/site-packages (from -r /home3/iasarantsev/requirements.txt (line 44)) (4.7.0)
Requirement already satisfied: librosa==0.10.2.post1 in /home3/iasarantsev/lib/python3.12/site-packages (from -r /home3/iasarantsev/requirements.txt (line 47)) (0.10.2.post1)
Requirement already satisfied: catboost==1.2.8 in /home3/iasarantsev/lib/python3.12/site-packages (from -r /home3/iasarantsev/requirements.txt (line 50)) (1.2.8)
Requirement already satisfied: vit-pytorch==1.19.4 in /home3/iasarantsev/lib/python3.12/site-packages (from -r /home3/iasarantsev/requirements.txt (line 53)) (1.19.4)
Requirement already satisfied: filelock in /home3/iasarantsev/lib/python3.12/site-packages (from torch==2.6.0->-r /home3/iasarantsev/requirements.txt (line 4)) (3.25.2)
Requirement already satisfied: typing-extensions>=4.10.0 in /home3/iasarantsev/lib/python3.12/site-packages (from torch==2.6.0->-r /home3/iasarantsev/requirements.txt (line 4)) (4.15.0)
Requirement already satisfied: networkx in /home3/iasarantsev/lib/python3.12/site-packages (from torch==2.6.0->-r /home3/iasarantsev/requirements.txt (line 4)) (3.6.1)
Requirement already satisfied: jinja2 in /home3/iasarantsev/lib/python3.12/site-packages (from torch==2.6.0->-r /home3/iasarantsev/requirements.txt (line 4)) (3.1.6)
Requirement already satisfied: fsspec in /home3/iasarantsev/lib/python3.12/site-packages (from torch==2.6.0->-r /home3/iasarantsev/requirements.txt (line 4)) (2026.3.0)
Requirement already satisfied: nvidia-cuda-nvrtc-cu12==12.4.127 in /home3/iasarantsev/lib/python3.12/site-packages (from torch==2.6.0->-r /home3/iasarantsev/requirements.txt (line 4)) (12.4.127)
Requirement already satisfied: nvidia-cuda-runtime-cu12==12.4.127 in /home3/iasarantsev/lib/python3.12/site-packages (from torch==2.6.0->-r /home3/iasarantsev/requirements.txt (line 4)) (12.4.127)
Requirement already satisfied: nvidia-cuda-cupti-cu12==12.4.127 in /home3/iasarantsev/lib/python3.12/site-packages (from torch==2.6.0->-r /home3/iasarantsev/requirements.txt (line 4)) (12.4.127)
Requirement already satisfied: nvidia-cudnn-cu12==9.1.0.70 in /home3/iasarantsev/lib/python3.12/site-packages (from torch==2.6.0->-r /home3/iasarantsev/requirements.txt (line 4)) (9.1.0.70)
Requirement already satisfied: nvidia-cublas-cu12==12.4.5.8 in /home3/iasarantsev/lib/python3.12/site-packages (from torch==2.6.0->-r /home3/iasarantsev/requirements.txt (line 4)) (12.4.5.8)
Requirement already satisfied: nvidia-cufft-cu12==11.2.1.3 in /home3/iasarantsev/lib/python3.12/site-packages (from torch==2.6.0->-r /home3/iasarantsev/requirements.txt (line 4)) (11.2.1.3)
Requirement already satisfied: nvidia-curand-cu12==10.3.5.147 in /home3/iasarantsev/lib/python3.12/site-packages (from torch==2.6.0->-r /home3/iasarantsev/requirements.txt (line 4)) (10.3.5.147)
Requirement already satisfied: nvidia-cusolver-cu12==11.6.1.9 in /home3/iasarantsev/lib/python3.12/site-packages (from torch==2.6.0->-r /home3/iasarantsev/requirements.txt (line 4)) (11.6.1.9)
Requirement already satisfied: nvidia-cusparse-cu12==12.3.1.170 in /home3/iasarantsev/lib/python3.12/site-packages (from torch==2.6.0->-r /home3/iasarantsev/requirements.txt (line 4)) (12.3.1.170)
Requirement already satisfied: nvidia-cusparselt-cu12==0.6.2 in /home3/iasarantsev/lib/python3.12/site-packages (from torch==2.6.0->-r /home3/iasarantsev/requirements.txt (line 4)) (0.6.2)
Requirement already satisfied: nvidia-nccl-cu12==2.21.5 in /home3/iasarantsev/lib/python3.12/site-packages (from torch==2.6.0->-r /home3/iasarantsev/requirements.txt (line 4)) (2.21.5)
Requirement already satisfied: nvidia-nvtx-cu12==12.4.127 in /home3/iasarantsev/lib/python3.12/site-packages (from torch==2.6.0->-r /home3/iasarantsev/requirements.txt (line 4)) (12.4.127)
Requirement already satisfied: nvidia-nvjitlink-cu12==12.4.127 in /home3/iasarantsev/lib/python3.12/site-packages (from torch==2.6.0->-r /home3/iasarantsev/requirements.txt (line 4)) (12.4.127)
Requirement already satisfied: triton==3.2.0 in /home3/iasarantsev/lib/python3.12/site-packages (from torch==2.6.0->-r /home3/iasarantsev/requirements.txt (line 4)) (3.2.0)
Requirement already satisfied: setuptools in /home3/iasarantsev/lib/python3.12/site-packages (from torch==2.6.0->-r /home3/iasarantsev/requirements.txt (line 4)) (82.0.1)
Requirement already satisfied: sympy==1.13.1 in /home3/iasarantsev/lib/python3.12/site-packages (from torch==2.6.0->-r /home3/iasarantsev/requirements.txt (line 4)) (1.13.1)
Requirement already satisfied: pillow!=8.3.*,>=5.3.0 in /home3/iasarantsev/lib/python3.12/site-packages (from torchvision==0.21.0->-r /home3/iasarantsev/requirements.txt (line 5)) (12.2.0)
Requirement already satisfied: torchmetrics>0.7.0 in /home3/iasarantsev/lib/python3.12/site-packages (from pytorch-lightning==2.6.1->-r /home3/iasarantsev/requirements.txt (line 6)) (1.9.0)
Requirement already satisfied: packaging>=23.0 in /home3/iasarantsev/lib/python3.12/site-packages (from pytorch-lightning==2.6.1->-r /home3/iasarantsev/requirements.txt (line 6)) (26.0)
Requirement already satisfied: lightning-utilities>=0.10.0 in /home3/iasarantsev/lib/python3.12/site-packages (from pytorch-lightning==2.6.1->-r /home3/iasarantsev/requirements.txt (line 6)) (0.15.3)
Requirement already satisfied: regex!=2019.12.17 in /home3/iasarantsev/lib/python3.12/site-packages (from transformers==4.52.4->-r /home3/iasarantsev/requirements.txt (line 9)) (2026.4.4)
Requirement already satisfied: hf-xet<2.0.0,>=1.1.3 in /home3/iasarantsev/lib/python3.12/site-packages (from huggingface-hub==0.34.4->-r /home3/iasarantsev/requirements.txt (line 10)) (1.4.3)
Requirement already satisfied: joblib>=1.2.0 in /home3/iasarantsev/lib/python3.12/site-packages (from scikit-learn==1.6.1->-r /home3/iasarantsev/requirements.txt (line 18)) (1.5.3)
Requirement already satisfied: threadpoolctl>=3.1.0 in /home3/iasarantsev/lib/python3.12/site-packages (from scikit-learn==1.6.1->-r /home3/iasarantsev/requirements.txt (line 18)) (3.6.0)
Requirement already satisfied: python-dateutil>=2.8.2 in /home3/iasarantsev/lib/python3.12/site-packages (from pandas==2.3.0->-r /home3/iasarantsev/requirements.txt (line 19)) (2.9.0.post0)
Requirement already satisfied: pytz>=2020.1 in /home3/iasarantsev/lib/python3.12/site-packages (from pandas==2.3.0->-r /home3/iasarantsev/requirements.txt (line 19)) (2026.1.post1)
Requirement already satisfied: tzdata>=2022.7 in /home3/iasarantsev/lib/python3.12/site-packages (from pandas==2.3.0->-r /home3/iasarantsev/requirements.txt (line 19)) (2026.1)
Requirement already satisfied: matplotlib!=3.6.1,>=3.4 in /home3/iasarantsev/lib/python3.12/site-packages (from seaborn==0.13.2->-r /home3/iasarantsev/requirements.txt (line 20)) (3.10.8)
Requirement already satisfied: charset-normalizer<4,>=2 in /home3/iasarantsev/lib/python3.12/site-packages (from requests==2.32.3->-r /home3/iasarantsev/requirements.txt (line 32)) (3.4.7)
Requirement already satisfied: idna<4,>=2.5 in /home3/iasarantsev/lib/python3.12/site-packages (from requests==2.32.3->-r /home3/iasarantsev/requirements.txt (line 32)) (3.11)
Requirement already satisfied: urllib3<3,>=1.21.1 in /home3/iasarantsev/lib/python3.12/site-packages (from requests==2.32.3->-r /home3/iasarantsev/requirements.txt (line 32)) (2.6.3)
Requirement already satisfied: certifi>=2017.4.17 in /home3/iasarantsev/lib/python3.12/site-packages (from requests==2.32.3->-r /home3/iasarantsev/requirements.txt (line 32)) (2026.2.25)
Requirement already satisfied: psutil in /home3/iasarantsev/lib/python3.12/site-packages (from ultralytics==8.3.177->-r /home3/iasarantsev/requirements.txt (line 40)) (7.2.2)
Requirement already satisfied: py-cpuinfo in /home3/iasarantsev/lib/python3.12/site-packages (from ultralytics==8.3.177->-r /home3/iasarantsev/requirements.txt (line 40)) (9.0.0)
Requirement already satisfied: alembic>=1.5.0 in /home3/iasarantsev/lib/python3.12/site-packages (from optuna==4.7.0->-r /home3/iasarantsev/requirements.txt (line 44)) (1.18.4)
Requirement already satisfied: sqlalchemy>=1.4.2 in /home3/iasarantsev/lib/python3.12/site-packages (from optuna==4.7.0->-r /home3/iasarantsev/requirements.txt (line 44)) (2.0.49)
Requirement already satisfied: audioread>=2.1.9 in /home3/iasarantsev/lib/python3.12/site-packages (from librosa==0.10.2.post1->-r /home3/iasarantsev/requirements.txt (line 47)) (3.1.0)
Requirement already satisfied: decorator>=4.3.0 in /home3/iasarantsev/lib/python3.12/site-packages (from librosa==0.10.2.post1->-r /home3/iasarantsev/requirements.txt (line 47)) (5.2.1)
Requirement already satisfied: numba>=0.51.0 in /home3/iasarantsev/lib/python3.12/site-packages (from librosa==0.10.2.post1->-r /home3/iasarantsev/requirements.txt (line 47)) (0.65.0)
Requirement already satisfied: soundfile>=0.12.1 in /home3/iasarantsev/lib/python3.12/site-packages (from librosa==0.10.2.post1->-r /home3/iasarantsev/requirements.txt (line 47)) (0.13.1)
Requirement already satisfied: pooch>=1.1 in /home3/iasarantsev/lib/python3.12/site-packages (from librosa==0.10.2.post1->-r /home3/iasarantsev/requirements.txt (line 47)) (1.9.0)
Requirement already satisfied: soxr>=0.3.2 in /home3/iasarantsev/lib/python3.12/site-packages (from librosa==0.10.2.post1->-r /home3/iasarantsev/requirements.txt (line 47)) (1.0.0)
Requirement already satisfied: lazy-loader>=0.1 in /home3/iasarantsev/lib/python3.12/site-packages (from librosa==0.10.2.post1->-r /home3/iasarantsev/requirements.txt (line 47)) (0.5)
Requirement already satisfied: msgpack>=1.0 in /home3/iasarantsev/lib/python3.12/site-packages (from librosa==0.10.2.post1->-r /home3/iasarantsev/requirements.txt (line 47)) (1.1.2)
Requirement already satisfied: graphviz in /home3/iasarantsev/lib/python3.12/site-packages (from catboost==1.2.8->-r /home3/iasarantsev/requirements.txt (line 50)) (0.21)
Requirement already satisfied: plotly in /home3/iasarantsev/lib/python3.12/site-packages (from catboost==1.2.8->-r /home3/iasarantsev/requirements.txt (line 50)) (6.7.0)
Requirement already satisfied: six in /home3/iasarantsev/lib/python3.12/site-packages (from catboost==1.2.8->-r /home3/iasarantsev/requirements.txt (line 50)) (1.17.0)
Requirement already satisfied: einops>=0.8.2 in /home3/iasarantsev/lib/python3.12/site-packages (from vit-pytorch==1.19.4->-r /home3/iasarantsev/requirements.txt (line 53)) (0.8.2)
Requirement already satisfied: mpmath<1.4,>=1.1.0 in /home3/iasarantsev/lib/python3.12/site-packages (from sympy==1.13.1->torch==2.6.0->-r /home3/iasarantsev/requirements.txt (line 4)) (1.3.0)
Requirement already satisfied: Mako in /home3/iasarantsev/lib/python3.12/site-packages (from alembic>=1.5.0->optuna==4.7.0->-r /home3/iasarantsev/requirements.txt (line 44)) (1.3.10)
Requirement already satisfied: aiohttp!=4.0.0a0,!=4.0.0a1 in /home3/iasarantsev/lib/python3.12/site-packages (from fsspec[http]>=2022.5.0->pytorch-lightning==2.6.1->-r /home3/iasarantsev/requirements.txt (line 6)) (3.13.5)
Requirement already satisfied: contourpy>=1.0.1 in /home3/iasarantsev/lib/python3.12/site-packages (from matplotlib!=3.6.1,>=3.4->seaborn==0.13.2->-r /home3/iasarantsev/requirements.txt (line 20)) (1.3.3)
Requirement already satisfied: cycler>=0.10 in /home3/iasarantsev/lib/python3.12/site-packages (from matplotlib!=3.6.1,>=3.4->seaborn==0.13.2->-r /home3/iasarantsev/requirements.txt (line 20)) (0.12.1)
Requirement already satisfied: fonttools>=4.22.0 in /home3/iasarantsev/lib/python3.12/site-packages (from matplotlib!=3.6.1,>=3.4->seaborn==0.13.2->-r /home3/iasarantsev/requirements.txt (line 20)) (4.62.1)
Requirement already satisfied: kiwisolver>=1.3.1 in /home3/iasarantsev/lib/python3.12/site-packages (from matplotlib!=3.6.1,>=3.4->seaborn==0.13.2->-r /home3/iasarantsev/requirements.txt (line 20)) (1.5.0)
Requirement already satisfied: pyparsing>=3 in /home3/iasarantsev/lib/python3.12/site-packages (from matplotlib!=3.6.1,>=3.4->seaborn==0.13.2->-r /home3/iasarantsev/requirements.txt (line 20)) (3.3.2)
Requirement already satisfied: llvmlite<0.48,>=0.47.0dev0 in /home3/iasarantsev/lib/python3.12/site-packages (from numba>=0.51.0->librosa==0.10.2.post1->-r /home3/iasarantsev/requirements.txt (line 47)) (0.47.0)
Requirement already satisfied: platformdirs>=2.5.0 in /home3/iasarantsev/lib/python3.12/site-packages (from pooch>=1.1->librosa==0.10.2.post1->-r /home3/iasarantsev/requirements.txt (line 47)) (4.9.6)
Requirement already satisfied: cffi>=1.0 in /home3/iasarantsev/lib/python3.12/site-packages (from soundfile>=0.12.1->librosa==0.10.2.post1->-r /home3/iasarantsev/requirements.txt (line 47)) (2.0.0)
Requirement already satisfied: greenlet>=1 in /home3/iasarantsev/lib/python3.12/site-packages (from sqlalchemy>=1.4.2->optuna==4.7.0->-r /home3/iasarantsev/requirements.txt (line 44)) (3.4.0)
Requirement already satisfied: MarkupSafe>=2.0 in /home3/iasarantsev/lib/python3.12/site-packages (from jinja2->torch==2.6.0->-r /home3/iasarantsev/requirements.txt (line 4)) (3.0.3)
Requirement already satisfied: narwhals>=1.15.1 in /home3/iasarantsev/lib/python3.12/site-packages (from plotly->catboost==1.2.8->-r /home3/iasarantsev/requirements.txt (line 50)) (2.19.0)
Requirement already satisfied: aiohappyeyeballs>=2.5.0 in /home3/iasarantsev/lib/python3.12/site-packages (from aiohttp!=4.0.0a0,!=4.0.0a1->fsspec[http]>=2022.5.0->pytorch-lightning==2.6.1->-r /home3/iasarantsev/requirements.txt (line 6)) (2.6.1)
Requirement already satisfied: aiosignal>=1.4.0 in /home3/iasarantsev/lib/python3.12/site-packages (from aiohttp!=4.0.0a0,!=4.0.0a1->fsspec[http]>=2022.5.0->pytorch-lightning==2.6.1->-r /home3/iasarantsev/requirements.txt (line 6)) (1.4.0)
Requirement already satisfied: attrs>=17.3.0 in /home3/iasarantsev/lib/python3.12/site-packages (from aiohttp!=4.0.0a0,!=4.0.0a1->fsspec[http]>=2022.5.0->pytorch-lightning==2.6.1->-r /home3/iasarantsev/requirements.txt (line 6)) (26.1.0)
Requirement already satisfied: frozenlist>=1.1.1 in /home3/iasarantsev/lib/python3.12/site-packages (from aiohttp!=4.0.0a0,!=4.0.0a1->fsspec[http]>=2022.5.0->pytorch-lightning==2.6.1->-r /home3/iasarantsev/requirements.txt (line 6)) (1.8.0)
Requirement already satisfied: multidict<7.0,>=4.5 in /home3/iasarantsev/lib/python3.12/site-packages (from aiohttp!=4.0.0a0,!=4.0.0a1->fsspec[http]>=2022.5.0->pytorch-lightning==2.6.1->-r /home3/iasarantsev/requirements.txt (line 6)) (6.7.1)
Requirement already satisfied: propcache>=0.2.0 in /home3/iasarantsev/lib/python3.12/site-packages (from aiohttp!=4.0.0a0,!=4.0.0a1->fsspec[http]>=2022.5.0->pytorch-lightning==2.6.1->-r /home3/iasarantsev/requirements.txt (line 6)) (0.4.1)
Requirement already satisfied: yarl<2.0,>=1.17.0 in /home3/iasarantsev/lib/python3.12/site-packages (from aiohttp!=4.0.0a0,!=4.0.0a1->fsspec[http]>=2022.5.0->pytorch-lightning==2.6.1->-r /home3/iasarantsev/requirements.txt (line 6)) (1.23.0)
Requirement already satisfied: pycparser in /home3/iasarantsev/lib/python3.12/site-packages (from cffi>=1.0->soundfile>=0.12.1->librosa==0.10.2.post1->-r /home3/iasarantsev/requirements.txt (line 47)) (3.0)
======================================================================
Wav2Vec2 Training Pipeline — BAH A/H Audio Classification
======================================================================
Device                   : cuda
Model                    : facebook/wav2vec2-base
Sample rate              : 16000 Hz
Max audio length         : 30.0s (480,000 samples)
Freeze CNN extractor     : True
Freeze transformer layers: 8/12
Batch size               : 8
Epochs                   : 20
LR                       : 2e-05  (encoder: 2.0000000000000003e-06)
Weight decay             : 0.01
Patience                 : 5
Grad clip                : 1.0
Seed                     : 42
Weights path             : /home3/iasarantsev/audio/weights/wav2vec2_bah_best.pth
======================================================================

[FeatureExtractor] Loading Wav2Vec2FeatureExtractor from facebook/wav2vec2-base ...
  Sampling rate  : 16000 Hz
  do_normalize   : True
  return_attention_mask: False

[Dataset] Loading audio splits ...
AudioDataset [train]: 778 / 778 samples loaded (sr=16000, max=30.0s)
AudioDataset [val]: 124 / 124 samples loaded (sr=16000, max=30.0s)
AudioDataset [test]: 525 / 525 samples loaded (sr=16000, max=30.0s)
[Dataset] Loaded in 4.6s
  [train]    778 samples  |  No A-H: 393  With A-H: 385  (49.5% positive)  |  pre-extracted: 778, from video: 0
  [val  ]    124 samples  |  No A-H: 49  With A-H: 75  (60.5% positive)  |  pre-extracted: 124, from video: 0
  [test ]    525 samples  |  No A-H: 207  With A-H: 318  (60.6% positive)  |  pre-extracted: 525, from video: 0

[Sanity] Loading single sample from train dataset ...
  Label           : 0
  Encoded keys    : ['input_values']
  input_values         : shape=torch.Size([480000]), dtype=torch.float32, min=-10.091, max=9.506

[Sampler] Class counts — No A-H: 393  |  With A-H: 385
[Sampler] Class weights — No A-H: 0.002545  |  With A-H: 0.002597
[Loss]   Normalised weights → [0.4949, 0.5051]

[DataLoader] Train: 778 samples  |  Val: 124  |  Test: 525
[DataLoader] Train batches: 97  |  Val: 16  |  Test: 66

[Probe] Fetching first train batch ...
  input_values         : shape=torch.Size([8, 480000]), dtype=torch.float32
  labels              : [0, 0, 0, 1, 1, 0, 1, 1]
  batch time          : 0.14s

[Model] Loading Wav2Vec2ForSequenceClassification from facebook/wav2vec2-base ...
[Model] CNN feature extractor frozen (wav2vec2.feature_extractor)
[Model] Wav2Vec2 transformer has 12 layers
[Model] Freezing: first 8/12 transformer layers
[Model] Trainable: last 4 transformer layers + projector + classifier head
[Model] Parameters: 33,665,666 trainable  |  60,903,424 frozen  |  94,569,090 total  (35.6% trainable)

[Model] Architecture summary:
  Hidden size      : 768
  Num attn heads   : 12
  Num hidden layers: 12
  Intermediate size: 3072
  Hidden dropout   : 0.1
  Attn dropout     : 0.1
  Feat proj dropout: 0.1
  Classifier proj  : 256

[Optimizer] AdamW with differential LRs:
  Encoder params   : 74 tensors, lr=2.00e-06
  Classifier params: 4 tensors, lr=2.00e-05
  Weight decay     : 0.01
[Scheduler] CosineAnnealingLR, T_max=20, eta_min=2.00e-07

======================================================================
Starting training ...
======================================================================

  [Epoch 1, Batch 0] loss=0.6811  grad_norm=1.2120  logits_sample=[-0.022836774587631226, 0.02461249753832817]  preds=[1, 1, 1, 1, 1, 1, 1, 1]  labels=[1, 0, 0, 1, 1, 1, 1, 1]
Epoch   1/20  tr_loss=0.6781  tr_f1=0.5392  va_loss=0.6910  va_f1=0.4892  va_acc=0.5565  lr_enc=1.99e-06  lr_cls=1.99e-05  time=80s (0.68s/batch)
         train preds: {1: 596, 0: 180}  |  val preds: {1: 94, 0: 30}
  ✓ New best val F1=0.4892 — saved /home3/iasarantsev/audio/weights/wav2vec2_bah_best.pth
Epoch   2/20  tr_loss=0.6793  tr_f1=0.5579  va_loss=0.7272  va_f1=0.4805  va_acc=0.4839  lr_enc=1.96e-06  lr_cls=1.95e-05  time=75s (0.65s/batch)
         train preds: {1: 409, 0: 367}  |  val preds: {1: 59, 0: 65}
  ✗ No improvement (1/5)
Epoch   3/20  tr_loss=0.6716  tr_f1=0.5917  va_loss=0.7273  va_f1=0.4609  va_acc=0.4677  lr_enc=1.90e-06  lr_cls=1.89e-05  time=75s (0.66s/batch)
         train preds: {0: 417, 1: 359}  |  val preds: {1: 63, 0: 61}
  ✗ No improvement (2/5)
Epoch   4/20  tr_loss=0.6612  tr_f1=0.5928  va_loss=0.7286  va_f1=0.5005  va_acc=0.5242  lr_enc=1.83e-06  lr_cls=1.81e-05  time=75s (0.66s/batch)
         train preds: {0: 446, 1: 330}  |  val preds: {1: 76, 0: 48}
  ✓ New best val F1=0.5005 — saved /home3/iasarantsev/audio/weights/wav2vec2_bah_best.pth
Epoch   5/20  tr_loss=0.6516  tr_f1=0.6289  va_loss=0.7270  va_f1=0.4839  va_acc=0.5403  lr_enc=1.74e-06  lr_cls=1.71e-05  time=75s (0.66s/batch)
         train preds: {0: 429, 1: 347}  |  val preds: {1: 90, 0: 34}
  ✗ No improvement (1/5)
Epoch   6/20  tr_loss=0.6452  tr_f1=0.6405  va_loss=0.7303  va_f1=0.5016  va_acc=0.5484  lr_enc=1.63e-06  lr_cls=1.59e-05  time=75s (0.66s/batch)
         train preds: {0: 383, 1: 393}  |  val preds: {1: 87, 0: 37}
  ✓ New best val F1=0.5016 — saved /home3/iasarantsev/audio/weights/wav2vec2_bah_best.pth
Epoch   7/20  tr_loss=0.6500  tr_f1=0.6219  va_loss=0.7155  va_f1=0.5126  va_acc=0.5887  lr_enc=1.51e-06  lr_cls=1.46e-05  time=75s (0.66s/batch)
         train preds: {0: 349, 1: 427}  |  val preds: {1: 98, 0: 26}
  ✓ New best val F1=0.5126 — saved /home3/iasarantsev/audio/weights/wav2vec2_bah_best.pth
Epoch   8/20  tr_loss=0.6333  tr_f1=0.6493  va_loss=0.7586  va_f1=0.5081  va_acc=0.5645  lr_enc=1.38e-06  lr_cls=1.32e-05  time=76s (0.66s/batch)
         train preds: {1: 483, 0: 293}  |  val preds: {1: 91, 0: 33}
  ✗ No improvement (1/5)
Epoch   9/20  tr_loss=0.6332  tr_f1=0.6295  va_loss=0.7796  va_f1=0.4901  va_acc=0.5161  lr_enc=1.24e-06  lr_cls=1.16e-05  time=76s (0.66s/batch)
         train preds: {0: 347, 1: 429}  |  val preds: {1: 77, 0: 47}
  ✗ No improvement (2/5)
Epoch  10/20  tr_loss=0.6365  tr_f1=0.6378  va_loss=0.7569  va_f1=0.5137  va_acc=0.5806  lr_enc=1.10e-06  lr_cls=1.01e-05  time=75s (0.66s/batch)
         train preds: {1: 476, 0: 300}  |  val preds: {1: 95, 0: 29}
  ✓ New best val F1=0.5137 — saved /home3/iasarantsev/audio/weights/wav2vec2_bah_best.pth
Epoch  11/20  tr_loss=0.6167  tr_f1=0.6600  va_loss=0.7778  va_f1=0.5257  va_acc=0.5726  lr_enc=9.59e-07  lr_cls=8.55e-06  time=75s (0.66s/batch)
         train preds: {0: 295, 1: 481}  |  val preds: {1: 88, 0: 36}
  ✓ New best val F1=0.5257 — saved /home3/iasarantsev/audio/weights/wav2vec2_bah_best.pth
Epoch  12/20  tr_loss=0.6051  tr_f1=0.6756  va_loss=0.8014  va_f1=0.5005  va_acc=0.5403  lr_enc=8.22e-07  lr_cls=7.04e-06  time=75s (0.66s/batch)
         train preds: {1: 455, 0: 321}  |  val preds: {1: 84, 0: 40}
  ✗ No improvement (1/5)
Epoch  13/20  tr_loss=0.5981  tr_f1=0.6691  va_loss=0.8076  va_f1=0.5068  va_acc=0.5484  lr_enc=6.91e-07  lr_cls=5.61e-06  time=75s (0.66s/batch)
         train preds: {1: 493, 0: 283}  |  val preds: {1: 85, 0: 39}
  ✗ No improvement (2/5)
Epoch  14/20  tr_loss=0.6067  tr_f1=0.6582  va_loss=0.8067  va_f1=0.5194  va_acc=0.5645  lr_enc=5.71e-07  lr_cls=4.28e-06  time=76s (0.66s/batch)
         train preds: {1: 500, 0: 276}  |  val preds: {1: 87, 0: 37}
  ✗ No improvement (3/5)
Epoch  15/20  tr_loss=0.6266  tr_f1=0.6445  va_loss=0.8180  va_f1=0.5068  va_acc=0.5484  lr_enc=4.64e-07  lr_cls=3.10e-06  time=75s (0.66s/batch)
         train preds: {0: 254, 1: 522}  |  val preds: {1: 85, 0: 39}
  ✗ No improvement (4/5)
Epoch  16/20  tr_loss=0.5912  tr_f1=0.6793  va_loss=0.8485  va_f1=0.5053  va_acc=0.5403  lr_enc=3.72e-07  lr_cls=2.09e-06  time=75s (0.66s/batch)
         train preds: {1: 482, 0: 294}  |  val preds: {1: 82, 0: 42}
  ✗ No improvement (5/5)
  ⛔ Early stopping at epoch 16

======================================================================
Training done in 20.3 min. Best val F1 = 0.5257
======================================================================
Training curves saved → /home3/iasarantsev/audio/weights/wav2vec2_training_curves.png

[Test] Loading best checkpoint and evaluating ...

======================================================================
Test Results — Wav2Vec2 (facebook/wav2vec2-base)
======================================================================
[Test] Label distribution : {0: 207, 1: 318}
[Test] Prediction dist.  : {1: 385, 0: 140}
[Test] Macro-F1  : 0.5846
[Test] Accuracy  : 0.6324

              precision    recall  f1-score   support

      No A-H     0.5500    0.3720    0.4438       207
    With A-H     0.6623    0.8019    0.7255       318

    accuracy                         0.6324       525
   macro avg     0.6062    0.5869    0.5846       525
weighted avg     0.6180    0.6324    0.6144       525


======================================================================
Wav2Vec2 Training Summary
======================================================================
  Model                  : facebook/wav2vec2-base
  CNN extractor frozen   : True
  Frozen transformer layers: 8/12
  Trainable params       : 33,665,666 / 94,569,090
  Best val F1            : 0.5257
  Test F1                : 0.5846
  Test accuracy          : 0.6324
  Training time          : 20.3 min
  Weights saved          : /home3/iasarantsev/audio/weights/wav2vec2_bah_best.pth
  Curves saved           : /home3/iasarantsev/audio/weights/wav2vec2_training_curves.png
======================================================================
