Device: cuda  |  Image size: 224  |  Batch: 32
/home3/iasarantsev/data/SegmentedFrames
/home3/iasarantsev/data/split-frames/train.txt
SegmentedFrameDataset [train], subsampled 1/2: 289,041 / 289,433 frames (99.9% coverage)
/home3/iasarantsev/data/split-frames/val.txt
SegmentedFrameDataset [val]: 79,476 / 79,538 frames (99.9% coverage)
/home3/iasarantsev/data/split-frames/test.txt
SegmentedFrameDataset [test]: 334,282 / 335,110 frames (99.8% coverage)
Class counts — No A-H: 212,539  |  With A-H: 76,502
Class weights — No A-H: 0.000005  |  With A-H: 0.000013
Train: 289,041 frames  |  Val: 79,476  |  Test: 334,282
Train batches: 9,032  |  Val: 2,484  |  Test: 10,447
Encoder embed dim: 768  |  Trainable params: 86,390,786 / 86,390,786
Epoch   1  tr_loss=0.4573  tr_f1=0.6392  va_loss=0.7192  va_f1=0.5055  va_acc=0.6343
  ✓ New best val F1=0.5055 — saved weights/vit_bah_best.pth
Epoch   2  tr_loss=0.3576  tr_f1=0.7620  va_loss=0.7132  va_f1=0.5189  va_acc=0.7229
  ✓ New best val F1=0.5189 — saved weights/vit_bah_best.pth
Epoch   3  tr_loss=0.3100  tr_f1=0.8027  va_loss=0.8534  va_f1=0.5107  va_acc=0.7062
Epoch   4  tr_loss=0.2777  tr_f1=0.8302  va_loss=0.8700  va_f1=0.5050  va_acc=0.7342
Epoch   5  tr_loss=0.2564  tr_f1=0.8463  va_loss=0.8846  va_f1=0.5193  va_acc=0.7379
  ✓ New best val F1=0.5193 — saved weights/vit_bah_best.pth
Epoch   6  tr_loss=0.2348  tr_f1=0.8616  va_loss=0.9489  va_f1=0.5152  va_acc=0.7559
Epoch   7  tr_loss=0.2179  tr_f1=0.8738  va_loss=0.9708  va_f1=0.5129  va_acc=0.7361
Epoch   8  tr_loss=0.2037  tr_f1=0.8839  va_loss=0.9683  va_f1=0.5266  va_acc=0.7516
  ✓ New best val F1=0.5266 — saved weights/vit_bah_best.pth
Epoch   9  tr_loss=0.1904  tr_f1=0.8934  va_loss=1.0857  va_f1=0.5127  va_acc=0.7457
Epoch  10  tr_loss=0.1799  tr_f1=0.9007  va_loss=1.1268  va_f1=0.5058  va_acc=0.7625
Epoch  11  tr_loss=0.1693  tr_f1=0.9069  va_loss=1.2362  va_f1=0.5118  va_acc=0.7886
Early stopping at epoch 11

Training done. Best val F1 = 0.5266
Training curves saved → weights/training_curves.png
              precision    recall  f1-score   support

      No A-H     0.7980    0.8387    0.8178    268554
    With A-H     0.1674    0.1325    0.1479     65728

    accuracy                         0.6998    334282
   macro avg     0.4827    0.4856    0.4829    334282
weighted avg     0.6740    0.6998    0.6861    334282

