======================================================================
Audio Training Pipeline — BAH A/H Classification  [wav2vec2emotional]
======================================================================
Device                   : cpu
Model key                : wav2vec2emotional
Model name               : ehcalabres/wav2vec2-lg-xlsr-en-speech-emotion-recognition
Sample rate              : 16000 Hz
Max audio length         : 30.0s (480,000 samples)
Freeze CNN extractor     : True
Freeze transformer layers: 20
Batch size               : 4
Epochs                   : 20
LR                       : 1e-05  (encoder: 1.0000000000000002e-06)
Weight decay             : 0.05
Label smooth             : 0.1
Patience                 : 5
Grad clip                : 1.0
Seed                     : 42
Weights path             : /home3/iasarantsev/audio/weights/wav2vec2emotional_bah_best.pth
======================================================================

[FeatureExtractor] Loading Wav2Vec2FeatureExtractor from ehcalabres/wav2vec2-lg-xlsr-en-speech-emotion-recognition ...
  Sampling rate        : 16000 Hz
  do_normalize         : True
  return_attention_mask: True

[Augmentation] train=False  gain=0.2  snr_db=25.0  shift=0.5s  masks=2×0.05

[Dataset] Loading audio splits ...
AudioDataset [train]: 778 / 778 samples loaded (sr=16000, max=30.0s)
AudioDataset [val]: 124 / 124 samples loaded (sr=16000, max=30.0s)
AudioDataset [test]: 525 / 525 samples loaded (sr=16000, max=30.0s)
[Dataset] Loaded in 3.2s
  [train]    778 samples  |  No A-H: 393  With A-H: 385  (49.5% positive)
  [val  ]    124 samples  |  No A-H: 49  With A-H: 75  (60.5% positive)
  [test ]    525 samples  |  No A-H: 207  With A-H: 318  (60.6% positive)

[Sanity] Loading single sample from train dataset ...
  Label           : 0
  Encoded keys    : ['input_values', 'attention_mask']
  input_values         : shape=torch.Size([480000]), dtype=torch.float32, min=-10.091, max=9.506
  attention_mask       : shape=torch.Size([480000]), dtype=torch.int32, min=1.000, max=1.000

[Sampler] Class counts — No A-H: 393  |  With A-H: 385
[Sampler] Class weights — No A-H: 0.002545  |  With A-H: 0.002597

[DataLoader] Train: 778 samples  |  Val: 124  |  Test: 525
[DataLoader] Train batches: 194  |  Val: 31  |  Test: 132

[Probe] Fetching first train batch ...
  input_values         : shape=torch.Size([4, 480000]), dtype=torch.float32
  attention_mask       : shape=torch.Size([4, 480000]), dtype=torch.int32
  labels              : [0, 0, 0, 1]
  batch time          : 0.05s

[Model] Loading Wav2Vec2ForSequenceClassification from ehcalabres/wav2vec2-lg-xlsr-en-speech-emotion-recognition ...
[Model] Replacing original head → 2-class A/H head
[Model] CNN feature extractor frozen
[Model] Wav2Vec2 transformer has 24 layers
[Model] Freezing: first 20/24 transformer layers
[Model] Trainable: last 4 transformer layers + projector + classifier head
[Model] Parameters: 59,566,978 trainable  |  256,134,656 frozen  |  315,701,634 total  (18.9% trainable)

[Model] Architecture summary:
  Hidden size      : 1024
  Num attn heads   : 16
  Num hidden layers: 24
  Intermediate size: 4096
  Hidden dropout   : 0.05
  Attn dropout     : 0.1
  Feat proj dropout: 0.05
  Classifier proj  : 256

[Loss] CrossEntropyLoss  label_smoothing=0.1  (class balancing handled by WeightedRandomSampler only)

[Optimizer] AdamW with differential LRs:
  Encoder params   : 74 tensors, lr=1.00e-06
  Classifier params: 4 tensors, lr=1.00e-05
  Weight decay     : 0.05
[Scheduler] CosineAnnealingLR, T_max=20, eta_min=1.00e-07

======================================================================
Starting training [wav2vec2emotional] ...
======================================================================

  [Epoch 1, Batch 0] loss=0.6921  grad_norm=1.1508  logits_sample=[0.06783102452754974, 0.04928237199783325]  preds=[0, 1, 1, 1]  labels=[0, 0, 1, 0]
Epoch   1/20  tr_loss=0.6917  tr_f1=0.5358  va_loss=0.7045  va_f1=0.3659  va_acc=0.4194  lr_enc=9.94e-07  lr_cls=9.94e-06  time=12222s (59.26s/batch)
         train preds: {0: 390, 1: 386}  |  val preds: {0: 111, 1: 13}
  ✓ New best val F1=0.3659 — saved /home3/iasarantsev/audio/weights/wav2vec2emotional_bah_best.pth
Epoch   2/20  tr_loss=0.6827  tr_f1=0.5479  va_loss=0.6990  va_f1=0.4989  va_acc=0.5323  lr_enc=9.78e-07  lr_cls=9.76e-06  time=24706s (124.39s/batch)
         train preds: {0: 563, 1: 213}  |  val preds: {1: 81, 0: 43}
  ✓ New best val F1=0.4989 — saved /home3/iasarantsev/audio/weights/wav2vec2emotional_bah_best.pth
Epoch   3/20  tr_loss=0.6780  tr_f1=0.5914  va_loss=0.7115  va_f1=0.4423  va_acc=0.4516  lr_enc=9.51e-07  lr_cls=9.46e-06  time=23358s (117.30s/batch)
         train preds: {1: 388, 0: 388}  |  val preds: {1: 65, 0: 59}
  ✗ No improvement (1/5)
Epoch   4/20  tr_loss=0.6659  tr_f1=0.6046  va_loss=0.7164  va_f1=0.4655  va_acc=0.5081  lr_enc=9.14e-07  lr_cls=9.05e-06  time=25760s (129.18s/batch)
         train preds: {0: 351, 1: 425}  |  val preds: {1: 84, 0: 40}
  ✗ No improvement (2/5)
Epoch   5/20  tr_loss=0.6714  tr_f1=0.5825  va_loss=0.7308  va_f1=0.4689  va_acc=0.5000  lr_enc=8.68e-07  lr_cls=8.55e-06  time=26709s (132.23s/batch)
         train preds: {1: 509, 0: 267}  |  val preds: {1: 79, 0: 45}
  ✗ No improvement (3/5)
Epoch   6/20  tr_loss=0.6722  tr_f1=0.5850  va_loss=0.7380  va_f1=0.4796  va_acc=0.5081  lr_enc=8.15e-07  lr_cls=7.96e-06  time=46288s (229.49s/batch)
         train preds: {1: 483, 0: 293}  |  val preds: {1: 78, 0: 46}
  ✗ No improvement (4/5)
Epoch   7/20  tr_loss=0.6609  tr_f1=0.6040  va_loss=0.7511  va_f1=0.4738  va_acc=0.4919  lr_enc=7.54e-07  lr_cls=7.30e-06  time=45876s (227.16s/batch)
         train preds: {0: 287, 1: 489}  |  val preds: {1: 72, 0: 52}
  ✗ No improvement (5/5)
  ⛔ Early stopping at epoch 7

======================================================================
Training done in 3415.5 min. Best val F1 = 0.4989
======================================================================
Training curves saved → /home3/iasarantsev/audio/weights/wav2vec2emotional_training_curves.png

[Test] Loading best checkpoint and evaluating ...

======================================================================
Test Results — wav2vec2emotional (ehcalabres/wav2vec2-lg-xlsr-en-speech-emotion-recognition)
======================================================================
[Test] Label distribution : {0: 207, 1: 318}
[Test] Prediction dist.  : {0: 256, 1: 269}
[Test] Macro-F1  : 0.5654
[Test] Accuracy  : 0.5714

              precision    recall  f1-score   support

      No A-H     0.4648    0.5749    0.5140       207
    With A-H     0.6729    0.5692    0.6167       318

    accuracy                         0.5714       525
   macro avg     0.5689    0.5720    0.5654       525
weighted avg     0.5908    0.5714    0.5762       525


======================================================================
Training Summary — wav2vec2emotional
======================================================================
  Model                    : ehcalabres/wav2vec2-lg-xlsr-en-speech-emotion-recognition
  CNN extractor frozen     : True
  Frozen transformer layers: 20/24
  Trainable params         : 59,566,978 / 315,701,634
  Best val F1              : 0.4989
  Test F1                  : 0.5654
  Test accuracy            : 0.5714
  Training time            : 3415.5 min
  Weights saved            : /home3/iasarantsev/audio/weights/wav2vec2emotional_bah_best.pth
  Curves saved             : /home3/iasarantsev/audio/weights/wav2vec2emotional_training_curves.png
======================================================================
