======================================================================
Text Training Pipeline — BAH A/H Classification  [distilroberta_emotional]
======================================================================
Device        : cpu
Model key     : distilroberta_emotional
Model name    : j-hartmann/emotion-english-distilroberta-base
Max length    : 128 tokens
Freeze layers : 4
Batch size    : 16
Epochs        : 20
LR            : 2e-05  (encoder: 2.0000000000000003e-06)
Weight decay  : 0.05
Label smooth  : 0.1
Patience      : 5
Grad clip     : 1.0
Seed          : 42
Weights path  : /home3/iasarantsev/text/weights/distilroberta_emotional_bah_best.pth
======================================================================

[Tokenizer] Loading AutoTokenizer from j-hartmann/emotion-english-distilroberta-base ...
  Vocab size     : 50,265
  Model max len  : 512
  Padding token  : <pad>
  Mask token     : <mask>
  Using max_len  : 128

[Augmentation] train=True  mask_prob=0.25  drop_prob=0.15

[Dataset] Loading text splits ...
TextDataset [train]: 778 samples loaded
TextDataset [val]: 124 samples loaded
TextDataset [test]: 525 samples loaded
[Dataset] Loaded in 0.0s
  [train]    778 samples  |  No A-H: 393  With A-H: 385  (49.5% positive)  |  words: avg=58, min=1, max=234
  [val  ]    124 samples  |  No A-H: 49  With A-H: 75  (60.5% positive)  |  words: avg=58, min=1, max=195
  [test ]    525 samples  |  No A-H: 207  With A-H: 318  (60.6% positive)  |  words: avg=61, min=1, max=278

[Sanity] Loading single sample from train dataset ...
  Label           : 0
  Encoded keys    : ['input_ids', 'attention_mask']
  input_ids        : shape=torch.Size([128]), dtype=torch.int64
  attention_mask   : shape=torch.Size([128]), dtype=torch.int64
  Decoded text    : My hobby is traveling. like to visit places, countries, different tourist attractions. though costs a lot money, I prefe...
  Active tokens   : 128/128

[Sampler] Class counts — No A-H: 393  |  With A-H: 385
[Sampler] Class weights — No A-H: 0.002545  |  With A-H: 0.002597

[DataLoader] Train: 778 samples  |  Val: 124  |  Test: 525
[DataLoader] Train batches: 48  |  Val: 8  |  Test: 33

[Probe] Fetching first train batch ...
  input_ids        : shape=torch.Size([16, 128]), dtype=torch.int64
  attention_mask   : shape=torch.Size([16, 128]), dtype=torch.int64
  labels       : [0, 0, 0, 1, 1, 0, 1, 1, 0, 0, 0, 1, 0, 0, 0, 0]
  batch time   : 0.01s

[Model] Loading AutoModelForSequenceClassification from j-hartmann/emotion-english-distilroberta-base ...
[Model] Backbone has 6 encoder layers
[Model] Freezing: embeddings + first 4/6 encoder layers
[Model] Trainable: last 2 encoder layers + classifier head
[Model] Parameters: 14,767,874 trainable  |  67,352,064 frozen  |  82,119,938 total  (18.0% trainable)

[Model] Architecture summary:
  Hidden size    : 768
  Num heads      : 12
  Num layers     : 6
  Dropout        : 0.1
  Attn dropout   : 0.1
  Max position   : 514

[Loss] CrossEntropyLoss  label_smoothing=0.1  (class balancing handled by WeightedRandomSampler only)

[Optimizer] AdamW with differential LRs:
  Encoder params  : 32 tensors, lr=2.00e-06
  Classifier params: 4 tensors, lr=2.00e-05
  Weight decay    : 0.05
[Scheduler] CosineAnnealingLR, T_max=20, eta_min=2.00e-07

======================================================================
Starting training [distilroberta_emotional] ...
======================================================================

  [Epoch 1, Batch 0] loss=0.7294  grad_norm=2.8341  logits_sample=[0.19763003289699554, 0.22162677347660065]  preds=[1, 0, 0, 1, 1, 0, 0, 0, 1, 0, 0, 0, 0, 0, 0, 0]  labels=[1, 1, 0, 1, 0, 1, 1, 0, 0, 1, 0, 1, 0, 1, 0, 0]
Epoch   1/20  tr_loss=0.6806  tr_f1=0.5507  va_loss=0.6370  va_f1=0.6890  va_acc=0.7097  lr_enc=1.99e-06  lr_cls=1.99e-05  time=266s (5.26s/batch)
         train preds: {1: 367, 0: 401}  |  val preds: {1: 81, 0: 43}
  ✓ New best val F1=0.6890 — saved /home3/iasarantsev/text/weights/distilroberta_emotional_bah_best.pth
Epoch   2/20  tr_loss=0.6507  tr_f1=0.6364  va_loss=0.6215  va_f1=0.6836  va_acc=0.6935  lr_enc=1.96e-06  lr_cls=1.95e-05  time=268s (5.31s/batch)
         train preds: {1: 367, 0: 401}  |  val preds: {1: 71, 0: 53}
  ✗ No improvement (1/5)
Epoch   3/20  tr_loss=0.6357  tr_f1=0.6416  va_loss=0.6136  va_f1=0.6733  va_acc=0.6774  lr_enc=1.90e-06  lr_cls=1.89e-05  time=325s (6.40s/batch)
         train preds: {1: 395, 0: 373}  |  val preds: {1: 63, 0: 61}
  ✗ No improvement (2/5)
Epoch   4/20  tr_loss=0.6375  tr_f1=0.6425  va_loss=0.6414  va_f1=0.6207  va_acc=0.6210  lr_enc=1.83e-06  lr_cls=1.81e-05  time=377s (7.45s/batch)
         train preds: {1: 364, 0: 404}  |  val preds: {1: 52, 0: 72}
  ✗ No improvement (3/5)
Epoch   5/20  tr_loss=0.6200  tr_f1=0.6496  va_loss=0.6310  va_f1=0.6451  va_acc=0.6452  lr_enc=1.74e-06  lr_cls=1.71e-05  time=374s (7.41s/batch)
         train preds: {1: 377, 0: 391}  |  val preds: {1: 51, 0: 73}
  ✗ No improvement (4/5)
Epoch   6/20  tr_loss=0.6039  tr_f1=0.6865  va_loss=0.6244  va_f1=0.6767  va_acc=0.6774  lr_enc=1.63e-06  lr_cls=1.59e-05  time=363s (7.20s/batch)
         train preds: {1: 349, 0: 419}  |  val preds: {1: 55, 0: 69}
  ✗ No improvement (5/5)
  ⛔ Early stopping at epoch 6

======================================================================
Training done in 32.9 min. Best val F1 = 0.6890
======================================================================
Training curves saved → /home3/iasarantsev/text/weights/distilroberta_emotional_training_curves.png

[Test] Loading best checkpoint and evaluating ...

======================================================================
Test Results — distilroberta_emotional (j-hartmann/emotion-english-distilroberta-base)
======================================================================
[Test] Label distribution : {0: 207, 1: 318}
[Test] Prediction dist.  : {0: 174, 1: 351}
[Test] Macro-F1  : 0.6066
[Test] Accuracy  : 0.6362

              precision    recall  f1-score   support

      No A-H     0.5460    0.4589    0.4987       207
    With A-H     0.6809    0.7516    0.7145       318

    accuracy                         0.6362       525
   macro avg     0.6134    0.6053    0.6066       525
weighted avg     0.6277    0.6362    0.6294       525


======================================================================
Training Summary — distilroberta_emotional
======================================================================
  Model           : j-hartmann/emotion-english-distilroberta-base
  Frozen layers   : 4/6
  Trainable params: 14,767,874 / 82,119,938
  Best val F1     : 0.6890
  Test F1         : 0.6066
  Test accuracy   : 0.6362
  Training time   : 32.9 min
  Weights saved   : /home3/iasarantsev/text/weights/distilroberta_emotional_bah_best.pth
  Curves saved    : /home3/iasarantsev/text/weights/distilroberta_emotional_training_curves.png
======================================================================
