======================================================================
ViViT Training Pipeline — BAH A/H Detection
======================================================================
Device       : cuda
Model        : google/vivit-b-16x2-kinetics400
Image size   : 224
Clip length  : 32 frames
Clip stride  : 16 frames  (overlap=16)
Label agg    : any
Batch size   : 4
Epochs       : 30
LR           : 2e-05  (encoder: 2.0000000000000003e-06)
Weight decay : 0.01
Patience     : 5
Weights path : /home3/iasarantsev/video/weights/vivit_bah_best.pth
======================================================================

[Processor] VivitImageProcessor loaded from google/vivit-b-16x2-kinetics400
  size       : {'shortest_edge': 224}
  do_resize  : True
  do_normalize: True
  image_mean : [0.5, 0.5, 0.5]
  image_std  : [0.5, 0.5, 0.5]

[Dataset] Loading segmented video clip splits ...
/home3/iasarantsev/data/split-frames/train.txt
SegmentedVideoClipDataset [train]: 31,696 clips (clip_len=32, stride=16)
/home3/iasarantsev/data/split-frames/val.txt
SegmentedVideoClipDataset [val]: 5,026 clips (clip_len=32, stride=16)
/home3/iasarantsev/data/split-frames/test.txt
SegmentedVideoClipDataset [test]: 21,146 clips (clip_len=32, stride=16)
[Dataset] Loaded in 1116.2s
  [train]  31,696 clips  |  No A-H: 25,539  With A-H: 6,157  (19.4% positive)  |  778 videos  |  full: 30194, padded: 1502
  [val  ]  5,026 clips  |  No A-H: 3,913  With A-H: 1,113  (22.1% positive)  |  124 videos  |  full: 4785, padded: 241
  [test ]  21,146 clips  |  No A-H: 15,903  With A-H: 5,243  (24.8% positive)  |  525 videos  |  full: 20133, padded: 1013

[Sanity] Loading single sample from train dataset ...
  Raw clip tensor : shape=torch.Size([32, 3, 224, 224]), dtype=torch.float32, min=0.000, max=1.000
  Label           : 0
  Non-zero frames : 32/32

[Sampler] Class counts — No A-H: 25,539  |  With A-H: 6,157
[Sampler] Class weights — No A-H: 0.000039  |  With A-H: 0.000162
[Loss]   Normalised weights → [0.1943, 0.8057]

[DataLoader] Train: 31,696 clips  |  Val: 5,026  |  Test: 21,146
[DataLoader] Train batches: 7,924  |  Val: 1,257  |  Test: 5,287

[Probe] Fetching first train batch (this tests collate + processor) ...
  pixel_values : shape=torch.Size([4, 32, 3, 224, 224]), dtype=torch.float32, min=-3.000, max=1.000
  labels       : [0, 1, 1, 0]
  batch time   : 1.39s
  ✓ Shape matches expected (4, 32, 3, 224, 224)

[Model] Loading VivitForVideoClassification ...
[Model] Encoder has 12 layers
[Model] Freezing: embeddings + first 8/12 encoder layers
[Model] Trainable: last 4 encoder layers + classifier head
[Model] Parameters: 28,354,562 trainable  |  60,293,376 frozen  |  88,647,938 total  (32.0% trainable)

======================================================================
Starting training ...
======================================================================

  [Epoch 1, Batch 0] loss=1.0958  grad_norm=16.6793  logits_sample=[0.2720768451690674, -0.6716749668121338]  preds=[0, 1, 0, 1]  labels=[0, 0, 1, 0]
Epoch   1/30  tr_loss=0.5056  tr_f1=0.4869  va_loss=1.0316  va_f1=0.3784  va_acc=0.3788  lr=2.00e-06  time=4646s (0.40s/batch)
         train preds: {0: 2939, 1: 28757}  |  val preds: {1: 3785, 0: 1241}
  ✓ New best val F1=0.3784 — saved /home3/iasarantsev/video/weights/vivit_bah_best.pth
Epoch   2/30  tr_loss=0.4018  tr_f1=0.7170  va_loss=0.8986  va_f1=0.5101  va_acc=0.5862  lr=1.98e-06  time=4091s (0.40s/batch)
         train preds: {1: 22584, 0: 9112}  |  val preds: {1: 1933, 0: 3093}
  ✓ New best val F1=0.5101 — saved /home3/iasarantsev/video/weights/vivit_bah_best.pth
Epoch   3/30  tr_loss=0.3192  tr_f1=0.8134  va_loss=1.1843  va_f1=0.5317  va_acc=0.6624  lr=1.96e-06  time=4018s (0.40s/batch)
         train preds: {1: 19886, 0: 11810}  |  val preds: {1: 1258, 0: 3768}
  ✓ New best val F1=0.5317 — saved /home3/iasarantsev/video/weights/vivit_bah_best.pth
Epoch   4/30  tr_loss=0.2698  tr_f1=0.8691  va_loss=1.7258  va_f1=0.5294  va_acc=0.7091  lr=1.92e-06  time=4001s (0.40s/batch)
         train preds: {0: 13240, 1: 18456}  |  val preds: {1: 807, 0: 4219}
  ✗ No improvement (1/5)
Epoch   5/30  tr_loss=0.2266  tr_f1=0.9020  va_loss=2.1113  va_f1=0.5231  va_acc=0.7262  lr=1.88e-06  time=4005s (0.40s/batch)
         train preds: {0: 13830, 1: 17866}  |  val preds: {1: 633, 0: 4393}
  ✗ No improvement (2/5)
Epoch   6/30  tr_loss=0.1997  tr_f1=0.9235  va_loss=2.7208  va_f1=0.4995  va_acc=0.7388  lr=1.83e-06  time=4000s (0.40s/batch)
         train preds: {1: 17270, 0: 14426}  |  val preds: {1: 438, 0: 4588}
  ✗ No improvement (3/5)
Epoch   7/30  tr_loss=0.1489  tr_f1=0.9449  va_loss=3.1104  va_f1=0.5097  va_acc=0.7419  lr=1.77e-06  time=4011s (0.40s/batch)
         train preds: {1: 16808, 0: 14888}  |  val preds: {1: 454, 0: 4572}
  ✗ No improvement (4/5)
Epoch   8/30  tr_loss=0.1141  tr_f1=0.9583  va_loss=3.6729  va_f1=0.5021  va_acc=0.7543  lr=1.70e-06  time=4012s (0.40s/batch)
         train preds: {1: 16944, 0: 14752}  |  val preds: {1: 336, 0: 4690}
  ✗ No improvement (5/5)
  ⛔ Early stopping at epoch 8

======================================================================
Training done in 546.5 min. Best val F1 = 0.5317
======================================================================
Training curves saved → /home3/iasarantsev/video/weights/vivit_training_curves.png

[Test] Loading best checkpoint and evaluating ...

[Test] Label distribution : {0: 15903, 1: 5243}
[Test] Prediction dist.  : {1: 5825, 0: 15321}
              precision    recall  f1-score   support

      No A-H     0.7432    0.7160    0.7294     15903
    With A-H     0.2247    0.2497    0.2365      5243

    accuracy                         0.6004     21146
   macro avg     0.4840    0.4828    0.4830     21146
weighted avg     0.6147    0.6004    0.6072     21146

