======================================================================
ViViT Training Pipeline — BAH A/H Detection
======================================================================
Device       : cuda
Model        : google/vivit-b-16x2-kinetics400
Image size   : 224
Clip length  : 32 frames
Clip stride  : 16 frames  (overlap=16)
Label agg    : any
Batch size   : 4
Epochs       : 30
LR           : 2e-05  (encoder: 2.0000000000000003e-06)
Weight decay : 0.01
Patience     : 5
Weights path : /home3/iasarantsev/video/weights/vivit_bah_best.pth
======================================================================

[Processor] VivitImageProcessor loaded from google/vivit-b-16x2-kinetics400
  size       : {'shortest_edge': 224}
  do_resize  : True
  do_normalize: True
  image_mean : [0.5, 0.5, 0.5]
  image_std  : [0.5, 0.5, 0.5]

[Dataset] Loading segmented video clip splits ...
/home3/iasarantsev/data/split-frames/train.txt
SegmentedVideoClipDataset [train]: 31,696 clips (clip_len=32, stride=16)
/home3/iasarantsev/data/split-frames/val.txt
SegmentedVideoClipDataset [val]: 5,026 clips (clip_len=32, stride=16)
/home3/iasarantsev/data/split-frames/test.txt
SegmentedVideoClipDataset [test]: 21,146 clips (clip_len=32, stride=16)
[Dataset] Loaded in 1211.3s
  [train]  31,696 clips  |  No A-H: 25,539  With A-H: 6,157  (19.4% positive)  |  778 videos  |  full: 30194, padded: 1502
  [val  ]  5,026 clips  |  No A-H: 3,913  With A-H: 1,113  (22.1% positive)  |  124 videos  |  full: 4785, padded: 241
  [test ]  21,146 clips  |  No A-H: 15,903  With A-H: 5,243  (24.8% positive)  |  525 videos  |  full: 20133, padded: 1013

[Sanity] Loading single sample from train dataset ...
  Raw clip tensor : shape=torch.Size([32, 3, 224, 224]), dtype=torch.float32, min=0.000, max=1.000
  Label           : 0
  Non-zero frames : 32/32

[Sampler] Class counts — No A-H: 25,539  |  With A-H: 6,157
[Sampler] Class weights — No A-H: 0.000039  |  With A-H: 0.000162
[Loss]   Normalised weights → [0.1943, 0.8057]

[DataLoader] Train: 31,696 clips  |  Val: 5,026  |  Test: 21,146
[DataLoader] Val videos: 124  |  Test videos: 525
[DataLoader] Train batches: 7,924  |  Val: 1,257  |  Test: 5,287

[Probe] Fetching first train batch (this tests collate + processor) ...
  pixel_values : shape=torch.Size([4, 32, 3, 224, 224]), dtype=torch.float32, min=-3.000, max=1.000
  labels       : [0, 1, 1, 0]
  batch time   : 1.20s
  ✓ Shape matches expected (4, 32, 3, 224, 224)

[Model] Loading VivitForVideoClassification ...
[Model] Encoder has 12 layers
[Model] Freezing: embeddings + first 8/12 encoder layers
[Model] Trainable: last 4 encoder layers + classifier head
[Model] Parameters: 28,354,562 trainable  |  60,293,376 frozen  |  88,647,938 total  (32.0% trainable)

======================================================================
Starting training ...
======================================================================

  [Epoch 1, Batch 0] loss=1.5099  grad_norm=21.4843  logits_sample=[0.8879242539405823, -1.048301100730896]  preds=[0, 1, 0, 0]  labels=[1, 0, 1, 1]
Epoch   1/30  tr_loss=0.5003  tr_f1=0.5164  va_loss=1.0856  va_f1(video)=0.4318  va_acc(video)=0.6129  lr=2.00e-06  time=5380s (0.40s/batch)
         train preds: {0: 3688, 1: 28008}  |  val preds: {1: 3837, 0: 1189}
  ✓ New best val F1=0.4318 — saved /home3/iasarantsev/video/weights/vivit_bah_best.pth
Epoch   2/30  tr_loss=0.3914  tr_f1=0.7333  va_loss=1.0669  va_f1(video)=0.4839  va_acc(video)=0.5403  lr=1.98e-06  time=4748s (0.40s/batch)
         train preds: {0: 9598, 1: 22098}  |  val preds: {1: 2013, 0: 3013}
  ✓ New best val F1=0.4839 — saved /home3/iasarantsev/video/weights/vivit_bah_best.pth
Epoch   3/30  tr_loss=0.3129  tr_f1=0.8231  va_loss=1.4102  va_f1(video)=0.4989  va_acc(video)=0.5323  lr=1.96e-06  time=4717s (0.40s/batch)
         train preds: {0: 12052, 1: 19644}  |  val preds: {1: 1230, 0: 3796}
  ✓ New best val F1=0.4989 — saved /home3/iasarantsev/video/weights/vivit_bah_best.pth
Epoch   4/30  tr_loss=0.2582  tr_f1=0.8753  va_loss=1.8051  va_f1(video)=0.4872  va_acc(video)=0.5081  lr=1.92e-06  time=4978s (0.40s/batch)
         train preds: {0: 13266, 1: 18430}  |  val preds: {1: 953, 0: 4073}
  ✗ No improvement (1/5)
Epoch   5/30  tr_loss=0.2177  tr_f1=0.9052  va_loss=2.3856  va_f1(video)=0.5141  va_acc(video)=0.5323  lr=1.88e-06  time=4980s (0.40s/batch)
         train preds: {0: 13894, 1: 17802}  |  val preds: {1: 805, 0: 4221}
  ✓ New best val F1=0.5141 — saved /home3/iasarantsev/video/weights/vivit_bah_best.pth
Epoch   6/30  tr_loss=0.1793  tr_f1=0.9304  va_loss=3.0661  va_f1(video)=0.4863  va_acc(video)=0.4919  lr=1.83e-06  time=4653s (0.40s/batch)
         train preds: {1: 17274, 0: 14422}  |  val preds: {1: 680, 0: 4346}
  ✗ No improvement (1/5)
Epoch   7/30  tr_loss=0.1445  tr_f1=0.9460  va_loss=3.4982  va_f1(video)=0.4817  va_acc(video)=0.4839  lr=1.77e-06  time=4482s (0.40s/batch)
         train preds: {0: 14716, 1: 16980}  |  val preds: {1: 602, 0: 4424}
  ✗ No improvement (2/5)
Epoch   8/30  tr_loss=0.1113  tr_f1=0.9602  va_loss=4.0641  va_f1(video)=0.4596  va_acc(video)=0.4597  lr=1.70e-06  time=4473s (0.40s/batch)
         train preds: {1: 16728, 0: 14968}  |  val preds: {1: 473, 0: 4553}
  ✗ No improvement (3/5)
Epoch   9/30  tr_loss=0.0925  tr_f1=0.9692  va_loss=4.2538  va_f1(video)=0.4503  va_acc(video)=0.4516  lr=1.63e-06  time=4469s (0.40s/batch)
         train preds: {0: 15058, 1: 16638}  |  val preds: {1: 530, 0: 4496}
  ✗ No improvement (4/5)
Epoch  10/30  tr_loss=0.0698  tr_f1=0.9770  va_loss=4.8779  va_f1(video)=0.4677  va_acc(video)=0.4677  lr=1.55e-06  time=4997s (0.40s/batch)
         train preds: {1: 16315, 0: 15381}  |  val preds: {1: 431, 0: 4595}
  ✗ No improvement (5/5)
  ⛔ Early stopping at epoch 10

======================================================================
Training done in 798.0 min. Best val F1 = 0.5141
======================================================================
Training curves saved → /home3/iasarantsev/video/weights/vivit_training_curves.png

[Test] Loading best checkpoint and evaluating ...

── Video-level Test Results ──
[Test] Label distribution : {1: 317, 0: 208}
[Test] Prediction dist.  : {1: 298, 0: 227}
              precision    recall  f1-score   support

      No A-H     0.4317    0.4712    0.4506       208
    With A-H     0.6309    0.5931    0.6114       317

    accuracy                         0.5448       525
   macro avg     0.5313    0.5321    0.5310       525
weighted avg     0.5520    0.5448    0.5477       525

