======================================================================
Swin-Small Training Pipeline — BAH A/H Detection
======================================================================
Device        : cuda
Model         : microsoft/swin-tiny-patch4-window7-224
Image size    : 224
Clip length   : 32 frames
Clip stride   : 16 frames  (overlap=16)
Label agg     : any
Freeze stages : 3
Batch size    : 4
Epochs        : 30
LR            : 2e-05  (backbone: 2.0000000000000003e-06)
Weight decay  : 0.01
Patience      : 5
Weights path  : /home3/iasarantsev/video/weights/swin_bah_best.pth
======================================================================

[Processor] AutoImageProcessor loaded from microsoft/swin-tiny-patch4-window7-224
  size       : {'height': 224, 'width': 224}
  do_resize  : True
  do_normalize: True
  image_mean : [0.485, 0.456, 0.406]
  image_std  : [0.229, 0.224, 0.225]

[Dataset] Loading segmented video clip splits ...
/home3/iasarantsev/data/split-frames/train.txt
SegmentedVideoClipDataset [train]: 31,696 clips (clip_len=32, stride=16)
/home3/iasarantsev/data/split-frames/val.txt
SegmentedVideoClipDataset [val]: 5,026 clips (clip_len=32, stride=16)
/home3/iasarantsev/data/split-frames/test.txt
SegmentedVideoClipDataset [test]: 21,146 clips (clip_len=32, stride=16)
[Dataset] Loaded in 1554.4s
  [train]  31,696 clips  |  No A-H: 25,539  With A-H: 6,157  (19.4% positive)  |  778 videos  |  full: 30194, padded: 1502
  [val  ]  5,026 clips  |  No A-H: 3,913  With A-H: 1,113  (22.1% positive)  |  124 videos  |  full: 4785, padded: 241
  [test ]  21,146 clips  |  No A-H: 15,903  With A-H: 5,243  (24.8% positive)  |  525 videos  |  full: 20133, padded: 1013

[Sanity] Loading single sample from train dataset ...
  Raw clip tensor : shape=torch.Size([32, 3, 224, 224]), dtype=torch.float32, min=0.000, max=1.000
  Label           : 0
  Non-zero frames : 32/32

[Sampler] Class counts — No A-H: 25,539  |  With A-H: 6,157
[Sampler] Class weights — No A-H: 0.000039  |  With A-H: 0.000162
[Loss]   Normalised weights → [0.1943, 0.8057]

[DataLoader] Train: 31,696 clips  |  Val: 5,026  |  Test: 21,146
[DataLoader] Val videos: 124  |  Test videos: 525
[DataLoader] Train batches: 7,924  |  Val: 1,257  |  Test: 5,287

[Probe] Fetching first train batch (this tests collate + processor) ...
  pixel_values : shape=torch.Size([4, 32, 3, 224, 224]), dtype=torch.float32, min=-2.118, max=2.640
  labels       : [0, 1, 0, 1]
  batch time   : 1.53s
  ✓ Shape matches expected (4, 32, 3, 224, 224)

[Model] Loading SwinVideoClassifier ...
[Model] Swin encoder has 4 stages
[Model] Freezing: embeddings + first 3/4 stages
[Model] Trainable: last 1 stages + layernorm + classifier head
[Model] Parameters: 14,186,930 trainable  |  13,333,962 frozen  |  27,520,892 total  (51.5% trainable)

======================================================================
Starting training ...
======================================================================

  [Epoch 1, Batch 0] loss=0.9459  grad_norm=13.3330  logits_sample=[0.33892983198165894, -0.06468096375465393]  preds=[0, 0, 0, 0]  labels=[1, 1, 1, 0]
Epoch   1/30  tr_loss=0.5393  tr_f1=0.4157  va_loss=1.2337  va_f1(video)=0.3809  va_acc(video)=0.5726  lr=2.00e-06  time=5827s (0.16s/batch)
         train preds: {0: 1691, 1: 30005}  |  val preds: {1: 4144, 0: 882}
  ✓ New best val F1=0.3809 — saved /home3/iasarantsev/video/weights/swin_bah_best.pth
Epoch   2/30  tr_loss=0.4839  tr_f1=0.5676  va_loss=1.2987  va_f1(video)=0.4529  va_acc(video)=0.5645  lr=1.98e-06  time=5828s (0.16s/batch)
         train preds: {1: 26616, 0: 5080}  |  val preds: {1: 3631, 0: 1395}
  ✓ New best val F1=0.4529 — saved /home3/iasarantsev/video/weights/swin_bah_best.pth
Epoch   3/30  tr_loss=0.4389  tr_f1=0.6541  va_loss=1.0139  va_f1(video)=0.4779  va_acc(video)=0.5323  lr=1.96e-06  time=5815s (0.16s/batch)
         train preds: {1: 24369, 0: 7327}  |  val preds: {1: 2581, 0: 2445}
  ✓ New best val F1=0.4779 — saved /home3/iasarantsev/video/weights/swin_bah_best.pth
Epoch   4/30  tr_loss=0.3998  tr_f1=0.7157  va_loss=1.4363  va_f1(video)=0.4534  va_acc(video)=0.5161  lr=1.92e-06  time=5814s (0.16s/batch)
         train preds: {1: 22747, 0: 8949}  |  val preds: {1: 2726, 0: 2300}
  ✗ No improvement (1/5)
Epoch   5/30  tr_loss=0.3591  tr_f1=0.7589  va_loss=1.3634  va_f1(video)=0.4601  va_acc(video)=0.4839  lr=1.88e-06  time=5778s (0.16s/batch)
         train preds: {1: 21836, 0: 9860}  |  val preds: {0: 2958, 1: 2068}
  ✗ No improvement (2/5)
Epoch   6/30  tr_loss=0.3417  tr_f1=0.7862  va_loss=1.8189  va_f1(video)=0.4571  va_acc(video)=0.4758  lr=1.83e-06  time=5632s (0.16s/batch)
         train preds: {1: 20908, 0: 10788}  |  val preds: {1: 2197, 0: 2829}
  ✗ No improvement (3/5)
Epoch   7/30  tr_loss=0.3259  tr_f1=0.8108  va_loss=1.9100  va_f1(video)=0.4822  va_acc(video)=0.4919  lr=1.77e-06  time=5584s (0.16s/batch)
         train preds: {0: 11610, 1: 20086}  |  val preds: {0: 3150, 1: 1876}
  ✓ New best val F1=0.4822 — saved /home3/iasarantsev/video/weights/swin_bah_best.pth
Epoch   8/30  tr_loss=0.3009  tr_f1=0.8311  va_loss=2.4761  va_f1(video)=0.4822  va_acc(video)=0.4919  lr=1.70e-06  time=5561s (0.16s/batch)
         train preds: {1: 19655, 0: 12041}  |  val preds: {0: 3112, 1: 1914}
  ✗ No improvement (1/5)
Epoch   9/30  tr_loss=0.3009  tr_f1=0.8452  va_loss=2.7353  va_f1(video)=0.4632  va_acc(video)=0.4758  lr=1.63e-06  time=5540s (0.16s/batch)
         train preds: {0: 12659, 1: 19037}  |  val preds: {0: 3025, 1: 2001}
  ✗ No improvement (2/5)
Epoch  10/30  tr_loss=0.2875  tr_f1=0.8562  va_loss=2.9516  va_f1(video)=0.4962  va_acc(video)=0.5081  lr=1.55e-06  time=5505s (0.16s/batch)
         train preds: {1: 18750, 0: 12946}  |  val preds: {0: 3193, 1: 1833}
  ✓ New best val F1=0.4962 — saved /home3/iasarantsev/video/weights/swin_bah_best.pth
Epoch  11/30  tr_loss=0.2661  tr_f1=0.8719  va_loss=3.1725  va_f1(video)=0.4790  va_acc(video)=0.4839  lr=1.47e-06  time=5486s (0.16s/batch)
         train preds: {1: 18797, 0: 12899}  |  val preds: {0: 3599, 1: 1427}
  ✗ No improvement (1/5)
Epoch  12/30  tr_loss=0.2680  tr_f1=0.8813  va_loss=4.0601  va_f1(video)=0.4728  va_acc(video)=0.4839  lr=1.38e-06  time=5479s (0.16s/batch)
         train preds: {1: 18356, 0: 13340}  |  val preds: {0: 3120, 1: 1906}
  ✗ No improvement (2/5)
Epoch  13/30  tr_loss=0.2723  tr_f1=0.8858  va_loss=3.9257  va_f1(video)=0.4568  va_acc(video)=0.4597  lr=1.29e-06  time=5475s (0.16s/batch)
         train preds: {1: 18021, 0: 13675}  |  val preds: {0: 3676, 1: 1350}
  ✗ No improvement (3/5)
Epoch  14/30  tr_loss=0.2522  tr_f1=0.8955  va_loss=4.3107  va_f1(video)=0.4627  va_acc(video)=0.4677  lr=1.19e-06  time=5475s (0.16s/batch)
         train preds: {1: 17907, 0: 13789}  |  val preds: {0: 3511, 1: 1515}
  ✗ No improvement (4/5)
Epoch  15/30  tr_loss=0.2473  tr_f1=0.9041  va_loss=4.7910  va_f1(video)=0.4879  va_acc(video)=0.4919  lr=1.10e-06  time=5068s (0.16s/batch)
         train preds: {0: 14100, 1: 17596}  |  val preds: {0: 3562, 1: 1464}
  ✗ No improvement (5/5)
  ⛔ Early stopping at epoch 15

======================================================================
Training done in 1397.9 min. Best val F1 = 0.4962
======================================================================
Training curves saved → /home3/iasarantsev/video/weights/swin_training_curves.png

[Test] Loading best checkpoint and evaluating ...

── Video-level Test Results ──
[Test] Label distribution : {1: 317, 0: 208}
[Test] Prediction dist.  : {1: 289, 0: 236}
              precision    recall  f1-score   support

      No A-H     0.4576    0.5192    0.4865       208
    With A-H     0.6540    0.5962    0.6238       317

    accuracy                         0.5657       525
   macro avg     0.5558    0.5577    0.5551       525
weighted avg     0.5762    0.5657    0.5694       525

