======================================================================
Swin-Small Training Pipeline — BAH A/H Detection
======================================================================
Device        : cuda
Model         : microsoft/swin-small-patch4-window7-224
Image size    : 224
Clip length   : 32 frames
Clip stride   : 16 frames  (overlap=16)
Label agg     : any
Freeze stages : 0
Batch size    : 4
Epochs        : 30
LR            : 2e-05  (backbone: 2.0000000000000003e-06)
Weight decay  : 0.01
Patience      : 5
Weights path  : /home3/iasarantsev/video/weights/swin_bah_best.pth
======================================================================

[Processor] AutoImageProcessor loaded from microsoft/swin-small-patch4-window7-224
  size       : {'height': 224, 'width': 224}
  do_resize  : True
  do_normalize: True
  image_mean : [0.485, 0.456, 0.406]
  image_std  : [0.229, 0.224, 0.225]

[Dataset] Loading segmented video clip splits ...
/home3/iasarantsev/data/split-frames/train.txt
SegmentedVideoClipDataset [train]: 31,696 clips (clip_len=32, stride=16)
/home3/iasarantsev/data/split-frames/val.txt
SegmentedVideoClipDataset [val]: 5,026 clips (clip_len=32, stride=16)
/home3/iasarantsev/data/split-frames/test.txt
SegmentedVideoClipDataset [test]: 21,146 clips (clip_len=32, stride=16)
[Dataset] Loaded in 1116.7s
  [train]  31,696 clips  |  No A-H: 25,539  With A-H: 6,157  (19.4% positive)  |  778 videos  |  full: 30194, padded: 1502
  [val  ]  5,026 clips  |  No A-H: 3,913  With A-H: 1,113  (22.1% positive)  |  124 videos  |  full: 4785, padded: 241
  [test ]  21,146 clips  |  No A-H: 15,903  With A-H: 5,243  (24.8% positive)  |  525 videos  |  full: 20133, padded: 1013

[Sanity] Loading single sample from train dataset ...
  Raw clip tensor : shape=torch.Size([32, 3, 224, 224]), dtype=torch.float32, min=0.000, max=1.000
  Label           : 0
  Non-zero frames : 32/32

[Sampler] Class counts — No A-H: 25,539  |  With A-H: 6,157
[Sampler] Class weights — No A-H: 0.000039  |  With A-H: 0.000162
[Loss]   Normalised weights → [0.1943, 0.8057]

[DataLoader] Train: 31,696 clips  |  Val: 5,026  |  Test: 21,146
[DataLoader] Train batches: 7,924  |  Val: 1,257  |  Test: 5,287

[Probe] Fetching first train batch (this tests collate + processor) ...
  pixel_values : shape=torch.Size([4, 32, 3, 224, 224]), dtype=torch.float32, min=-2.118, max=2.640
  labels       : [0, 1, 1, 0]
  batch time   : 1.84s
  ✓ Shape matches expected (4, 32, 3, 224, 224)

[Model] Loading SwinVideoClassifier ...
[Model] Swin encoder has 4 stages
[Model] Freezing: embeddings + first 0/4 stages
[Model] Trainable: last 4 stages + layernorm + classifier head
[Model] Parameters: 48,833,900 trainable  |  4,896 frozen  |  48,838,796 total  (100.0% trainable)

======================================================================
Starting training ...
======================================================================

  [Epoch 1, Batch 0] loss=0.7975  grad_norm=7.6782  logits_sample=[0.028528522700071335, 0.4833875000476837]  preds=[1, 0, 1, 1]  labels=[0, 1, 0, 0]
