Device: cuda  |  Image size: 224  |  Batch: 32
/home3/iasarantsev/data/SegmentedFrames
/home3/iasarantsev/data/split-frames/train.txt
SegmentedFrameDataset [train], subsampled 1/2: 250,790 / 251,186 frames (99.8% coverage)
/home3/iasarantsev/data/split-frames/val.txt
SegmentedFrameDataset [val]: 79,476 / 79,538 frames (99.9% coverage)
/home3/iasarantsev/data/split-frames/test.txt
SegmentedFrameDataset [test]: 334,282 / 335,110 frames (99.8% coverage)
Train: 250,790 frames  |  Val: 79,476  |  Test: 334,282
Train batches: 7,837  |  Val: 2,484  |  Test: 10,447
Encoder embed dim: 768  |  Trainable params: 86,390,786 / 86,390,786
Epoch   1  tr_loss=0.4495  tr_f1=0.5473  va_loss=0.5501  va_f1=0.4523  va_acc=0.8236
  ✓ New best val F1=0.4523 — saved weights/vit_bah_best.pth
Epoch   2  tr_loss=0.4185  tr_f1=0.6256  va_loss=0.5582  va_f1=0.4806  va_acc=0.8066
  ✓ New best val F1=0.4806 — saved weights/vit_bah_best.pth
Epoch   3  tr_loss=0.3983  tr_f1=0.6801  va_loss=0.5499  va_f1=0.4813  va_acc=0.8096
  ✓ New best val F1=0.4813 — saved weights/vit_bah_best.pth
Epoch   4  tr_loss=0.3826  tr_f1=0.7191  va_loss=0.5585  va_f1=0.4848  va_acc=0.8207
  ✓ New best val F1=0.4848 — saved weights/vit_bah_best.pth
Epoch   5  tr_loss=0.3695  tr_f1=0.7474  va_loss=0.5783  va_f1=0.4641  va_acc=0.8207
Epoch   6  tr_loss=0.3591  tr_f1=0.7684  va_loss=0.5906  va_f1=0.4632  va_acc=0.8229
Epoch   7  tr_loss=0.3505  tr_f1=0.7844  va_loss=0.5780  va_f1=0.4817  va_acc=0.8157
Early stopping at epoch 7

Training done. Best val F1 = 0.4848
              precision    recall  f1-score   support

      No A-H     0.8018    0.9612    0.8743    268554
    With A-H     0.1560    0.0293    0.0493     65728

    accuracy                         0.7780    334282
   macro avg     0.4789    0.4953    0.4618    334282
weighted avg     0.6748    0.7780    0.7121    334282

