Device: cuda  |  Image size: 224  |  Batch: 32
/home3/iasarantsev/data/SegmentedFrames
/home3/iasarantsev/data/split-frames/train.txt
SegmentedFrameDataset [train], subsampled 1/2: 250,790 / 251,186 frames (99.8% coverage)
/home3/iasarantsev/data/split-frames/val.txt
SegmentedFrameDataset [val]: 79,476 / 79,538 frames (99.9% coverage)
/home3/iasarantsev/data/split-frames/test.txt
SegmentedFrameDataset [test]: 334,282 / 335,110 frames (99.8% coverage)
Class counts — No A-H: 212,544  |  With A-H: 38,246
Class weights — No A-H: 0.000005  |  With A-H: 0.000026
Train: 250,790 frames  |  Val: 79,476  |  Test: 334,282
Train batches: 7,837  |  Val: 2,484  |  Test: 10,447
Encoder embed dim: 768  |  Trainable params: 86,390,786 / 86,390,786
Epoch   1  tr_loss=0.3502  tr_f1=0.5631  va_loss=1.0247  va_f1=0.4210  va_acc=0.4516
  ✓ New best val F1=0.4210 — saved weights/vit_bah_best.pth
Epoch   2  tr_loss=0.2774  tr_f1=0.7153  va_loss=0.8749  va_f1=0.4910  va_acc=0.5789
  ✓ New best val F1=0.4910 — saved weights/vit_bah_best.pth
Epoch   3  tr_loss=0.2444  tr_f1=0.7668  va_loss=0.8528  va_f1=0.5198  va_acc=0.6365
  ✓ New best val F1=0.5198 — saved weights/vit_bah_best.pth
Epoch   4  tr_loss=0.2226  tr_f1=0.7961  va_loss=0.8516  va_f1=0.5307  va_acc=0.7285
  ✓ New best val F1=0.5307 — saved weights/vit_bah_best.pth
Epoch   5  tr_loss=0.2044  tr_f1=0.8193  va_loss=0.9596  va_f1=0.5265  va_acc=0.6607
Epoch   6  tr_loss=0.1885  tr_f1=0.8373  va_loss=0.9491  va_f1=0.5433  va_acc=0.7023
  ✓ New best val F1=0.5433 — saved weights/vit_bah_best.pth
Epoch   7  tr_loss=0.1767  tr_f1=0.8509  va_loss=0.9101  va_f1=0.5456  va_acc=0.7499
  ✓ New best val F1=0.5456 — saved weights/vit_bah_best.pth
Epoch   8  tr_loss=0.1664  tr_f1=0.8627  va_loss=1.0668  va_f1=0.5421  va_acc=0.7062
Epoch   9  tr_loss=0.1572  tr_f1=0.8721  va_loss=1.0462  va_f1=0.5474  va_acc=0.7768
  ✓ New best val F1=0.5474 — saved weights/vit_bah_best.pth
Epoch  10  tr_loss=0.1475  tr_f1=0.8814  va_loss=0.9903  va_f1=0.5518  va_acc=0.7738
  ✓ New best val F1=0.5518 — saved weights/vit_bah_best.pth
Epoch  11  tr_loss=0.1395  tr_f1=0.8892  va_loss=1.1210  va_f1=0.5388  va_acc=0.7879
Epoch  12  tr_loss=0.1331  tr_f1=0.8964  va_loss=1.0434  va_f1=0.5380  va_acc=0.7743
Epoch  13  tr_loss=0.1256  tr_f1=0.9027  va_loss=1.1205  va_f1=0.5334  va_acc=0.7819
Early stopping at epoch 13

Training done. Best val F1 = 0.5518
              precision    recall  f1-score   support

      No A-H     0.8011    0.7743    0.7875    268554
    With A-H     0.1888    0.2146    0.2009     65728

    accuracy                         0.6643    334282
   macro avg     0.4949    0.4944    0.4942    334282
weighted avg     0.6807    0.6643    0.6721    334282

