/home3/iasarantsev
Looking in indexes: https://pypi.org/simple, https://download.pytorch.org/whl/cu124
Requirement already satisfied: torch==2.6.0 in /home3/iasarantsev/lib/python3.12/site-packages (from -r /home3/iasarantsev/requirements.txt (line 4)) (2.6.0+cu124)
Requirement already satisfied: torchvision==0.21.0 in /home3/iasarantsev/lib/python3.12/site-packages (from -r /home3/iasarantsev/requirements.txt (line 5)) (0.21.0+cu124)
Requirement already satisfied: pytorch-lightning==2.6.1 in /home3/iasarantsev/lib/python3.12/site-packages (from -r /home3/iasarantsev/requirements.txt (line 6)) (2.6.1)
Requirement already satisfied: transformers==4.52.4 in /home3/iasarantsev/lib/python3.12/site-packages (from -r /home3/iasarantsev/requirements.txt (line 9)) (4.52.4)
Requirement already satisfied: huggingface-hub==0.34.4 in /home3/iasarantsev/lib/python3.12/site-packages (from -r /home3/iasarantsev/requirements.txt (line 10)) (0.34.4)
Requirement already satisfied: tokenizers==0.21.2 in /home3/iasarantsev/lib/python3.12/site-packages (from -r /home3/iasarantsev/requirements.txt (line 11)) (0.21.2)
Requirement already satisfied: safetensors==0.6.2 in /home3/iasarantsev/lib/python3.12/site-packages (from -r /home3/iasarantsev/requirements.txt (line 12)) (0.6.2)
Requirement already satisfied: sentencepiece==0.2.0 in /home3/iasarantsev/lib/python3.12/site-packages (from -r /home3/iasarantsev/requirements.txt (line 13)) (0.2.0)
Requirement already satisfied: numpy==1.26.4 in /home3/iasarantsev/lib/python3.12/site-packages (from -r /home3/iasarantsev/requirements.txt (line 16)) (1.26.4)
Requirement already satisfied: scipy==1.16.1 in /home3/iasarantsev/lib/python3.12/site-packages (from -r /home3/iasarantsev/requirements.txt (line 17)) (1.16.1)
Requirement already satisfied: scikit-learn==1.6.1 in /home3/iasarantsev/lib/python3.12/site-packages (from -r /home3/iasarantsev/requirements.txt (line 18)) (1.6.1)
Requirement already satisfied: pandas==2.3.0 in /home3/iasarantsev/lib/python3.12/site-packages (from -r /home3/iasarantsev/requirements.txt (line 19)) (2.3.0)
Requirement already satisfied: seaborn==0.13.2 in /home3/iasarantsev/lib/python3.12/site-packages (from -r /home3/iasarantsev/requirements.txt (line 20)) (0.13.2)
Requirement already satisfied: opencv-python==4.11.0.86 in /home3/iasarantsev/lib/python3.12/site-packages (from -r /home3/iasarantsev/requirements.txt (line 23)) (4.11.0.86)
Requirement already satisfied: opencv-contrib-python==4.11.0.86 in /home3/iasarantsev/lib/python3.12/site-packages (from -r /home3/iasarantsev/requirements.txt (line 24)) (4.11.0.86)
Requirement already satisfied: tqdm==4.67.1 in /home3/iasarantsev/lib/python3.12/site-packages (from -r /home3/iasarantsev/requirements.txt (line 27)) (4.67.1)
Requirement already satisfied: colorlog==6.9.0 in /home3/iasarantsev/lib/python3.12/site-packages (from -r /home3/iasarantsev/requirements.txt (line 28)) (6.9.0)
Requirement already satisfied: python-json-logger==3.3.0 in /home3/iasarantsev/lib/python3.12/site-packages (from -r /home3/iasarantsev/requirements.txt (line 29)) (3.3.0)
Requirement already satisfied: requests==2.32.3 in /home3/iasarantsev/lib/python3.12/site-packages (from -r /home3/iasarantsev/requirements.txt (line 32)) (2.32.3)
Requirement already satisfied: PyYAML==6.0.2 in /home3/iasarantsev/lib/python3.12/site-packages (from -r /home3/iasarantsev/requirements.txt (line 35)) (6.0.2)
Requirement already satisfied: toml==0.10.2 in /home3/iasarantsev/lib/python3.12/site-packages (from -r /home3/iasarantsev/requirements.txt (line 36)) (0.10.2)
Requirement already satisfied: python-dotenv==1.0.1 in /home3/iasarantsev/lib/python3.12/site-packages (from -r /home3/iasarantsev/requirements.txt (line 37)) (1.0.1)
Requirement already satisfied: ultralytics==8.3.177 in /home3/iasarantsev/lib/python3.12/site-packages (from -r /home3/iasarantsev/requirements.txt (line 40)) (8.3.177)
Requirement already satisfied: ultralytics-thop==2.0.15 in /home3/iasarantsev/lib/python3.12/site-packages (from -r /home3/iasarantsev/requirements.txt (line 41)) (2.0.15)
Requirement already satisfied: optuna==4.7.0 in /home3/iasarantsev/lib/python3.12/site-packages (from -r /home3/iasarantsev/requirements.txt (line 44)) (4.7.0)
Requirement already satisfied: librosa==0.10.2.post1 in /home3/iasarantsev/lib/python3.12/site-packages (from -r /home3/iasarantsev/requirements.txt (line 47)) (0.10.2.post1)
Requirement already satisfied: catboost==1.2.8 in /home3/iasarantsev/lib/python3.12/site-packages (from -r /home3/iasarantsev/requirements.txt (line 50)) (1.2.8)
Requirement already satisfied: vit-pytorch==1.19.4 in /home3/iasarantsev/lib/python3.12/site-packages (from -r /home3/iasarantsev/requirements.txt (line 53)) (1.19.4)
Requirement already satisfied: filelock in /home3/iasarantsev/lib/python3.12/site-packages (from torch==2.6.0->-r /home3/iasarantsev/requirements.txt (line 4)) (3.25.2)
Requirement already satisfied: typing-extensions>=4.10.0 in /home3/iasarantsev/lib/python3.12/site-packages (from torch==2.6.0->-r /home3/iasarantsev/requirements.txt (line 4)) (4.15.0)
Requirement already satisfied: networkx in /home3/iasarantsev/lib/python3.12/site-packages (from torch==2.6.0->-r /home3/iasarantsev/requirements.txt (line 4)) (3.6.1)
Requirement already satisfied: jinja2 in /home3/iasarantsev/lib/python3.12/site-packages (from torch==2.6.0->-r /home3/iasarantsev/requirements.txt (line 4)) (3.1.6)
Requirement already satisfied: fsspec in /home3/iasarantsev/lib/python3.12/site-packages (from torch==2.6.0->-r /home3/iasarantsev/requirements.txt (line 4)) (2026.3.0)
Requirement already satisfied: nvidia-cuda-nvrtc-cu12==12.4.127 in /home3/iasarantsev/lib/python3.12/site-packages (from torch==2.6.0->-r /home3/iasarantsev/requirements.txt (line 4)) (12.4.127)
Requirement already satisfied: nvidia-cuda-runtime-cu12==12.4.127 in /home3/iasarantsev/lib/python3.12/site-packages (from torch==2.6.0->-r /home3/iasarantsev/requirements.txt (line 4)) (12.4.127)
Requirement already satisfied: nvidia-cuda-cupti-cu12==12.4.127 in /home3/iasarantsev/lib/python3.12/site-packages (from torch==2.6.0->-r /home3/iasarantsev/requirements.txt (line 4)) (12.4.127)
Requirement already satisfied: nvidia-cudnn-cu12==9.1.0.70 in /home3/iasarantsev/lib/python3.12/site-packages (from torch==2.6.0->-r /home3/iasarantsev/requirements.txt (line 4)) (9.1.0.70)
Requirement already satisfied: nvidia-cublas-cu12==12.4.5.8 in /home3/iasarantsev/lib/python3.12/site-packages (from torch==2.6.0->-r /home3/iasarantsev/requirements.txt (line 4)) (12.4.5.8)
Requirement already satisfied: nvidia-cufft-cu12==11.2.1.3 in /home3/iasarantsev/lib/python3.12/site-packages (from torch==2.6.0->-r /home3/iasarantsev/requirements.txt (line 4)) (11.2.1.3)
Requirement already satisfied: nvidia-curand-cu12==10.3.5.147 in /home3/iasarantsev/lib/python3.12/site-packages (from torch==2.6.0->-r /home3/iasarantsev/requirements.txt (line 4)) (10.3.5.147)
Requirement already satisfied: nvidia-cusolver-cu12==11.6.1.9 in /home3/iasarantsev/lib/python3.12/site-packages (from torch==2.6.0->-r /home3/iasarantsev/requirements.txt (line 4)) (11.6.1.9)
Requirement already satisfied: nvidia-cusparse-cu12==12.3.1.170 in /home3/iasarantsev/lib/python3.12/site-packages (from torch==2.6.0->-r /home3/iasarantsev/requirements.txt (line 4)) (12.3.1.170)
Requirement already satisfied: nvidia-cusparselt-cu12==0.6.2 in /home3/iasarantsev/lib/python3.12/site-packages (from torch==2.6.0->-r /home3/iasarantsev/requirements.txt (line 4)) (0.6.2)
Requirement already satisfied: nvidia-nccl-cu12==2.21.5 in /home3/iasarantsev/lib/python3.12/site-packages (from torch==2.6.0->-r /home3/iasarantsev/requirements.txt (line 4)) (2.21.5)
Requirement already satisfied: nvidia-nvtx-cu12==12.4.127 in /home3/iasarantsev/lib/python3.12/site-packages (from torch==2.6.0->-r /home3/iasarantsev/requirements.txt (line 4)) (12.4.127)
Requirement already satisfied: nvidia-nvjitlink-cu12==12.4.127 in /home3/iasarantsev/lib/python3.12/site-packages (from torch==2.6.0->-r /home3/iasarantsev/requirements.txt (line 4)) (12.4.127)
Requirement already satisfied: triton==3.2.0 in /home3/iasarantsev/lib/python3.12/site-packages (from torch==2.6.0->-r /home3/iasarantsev/requirements.txt (line 4)) (3.2.0)
Requirement already satisfied: setuptools in /home3/iasarantsev/lib/python3.12/site-packages (from torch==2.6.0->-r /home3/iasarantsev/requirements.txt (line 4)) (82.0.1)
Requirement already satisfied: sympy==1.13.1 in /home3/iasarantsev/lib/python3.12/site-packages (from torch==2.6.0->-r /home3/iasarantsev/requirements.txt (line 4)) (1.13.1)
Requirement already satisfied: pillow!=8.3.*,>=5.3.0 in /home3/iasarantsev/lib/python3.12/site-packages (from torchvision==0.21.0->-r /home3/iasarantsev/requirements.txt (line 5)) (12.2.0)
Requirement already satisfied: torchmetrics>0.7.0 in /home3/iasarantsev/lib/python3.12/site-packages (from pytorch-lightning==2.6.1->-r /home3/iasarantsev/requirements.txt (line 6)) (1.9.0)
Requirement already satisfied: packaging>=23.0 in /home3/iasarantsev/lib/python3.12/site-packages (from pytorch-lightning==2.6.1->-r /home3/iasarantsev/requirements.txt (line 6)) (26.0)
Requirement already satisfied: lightning-utilities>=0.10.0 in /home3/iasarantsev/lib/python3.12/site-packages (from pytorch-lightning==2.6.1->-r /home3/iasarantsev/requirements.txt (line 6)) (0.15.3)
Requirement already satisfied: regex!=2019.12.17 in /home3/iasarantsev/lib/python3.12/site-packages (from transformers==4.52.4->-r /home3/iasarantsev/requirements.txt (line 9)) (2026.4.4)
Requirement already satisfied: hf-xet<2.0.0,>=1.1.3 in /home3/iasarantsev/lib/python3.12/site-packages (from huggingface-hub==0.34.4->-r /home3/iasarantsev/requirements.txt (line 10)) (1.4.3)
Requirement already satisfied: joblib>=1.2.0 in /home3/iasarantsev/lib/python3.12/site-packages (from scikit-learn==1.6.1->-r /home3/iasarantsev/requirements.txt (line 18)) (1.5.3)
Requirement already satisfied: threadpoolctl>=3.1.0 in /home3/iasarantsev/lib/python3.12/site-packages (from scikit-learn==1.6.1->-r /home3/iasarantsev/requirements.txt (line 18)) (3.6.0)
Requirement already satisfied: python-dateutil>=2.8.2 in /home3/iasarantsev/lib/python3.12/site-packages (from pandas==2.3.0->-r /home3/iasarantsev/requirements.txt (line 19)) (2.9.0.post0)
Requirement already satisfied: pytz>=2020.1 in /home3/iasarantsev/lib/python3.12/site-packages (from pandas==2.3.0->-r /home3/iasarantsev/requirements.txt (line 19)) (2026.1.post1)
Requirement already satisfied: tzdata>=2022.7 in /home3/iasarantsev/lib/python3.12/site-packages (from pandas==2.3.0->-r /home3/iasarantsev/requirements.txt (line 19)) (2026.1)
Requirement already satisfied: matplotlib!=3.6.1,>=3.4 in /home3/iasarantsev/lib/python3.12/site-packages (from seaborn==0.13.2->-r /home3/iasarantsev/requirements.txt (line 20)) (3.10.8)
Requirement already satisfied: charset-normalizer<4,>=2 in /home3/iasarantsev/lib/python3.12/site-packages (from requests==2.32.3->-r /home3/iasarantsev/requirements.txt (line 32)) (3.4.7)
Requirement already satisfied: idna<4,>=2.5 in /home3/iasarantsev/lib/python3.12/site-packages (from requests==2.32.3->-r /home3/iasarantsev/requirements.txt (line 32)) (3.11)
Requirement already satisfied: urllib3<3,>=1.21.1 in /home3/iasarantsev/lib/python3.12/site-packages (from requests==2.32.3->-r /home3/iasarantsev/requirements.txt (line 32)) (2.6.3)
Requirement already satisfied: certifi>=2017.4.17 in /home3/iasarantsev/lib/python3.12/site-packages (from requests==2.32.3->-r /home3/iasarantsev/requirements.txt (line 32)) (2026.2.25)
Requirement already satisfied: psutil in /home3/iasarantsev/lib/python3.12/site-packages (from ultralytics==8.3.177->-r /home3/iasarantsev/requirements.txt (line 40)) (7.2.2)
Requirement already satisfied: py-cpuinfo in /home3/iasarantsev/lib/python3.12/site-packages (from ultralytics==8.3.177->-r /home3/iasarantsev/requirements.txt (line 40)) (9.0.0)
Requirement already satisfied: alembic>=1.5.0 in /home3/iasarantsev/lib/python3.12/site-packages (from optuna==4.7.0->-r /home3/iasarantsev/requirements.txt (line 44)) (1.18.4)
Requirement already satisfied: sqlalchemy>=1.4.2 in /home3/iasarantsev/lib/python3.12/site-packages (from optuna==4.7.0->-r /home3/iasarantsev/requirements.txt (line 44)) (2.0.49)
Requirement already satisfied: audioread>=2.1.9 in /home3/iasarantsev/lib/python3.12/site-packages (from librosa==0.10.2.post1->-r /home3/iasarantsev/requirements.txt (line 47)) (3.1.0)
Requirement already satisfied: decorator>=4.3.0 in /home3/iasarantsev/lib/python3.12/site-packages (from librosa==0.10.2.post1->-r /home3/iasarantsev/requirements.txt (line 47)) (5.2.1)
Requirement already satisfied: numba>=0.51.0 in /home3/iasarantsev/lib/python3.12/site-packages (from librosa==0.10.2.post1->-r /home3/iasarantsev/requirements.txt (line 47)) (0.65.0)
Requirement already satisfied: soundfile>=0.12.1 in /home3/iasarantsev/lib/python3.12/site-packages (from librosa==0.10.2.post1->-r /home3/iasarantsev/requirements.txt (line 47)) (0.13.1)
Requirement already satisfied: pooch>=1.1 in /home3/iasarantsev/lib/python3.12/site-packages (from librosa==0.10.2.post1->-r /home3/iasarantsev/requirements.txt (line 47)) (1.9.0)
Requirement already satisfied: soxr>=0.3.2 in /home3/iasarantsev/lib/python3.12/site-packages (from librosa==0.10.2.post1->-r /home3/iasarantsev/requirements.txt (line 47)) (1.0.0)
Requirement already satisfied: lazy-loader>=0.1 in /home3/iasarantsev/lib/python3.12/site-packages (from librosa==0.10.2.post1->-r /home3/iasarantsev/requirements.txt (line 47)) (0.5)
Requirement already satisfied: msgpack>=1.0 in /home3/iasarantsev/lib/python3.12/site-packages (from librosa==0.10.2.post1->-r /home3/iasarantsev/requirements.txt (line 47)) (1.1.2)
Requirement already satisfied: graphviz in /home3/iasarantsev/lib/python3.12/site-packages (from catboost==1.2.8->-r /home3/iasarantsev/requirements.txt (line 50)) (0.21)
Requirement already satisfied: plotly in /home3/iasarantsev/lib/python3.12/site-packages (from catboost==1.2.8->-r /home3/iasarantsev/requirements.txt (line 50)) (6.7.0)
Requirement already satisfied: six in /home3/iasarantsev/lib/python3.12/site-packages (from catboost==1.2.8->-r /home3/iasarantsev/requirements.txt (line 50)) (1.17.0)
Requirement already satisfied: einops>=0.8.2 in /home3/iasarantsev/lib/python3.12/site-packages (from vit-pytorch==1.19.4->-r /home3/iasarantsev/requirements.txt (line 53)) (0.8.2)
Requirement already satisfied: mpmath<1.4,>=1.1.0 in /home3/iasarantsev/lib/python3.12/site-packages (from sympy==1.13.1->torch==2.6.0->-r /home3/iasarantsev/requirements.txt (line 4)) (1.3.0)
Requirement already satisfied: Mako in /home3/iasarantsev/lib/python3.12/site-packages (from alembic>=1.5.0->optuna==4.7.0->-r /home3/iasarantsev/requirements.txt (line 44)) (1.3.10)
Requirement already satisfied: aiohttp!=4.0.0a0,!=4.0.0a1 in /home3/iasarantsev/lib/python3.12/site-packages (from fsspec[http]>=2022.5.0->pytorch-lightning==2.6.1->-r /home3/iasarantsev/requirements.txt (line 6)) (3.13.5)
Requirement already satisfied: contourpy>=1.0.1 in /home3/iasarantsev/lib/python3.12/site-packages (from matplotlib!=3.6.1,>=3.4->seaborn==0.13.2->-r /home3/iasarantsev/requirements.txt (line 20)) (1.3.3)
Requirement already satisfied: cycler>=0.10 in /home3/iasarantsev/lib/python3.12/site-packages (from matplotlib!=3.6.1,>=3.4->seaborn==0.13.2->-r /home3/iasarantsev/requirements.txt (line 20)) (0.12.1)
Requirement already satisfied: fonttools>=4.22.0 in /home3/iasarantsev/lib/python3.12/site-packages (from matplotlib!=3.6.1,>=3.4->seaborn==0.13.2->-r /home3/iasarantsev/requirements.txt (line 20)) (4.62.1)
Requirement already satisfied: kiwisolver>=1.3.1 in /home3/iasarantsev/lib/python3.12/site-packages (from matplotlib!=3.6.1,>=3.4->seaborn==0.13.2->-r /home3/iasarantsev/requirements.txt (line 20)) (1.5.0)
Requirement already satisfied: pyparsing>=3 in /home3/iasarantsev/lib/python3.12/site-packages (from matplotlib!=3.6.1,>=3.4->seaborn==0.13.2->-r /home3/iasarantsev/requirements.txt (line 20)) (3.3.2)
Requirement already satisfied: llvmlite<0.48,>=0.47.0dev0 in /home3/iasarantsev/lib/python3.12/site-packages (from numba>=0.51.0->librosa==0.10.2.post1->-r /home3/iasarantsev/requirements.txt (line 47)) (0.47.0)
Requirement already satisfied: platformdirs>=2.5.0 in /home3/iasarantsev/lib/python3.12/site-packages (from pooch>=1.1->librosa==0.10.2.post1->-r /home3/iasarantsev/requirements.txt (line 47)) (4.9.6)
Requirement already satisfied: cffi>=1.0 in /home3/iasarantsev/lib/python3.12/site-packages (from soundfile>=0.12.1->librosa==0.10.2.post1->-r /home3/iasarantsev/requirements.txt (line 47)) (2.0.0)
Requirement already satisfied: greenlet>=1 in /home3/iasarantsev/lib/python3.12/site-packages (from sqlalchemy>=1.4.2->optuna==4.7.0->-r /home3/iasarantsev/requirements.txt (line 44)) (3.4.0)
Requirement already satisfied: MarkupSafe>=2.0 in /home3/iasarantsev/lib/python3.12/site-packages (from jinja2->torch==2.6.0->-r /home3/iasarantsev/requirements.txt (line 4)) (3.0.3)
Requirement already satisfied: narwhals>=1.15.1 in /home3/iasarantsev/lib/python3.12/site-packages (from plotly->catboost==1.2.8->-r /home3/iasarantsev/requirements.txt (line 50)) (2.19.0)
Requirement already satisfied: aiohappyeyeballs>=2.5.0 in /home3/iasarantsev/lib/python3.12/site-packages (from aiohttp!=4.0.0a0,!=4.0.0a1->fsspec[http]>=2022.5.0->pytorch-lightning==2.6.1->-r /home3/iasarantsev/requirements.txt (line 6)) (2.6.1)
Requirement already satisfied: aiosignal>=1.4.0 in /home3/iasarantsev/lib/python3.12/site-packages (from aiohttp!=4.0.0a0,!=4.0.0a1->fsspec[http]>=2022.5.0->pytorch-lightning==2.6.1->-r /home3/iasarantsev/requirements.txt (line 6)) (1.4.0)
Requirement already satisfied: attrs>=17.3.0 in /home3/iasarantsev/lib/python3.12/site-packages (from aiohttp!=4.0.0a0,!=4.0.0a1->fsspec[http]>=2022.5.0->pytorch-lightning==2.6.1->-r /home3/iasarantsev/requirements.txt (line 6)) (26.1.0)
Requirement already satisfied: frozenlist>=1.1.1 in /home3/iasarantsev/lib/python3.12/site-packages (from aiohttp!=4.0.0a0,!=4.0.0a1->fsspec[http]>=2022.5.0->pytorch-lightning==2.6.1->-r /home3/iasarantsev/requirements.txt (line 6)) (1.8.0)
Requirement already satisfied: multidict<7.0,>=4.5 in /home3/iasarantsev/lib/python3.12/site-packages (from aiohttp!=4.0.0a0,!=4.0.0a1->fsspec[http]>=2022.5.0->pytorch-lightning==2.6.1->-r /home3/iasarantsev/requirements.txt (line 6)) (6.7.1)
Requirement already satisfied: propcache>=0.2.0 in /home3/iasarantsev/lib/python3.12/site-packages (from aiohttp!=4.0.0a0,!=4.0.0a1->fsspec[http]>=2022.5.0->pytorch-lightning==2.6.1->-r /home3/iasarantsev/requirements.txt (line 6)) (0.4.1)
Requirement already satisfied: yarl<2.0,>=1.17.0 in /home3/iasarantsev/lib/python3.12/site-packages (from aiohttp!=4.0.0a0,!=4.0.0a1->fsspec[http]>=2022.5.0->pytorch-lightning==2.6.1->-r /home3/iasarantsev/requirements.txt (line 6)) (1.23.0)
Requirement already satisfied: pycparser in /home3/iasarantsev/lib/python3.12/site-packages (from cffi>=1.0->soundfile>=0.12.1->librosa==0.10.2.post1->-r /home3/iasarantsev/requirements.txt (line 47)) (3.0)
======================================================================
RoBERTa Training Pipeline — BAH A/H Text Classification
======================================================================
Device        : cpu
Model         : roberta-base
Max length    : 128 tokens
Freeze layers : 8
Batch size    : 16
Epochs        : 20
LR            : 2e-05  (encoder: 2.0000000000000003e-06)
Weight decay  : 0.01
Patience      : 5
Grad clip     : 1.0
Seed          : 42
Weights path  : /home3/iasarantsev/text/weights/roberta_bah_best.pth
======================================================================

[Tokenizer] Loading AutoTokenizer from roberta-base ...
  Vocab size     : 50,265
  Model max len  : 512
  Padding token  : <pad>
  Using max_len  : 128

[Dataset] Loading text splits ...
TextDataset [train]: 778 samples loaded
TextDataset [val]: 124 samples loaded
TextDataset [test]: 525 samples loaded
[Dataset] Loaded in 0.0s
  [train]    778 samples  |  No A-H: 393  With A-H: 385  (49.5% positive)  |  words: avg=58, min=1, max=234
  [val  ]    124 samples  |  No A-H: 49  With A-H: 75  (60.5% positive)  |  words: avg=58, min=1, max=195
  [test ]    525 samples  |  No A-H: 207  With A-H: 318  (60.6% positive)  |  words: avg=61, min=1, max=278

[Sanity] Loading single sample from train dataset ...
  Label           : 0
  Encoded keys    : ['input_ids', 'attention_mask']
  input_ids        : shape=torch.Size([128]), dtype=torch.int64
  attention_mask   : shape=torch.Size([128]), dtype=torch.int64
  Decoded text    : My hobby is traveling. I like to visit different places, different countries, different tourist attractions. Even though...
  Active tokens   : 128/128

[Sampler] Class counts — No A-H: 393  |  With A-H: 385
[Sampler] Class weights — No A-H: 0.002545  |  With A-H: 0.002597
[Loss]   Normalised weights → [0.4949, 0.5051]

[DataLoader] Train: 778 samples  |  Val: 124  |  Test: 525
[DataLoader] Train batches: 48  |  Val: 8  |  Test: 33

[Probe] Fetching first train batch ...
  input_ids        : shape=torch.Size([16, 128]), dtype=torch.int64
  attention_mask   : shape=torch.Size([16, 128]), dtype=torch.int64
  labels       : [0, 0, 0, 1, 1, 0, 1, 1, 0, 0, 0, 1, 0, 0, 0, 0]
  batch time   : 0.01s

[Model] Loading RobertaForSequenceClassification from roberta-base ...
[Model] RoBERTa encoder has 12 layers
[Model] Freezing: embeddings + first 8/12 encoder layers
[Model] Trainable: last 4 encoder layers + classifier head
[Model] Parameters: 28,943,618 trainable  |  95,703,552 frozen  |  124,647,170 total  (23.2% trainable)

[Model] Architecture summary:
  Hidden size    : 768
  Num heads      : 12
  Intermediate   : 3072
  Hidden dropout : 0.1
  Attn dropout   : 0.1
  Max position   : 514

[Optimizer] AdamW with differential LRs:
  Encoder params  : 64 tensors, lr=2.00e-06
  Classifier params: 4 tensors, lr=2.00e-05
  Weight decay    : 0.01
[Scheduler] CosineAnnealingLR, T_max=20, eta_min=2.00e-07

======================================================================
Starting training ...
======================================================================

  [Epoch 1, Batch 0] loss=0.6680  grad_norm=1.4770  logits_sample=[-0.02446059323847294, -0.16616414487361908]  preds=[0, 0, 0, 0, 0, 0, 0, 0, 0, 0, 1, 0, 0, 0, 0, 0]  labels=[0, 0, 1, 0, 0, 0, 1, 0, 1, 0, 1, 1, 1, 0, 0, 1]
Epoch   1/20  tr_loss=0.6994  tr_f1=0.4429  va_loss=0.7041  va_f1=0.2832  va_acc=0.3952  lr_enc=1.99e-06  lr_cls=1.99e-05  time=335s (6.70s/batch)
         train preds: {0: 651, 1: 117}  |  val preds: {0: 124}
  ✓ New best val F1=0.2832 — saved /home3/iasarantsev/text/weights/roberta_bah_best.pth
Epoch   2/20  tr_loss=0.6859  tr_f1=0.5740  va_loss=0.6898  va_f1=0.5617  va_acc=0.5645  lr_enc=1.96e-06  lr_cls=1.95e-05  time=328s (6.55s/batch)
         train preds: {0: 437, 1: 331}  |  val preds: {1: 39, 0: 85}
  ✓ New best val F1=0.5617 — saved /home3/iasarantsev/text/weights/roberta_bah_best.pth
Epoch   3/20  tr_loss=0.6846  tr_f1=0.5346  va_loss=0.6860  va_f1=0.5797  va_acc=0.5806  lr_enc=1.90e-06  lr_cls=1.89e-05  time=327s (6.49s/batch)
         train preds: {0: 514, 1: 254}  |  val preds: {0: 81, 1: 43}
  ✓ New best val F1=0.5797 — saved /home3/iasarantsev/text/weights/roberta_bah_best.pth
Epoch   4/20  tr_loss=0.6610  tr_f1=0.6556  va_loss=0.6639  va_f1=0.6220  va_acc=0.6613  lr_enc=1.83e-06  lr_cls=1.81e-05  time=333s (6.64s/batch)
         train preds: {0: 358, 1: 410}  |  val preds: {1: 89, 0: 35}
  ✓ New best val F1=0.6220 — saved /home3/iasarantsev/text/weights/roberta_bah_best.pth
Epoch   5/20  tr_loss=0.6251  tr_f1=0.6799  va_loss=0.6490  va_f1=0.6163  va_acc=0.6452  lr_enc=1.74e-06  lr_cls=1.71e-05  time=329s (6.58s/batch)
         train preds: {1: 436, 0: 332}  |  val preds: {1: 83, 0: 41}
  ✗ No improvement (1/5)
Epoch   6/20  tr_loss=0.6124  tr_f1=0.6366  va_loss=0.6307  va_f1=0.6174  va_acc=0.6613  lr_enc=1.63e-06  lr_cls=1.59e-05  time=327s (6.50s/batch)
         train preds: {0: 289, 1: 479}  |  val preds: {1: 91, 0: 33}
  ✗ No improvement (2/5)
Epoch   7/20  tr_loss=0.5744  tr_f1=0.7167  va_loss=0.6663  va_f1=0.5990  va_acc=0.6048  lr_enc=1.51e-06  lr_cls=1.46e-05  time=332s (6.60s/batch)
         train preds: {1: 484, 0: 284}  |  val preds: {1: 64, 0: 60}
  ✗ No improvement (3/5)
Epoch   8/20  tr_loss=0.5716  tr_f1=0.7114  va_loss=0.6301  va_f1=0.6026  va_acc=0.6290  lr_enc=1.38e-06  lr_cls=1.32e-05  time=327s (6.52s/batch)
         train preds: {0: 302, 1: 466}  |  val preds: {1: 81, 0: 43}
  ✗ No improvement (4/5)
Epoch   9/20  tr_loss=0.5434  tr_f1=0.7285  va_loss=0.6353  va_f1=0.6170  va_acc=0.6290  lr_enc=1.24e-06  lr_cls=1.16e-05  time=331s (6.60s/batch)
         train preds: {1: 426, 0: 342}  |  val preds: {1: 71, 0: 53}
  ✗ No improvement (5/5)
  ⛔ Early stopping at epoch 9

======================================================================
Training done in 49.6 min. Best val F1 = 0.6220
======================================================================
Training curves saved → /home3/iasarantsev/text/weights/roberta_training_curves.png

[Test] Loading best checkpoint and evaluating ...

======================================================================
Test Results — RoBERTa (roberta-base)
======================================================================
[Test] Label distribution : {0: 207, 1: 318}
[Test] Prediction dist.  : {0: 142, 1: 383}
[Test] Macro-F1  : 0.6760
[Test] Accuracy  : 0.7124

              precision    recall  f1-score   support

      No A-H     0.6972    0.4783    0.5673       207
    With A-H     0.7180    0.8648    0.7846       318

    accuracy                         0.7124       525
   macro avg     0.7076    0.6715    0.6760       525
weighted avg     0.7098    0.7124    0.6989       525


======================================================================
RoBERTa Training Summary
======================================================================
  Model           : roberta-base
  Frozen layers   : 8/12
  Trainable params: 28,943,618 / 124,647,170
  Best val F1     : 0.6220
  Test F1         : 0.6760
  Test accuracy   : 0.7124
  Training time   : 49.6 min
  Weights saved   : /home3/iasarantsev/text/weights/roberta_bah_best.pth
  Curves saved    : /home3/iasarantsev/text/weights/roberta_training_curves.png
======================================================================
