======================================================================
VideoMAE Training Pipeline — BAH A/H Detection
======================================================================
Device        : cuda
Model         : MCG-NJU/videomae-base
Image size    : 224
Clip length   : 16 frames
Clip stride   : 8 frames  (overlap=8)
Label agg     : any
Freeze layers : 8
Batch size    : 4
Epochs        : 30
LR            : 2e-05  (encoder: 2.0000000000000003e-06)
Weight decay  : 0.01
Patience      : 5
Weights path  : /home3/iasarantsev/video/weights/videomae_bah_best.pth
======================================================================

[Processor] VideoMAEImageProcessor loaded from MCG-NJU/videomae-base
  size       : {'shortest_edge': 224}
  do_resize  : True
  do_normalize: True
  image_mean : [0.485, 0.456, 0.406]
  image_std  : [0.229, 0.224, 0.225]

[Dataset] Loading segmented video clip splits ...
/home3/iasarantsev/data/split-frames/train.txt
SegmentedVideoClipDataset [train]: 62,994 clips (clip_len=16, stride=8)
/home3/iasarantsev/data/split-frames/val.txt
SegmentedVideoClipDataset [val]: 9,990 clips (clip_len=16, stride=8)
/home3/iasarantsev/data/split-frames/test.txt
SegmentedVideoClipDataset [test]: 42,025 clips (clip_len=16, stride=8)
[Dataset] Loaded in 30.1s
  [train]  62,994 clips  |  No A-H: 52,042  With A-H: 10,952  (17.4% positive)  |  778 videos  |  full: 61547, padded: 1447
  [val  ]  9,990 clips  |  No A-H: 8,005  With A-H: 1,985  (19.9% positive)  |  124 videos  |  full: 9757, padded: 233
  [test ]  42,025 clips  |  No A-H: 32,644  With A-H: 9,381  (22.3% positive)  |  525 videos  |  full: 41041, padded: 984

[Sanity] Loading single sample from train dataset ...
  Raw clip tensor : shape=torch.Size([16, 3, 224, 224]), dtype=torch.float32, min=0.000, max=1.000
  Label           : 0
  Non-zero frames : 16/16

[Sampler] Class counts — No A-H: 52,042  |  With A-H: 10,952
[Sampler] Class weights — No A-H: 0.000019  |  With A-H: 0.000091
[Loss]   Normalised weights → [0.1739, 0.8261]

[DataLoader] Train: 62,994 clips  |  Val: 9,990  |  Test: 42,025
[DataLoader] Val videos: 124  |  Test videos: 525
[DataLoader] Train batches: 15,748  |  Val: 2,498  |  Test: 10,507

[Probe] Fetching first train batch (this tests collate + processor) ...
  pixel_values : shape=torch.Size([4, 16, 3, 224, 224]), dtype=torch.float32, min=-2.118, max=2.640
  labels       : [1, 1, 0, 1]
  batch time   : 1.15s
  ✓ Shape matches expected (4, 16, 3, 224, 224)

[Model] Loading VideoMAEForVideoClassification ...
[Model] Encoder has 12 layers
[Model] Freezing: embeddings + first 8/12 encoder layers
[Model] Trainable: last 4 encoder layers + layernorm + classifier head
[Model] Parameters: 28,351,490 trainable  |  57,877,248 frozen  |  86,228,738 total  (32.9% trainable)

======================================================================
Starting training ...
======================================================================

  [Epoch 1, Batch 0] loss=0.8428  grad_norm=11.1489  logits_sample=[0.39881211519241333, -0.035675324499607086]  preds=[0, 0, 0, 0]  labels=[1, 0, 1, 0]
Epoch   1/30  tr_loss=0.5141  tr_f1=0.4927  va_loss=0.9488  va_f1(video)=0.5226  va_acc(video)=0.5565  lr=2.00e-06  time=2903s (0.08s/batch)
         train preds: {0: 6989, 1: 56003}  |  val preds: {0: 5867, 1: 4123}
  ✓ New best val F1=0.5226 — saved /home3/iasarantsev/video/weights/videomae_bah_best.pth
Epoch   2/30  tr_loss=0.4531  tr_f1=0.7183  va_loss=1.6426  va_f1(video)=0.5499  va_acc(video)=0.5968  lr=1.98e-06  time=1659s (0.08s/batch)
         train preds: {1: 42695, 0: 20297}  |  val preds: {0: 5523, 1: 4467}
  ✓ New best val F1=0.5499 — saved /home3/iasarantsev/video/weights/videomae_bah_best.pth
Epoch   3/30  tr_loss=0.4136  tr_f1=0.8012  va_loss=2.0799  va_f1(video)=0.5181  va_acc(video)=0.5565  lr=1.96e-06  time=1638s (0.08s/batch)
         train preds: {1: 38675, 0: 24317}  |  val preds: {0: 6457, 1: 3533}
  ✗ No improvement (1/5)
Epoch   4/30  tr_loss=0.3779  tr_f1=0.8469  va_loss=2.1189  va_f1(video)=0.5097  va_acc(video)=0.5403  lr=1.92e-06  time=1628s (0.08s/batch)
         train preds: {1: 36780, 0: 26212}  |  val preds: {0: 7869, 1: 2121}
  ✗ No improvement (2/5)
Epoch   5/30  tr_loss=0.3197  tr_f1=0.8845  va_loss=2.6341  va_f1(video)=0.5137  va_acc(video)=0.5806  lr=1.88e-06  time=1639s (0.08s/batch)
         train preds: {0: 27244, 1: 35748}  |  val preds: {0: 6948, 1: 3042}
  ✗ No improvement (3/5)
Epoch   6/30  tr_loss=0.2648  tr_f1=0.9117  va_loss=2.6110  va_f1(video)=0.5597  va_acc(video)=0.5968  lr=1.83e-06  time=1651s (0.08s/batch)
         train preds: {1: 34889, 0: 28103}  |  val preds: {0: 7190, 1: 2800}
  ✓ New best val F1=0.5597 — saved /home3/iasarantsev/video/weights/videomae_bah_best.pth
Epoch   7/30  tr_loss=0.2202  tr_f1=0.9309  va_loss=2.6109  va_f1(video)=0.4925  va_acc(video)=0.5242  lr=1.77e-06  time=1630s (0.08s/batch)
         train preds: {1: 33957, 0: 29035}  |  val preds: {0: 8483, 1: 1507}
  ✗ No improvement (1/5)
Epoch   8/30  tr_loss=0.1798  tr_f1=0.9450  va_loss=2.8637  va_f1(video)=0.5319  va_acc(video)=0.5806  lr=1.70e-06  time=1634s (0.08s/batch)
         train preds: {0: 29631, 1: 33361}  |  val preds: {0: 8217, 1: 1773}
  ✗ No improvement (2/5)
Epoch   9/30  tr_loss=0.1397  tr_f1=0.9598  va_loss=2.8823  va_f1(video)=0.5479  va_acc(video)=0.5726  lr=1.63e-06  time=1631s (0.08s/batch)
         train preds: {1: 33027, 0: 29965}  |  val preds: {0: 8971, 1: 1019}
  ✗ No improvement (3/5)
Epoch  10/30  tr_loss=0.1070  tr_f1=0.9681  va_loss=3.2370  va_f1(video)=0.5009  va_acc(video)=0.5726  lr=1.55e-06  time=1631s (0.08s/batch)
         train preds: {1: 32896, 0: 30096}  |  val preds: {0: 7746, 1: 2244}
  ✗ No improvement (4/5)
Epoch  11/30  tr_loss=0.0916  tr_f1=0.9741  va_loss=3.2603  va_f1(video)=0.5356  va_acc(video)=0.5726  lr=1.47e-06  time=1635s (0.08s/batch)
         train preds: {0: 30228, 1: 32764}  |  val preds: {0: 8823, 1: 1167}
  ✗ No improvement (5/5)
  ⛔ Early stopping at epoch 11

======================================================================
Training done in 321.3 min. Best val F1 = 0.5597
======================================================================
Training curves saved → /home3/iasarantsev/video/weights/videomae_training_curves.png

[Test] Loading best checkpoint and evaluating ...

── Video-level Test Results ──
[Test] Label distribution : {1: 317, 0: 208}
[Test] Prediction dist.  : {1: 393, 0: 132}
              precision    recall  f1-score   support

      No A-H     0.4848    0.3077    0.3765       208
    With A-H     0.6336    0.7855    0.7014       317

    accuracy                         0.5962       525
   macro avg     0.5592    0.5466    0.5389       525
weighted avg     0.5747    0.5962    0.5727       525

