======================================================================
Multi-View Embedding Extraction — BAH A/H Multimodal
======================================================================
Device          : cuda
Cache dir       : /home3/iasarantsev/multimodal/cache
K train         : 2
K eval          : 1
Augment train   : True
Splits          : ['train', 'val', 'test']
Force re-extract: False
Batch size      : 8
Seed            : 42
Text weights    : /home3/iasarantsev/text/weights/distilbert_bah_best.pth
Audio weights   : /home3/iasarantsev/audio/weights/wav2vec2emotional_bah_best.pth
Video weights   : /home3/iasarantsev/video/weights/swin_bah_best.pth
======================================================================

[Backbones] Loading frozen pretrained backbones ...
[TextEmbedder] Loaded 100/104 keys from /home3/iasarantsev/text/weights/distilbert_bah_best.pth  (skipped head: ['pre_classifier.weight', 'pre_classifier.bias', 'classifier.weight', 'classifier.bias']  missing=[]  unexpected=[])
[AudioEmbedder] Loaded 426/426 keys from /home3/iasarantsev/audio/weights/wav2vec2emotional_bah_best.pth  (missing=0, unexpected=0)
[VideoEmbedder] Loaded 233/233 keys from /home3/iasarantsev/video/weights/swin_bah_best.pth  (missing=0, unexpected=0)

======================================================================
[train] Extracting → /home3/iasarantsev/multimodal/cache/fusion_embs_train.pt
======================================================================
TextDataset [train]: 778 samples loaded
TextDataset [val]: 124 samples loaded
TextDataset [test]: 525 samples loaded
AudioDataset [train]: 778 / 778 samples loaded (sr=16000, max=30.0s)
AudioDataset [val]: 124 / 124 samples loaded (sr=16000, max=30.0s)
AudioDataset [test]: 525 / 525 samples loaded (sr=16000, max=30.0s)
/home3/iasarantsev/data/split-frames/train.txt
SegmentedVideoClipDataset [train]: 31,696 clips (clip_len=32, stride=16)
/home3/iasarantsev/data/split-frames/val.txt
SegmentedVideoClipDataset [val]: 5,026 clips (clip_len=32, stride=16)
/home3/iasarantsev/data/split-frames/test.txt
SegmentedVideoClipDataset [test]: 21,146 clips (clip_len=32, stride=16)
  [Split train] 778 aligned videos  |  K=2  |  augment=True
  [Split train] Extracting view 1/2 [clean] ...
