/home3/iasarantsev
Looking in indexes: https://pypi.org/simple, https://download.pytorch.org/whl/cu124
Requirement already satisfied: torch==2.6.0 in /home3/iasarantsev/lib/python3.12/site-packages (from -r /home3/iasarantsev/requirements.txt (line 4)) (2.6.0+cu124)
Requirement already satisfied: torchvision==0.21.0 in /home3/iasarantsev/lib/python3.12/site-packages (from -r /home3/iasarantsev/requirements.txt (line 5)) (0.21.0+cu124)
Requirement already satisfied: pytorch-lightning==2.6.1 in /home3/iasarantsev/lib/python3.12/site-packages (from -r /home3/iasarantsev/requirements.txt (line 6)) (2.6.1)
Requirement already satisfied: transformers==4.52.4 in /home3/iasarantsev/lib/python3.12/site-packages (from -r /home3/iasarantsev/requirements.txt (line 9)) (4.52.4)
Requirement already satisfied: huggingface-hub==0.34.4 in /home3/iasarantsev/lib/python3.12/site-packages (from -r /home3/iasarantsev/requirements.txt (line 10)) (0.34.4)
Requirement already satisfied: tokenizers==0.21.2 in /home3/iasarantsev/lib/python3.12/site-packages (from -r /home3/iasarantsev/requirements.txt (line 11)) (0.21.2)
Requirement already satisfied: safetensors==0.6.2 in /home3/iasarantsev/lib/python3.12/site-packages (from -r /home3/iasarantsev/requirements.txt (line 12)) (0.6.2)
Requirement already satisfied: sentencepiece==0.2.0 in /home3/iasarantsev/lib/python3.12/site-packages (from -r /home3/iasarantsev/requirements.txt (line 13)) (0.2.0)
Requirement already satisfied: numpy==1.26.4 in /home3/iasarantsev/lib/python3.12/site-packages (from -r /home3/iasarantsev/requirements.txt (line 16)) (1.26.4)
Requirement already satisfied: scipy==1.16.1 in /home3/iasarantsev/lib/python3.12/site-packages (from -r /home3/iasarantsev/requirements.txt (line 17)) (1.16.1)
Requirement already satisfied: scikit-learn==1.6.1 in /home3/iasarantsev/lib/python3.12/site-packages (from -r /home3/iasarantsev/requirements.txt (line 18)) (1.6.1)
Requirement already satisfied: pandas==2.3.0 in /home3/iasarantsev/lib/python3.12/site-packages (from -r /home3/iasarantsev/requirements.txt (line 19)) (2.3.0)
Requirement already satisfied: seaborn==0.13.2 in /home3/iasarantsev/lib/python3.12/site-packages (from -r /home3/iasarantsev/requirements.txt (line 20)) (0.13.2)
Requirement already satisfied: opencv-python==4.11.0.86 in /home3/iasarantsev/lib/python3.12/site-packages (from -r /home3/iasarantsev/requirements.txt (line 23)) (4.11.0.86)
Requirement already satisfied: opencv-contrib-python==4.11.0.86 in /home3/iasarantsev/lib/python3.12/site-packages (from -r /home3/iasarantsev/requirements.txt (line 24)) (4.11.0.86)
Requirement already satisfied: tqdm==4.67.1 in /home3/iasarantsev/lib/python3.12/site-packages (from -r /home3/iasarantsev/requirements.txt (line 27)) (4.67.1)
Requirement already satisfied: colorlog==6.9.0 in /home3/iasarantsev/lib/python3.12/site-packages (from -r /home3/iasarantsev/requirements.txt (line 28)) (6.9.0)
Requirement already satisfied: python-json-logger==3.3.0 in /home3/iasarantsev/lib/python3.12/site-packages (from -r /home3/iasarantsev/requirements.txt (line 29)) (3.3.0)
Requirement already satisfied: requests==2.32.3 in /home3/iasarantsev/lib/python3.12/site-packages (from -r /home3/iasarantsev/requirements.txt (line 32)) (2.32.3)
Requirement already satisfied: PyYAML==6.0.2 in /home3/iasarantsev/lib/python3.12/site-packages (from -r /home3/iasarantsev/requirements.txt (line 35)) (6.0.2)
Requirement already satisfied: toml==0.10.2 in /home3/iasarantsev/lib/python3.12/site-packages (from -r /home3/iasarantsev/requirements.txt (line 36)) (0.10.2)
Requirement already satisfied: python-dotenv==1.0.1 in /home3/iasarantsev/lib/python3.12/site-packages (from -r /home3/iasarantsev/requirements.txt (line 37)) (1.0.1)
Requirement already satisfied: ultralytics==8.3.177 in /home3/iasarantsev/lib/python3.12/site-packages (from -r /home3/iasarantsev/requirements.txt (line 40)) (8.3.177)
Requirement already satisfied: ultralytics-thop==2.0.15 in /home3/iasarantsev/lib/python3.12/site-packages (from -r /home3/iasarantsev/requirements.txt (line 41)) (2.0.15)
Requirement already satisfied: optuna==4.7.0 in /home3/iasarantsev/lib/python3.12/site-packages (from -r /home3/iasarantsev/requirements.txt (line 44)) (4.7.0)
Requirement already satisfied: librosa==0.10.2.post1 in /home3/iasarantsev/lib/python3.12/site-packages (from -r /home3/iasarantsev/requirements.txt (line 47)) (0.10.2.post1)
Requirement already satisfied: catboost==1.2.8 in /home3/iasarantsev/lib/python3.12/site-packages (from -r /home3/iasarantsev/requirements.txt (line 50)) (1.2.8)
Requirement already satisfied: vit-pytorch==1.19.4 in /home3/iasarantsev/lib/python3.12/site-packages (from -r /home3/iasarantsev/requirements.txt (line 53)) (1.19.4)
Requirement already satisfied: filelock in /home3/iasarantsev/lib/python3.12/site-packages (from torch==2.6.0->-r /home3/iasarantsev/requirements.txt (line 4)) (3.25.2)
Requirement already satisfied: typing-extensions>=4.10.0 in /home3/iasarantsev/lib/python3.12/site-packages (from torch==2.6.0->-r /home3/iasarantsev/requirements.txt (line 4)) (4.15.0)
Requirement already satisfied: networkx in /home3/iasarantsev/lib/python3.12/site-packages (from torch==2.6.0->-r /home3/iasarantsev/requirements.txt (line 4)) (3.6.1)
Requirement already satisfied: jinja2 in /home3/iasarantsev/lib/python3.12/site-packages (from torch==2.6.0->-r /home3/iasarantsev/requirements.txt (line 4)) (3.1.6)
Requirement already satisfied: fsspec in /home3/iasarantsev/lib/python3.12/site-packages (from torch==2.6.0->-r /home3/iasarantsev/requirements.txt (line 4)) (2026.3.0)
Requirement already satisfied: nvidia-cuda-nvrtc-cu12==12.4.127 in /home3/iasarantsev/lib/python3.12/site-packages (from torch==2.6.0->-r /home3/iasarantsev/requirements.txt (line 4)) (12.4.127)
Requirement already satisfied: nvidia-cuda-runtime-cu12==12.4.127 in /home3/iasarantsev/lib/python3.12/site-packages (from torch==2.6.0->-r /home3/iasarantsev/requirements.txt (line 4)) (12.4.127)
Requirement already satisfied: nvidia-cuda-cupti-cu12==12.4.127 in /home3/iasarantsev/lib/python3.12/site-packages (from torch==2.6.0->-r /home3/iasarantsev/requirements.txt (line 4)) (12.4.127)
Requirement already satisfied: nvidia-cudnn-cu12==9.1.0.70 in /home3/iasarantsev/lib/python3.12/site-packages (from torch==2.6.0->-r /home3/iasarantsev/requirements.txt (line 4)) (9.1.0.70)
Requirement already satisfied: nvidia-cublas-cu12==12.4.5.8 in /home3/iasarantsev/lib/python3.12/site-packages (from torch==2.6.0->-r /home3/iasarantsev/requirements.txt (line 4)) (12.4.5.8)
Requirement already satisfied: nvidia-cufft-cu12==11.2.1.3 in /home3/iasarantsev/lib/python3.12/site-packages (from torch==2.6.0->-r /home3/iasarantsev/requirements.txt (line 4)) (11.2.1.3)
Requirement already satisfied: nvidia-curand-cu12==10.3.5.147 in /home3/iasarantsev/lib/python3.12/site-packages (from torch==2.6.0->-r /home3/iasarantsev/requirements.txt (line 4)) (10.3.5.147)
Requirement already satisfied: nvidia-cusolver-cu12==11.6.1.9 in /home3/iasarantsev/lib/python3.12/site-packages (from torch==2.6.0->-r /home3/iasarantsev/requirements.txt (line 4)) (11.6.1.9)
Requirement already satisfied: nvidia-cusparse-cu12==12.3.1.170 in /home3/iasarantsev/lib/python3.12/site-packages (from torch==2.6.0->-r /home3/iasarantsev/requirements.txt (line 4)) (12.3.1.170)
Requirement already satisfied: nvidia-cusparselt-cu12==0.6.2 in /home3/iasarantsev/lib/python3.12/site-packages (from torch==2.6.0->-r /home3/iasarantsev/requirements.txt (line 4)) (0.6.2)
Requirement already satisfied: nvidia-nccl-cu12==2.21.5 in /home3/iasarantsev/lib/python3.12/site-packages (from torch==2.6.0->-r /home3/iasarantsev/requirements.txt (line 4)) (2.21.5)
Requirement already satisfied: nvidia-nvtx-cu12==12.4.127 in /home3/iasarantsev/lib/python3.12/site-packages (from torch==2.6.0->-r /home3/iasarantsev/requirements.txt (line 4)) (12.4.127)
Requirement already satisfied: nvidia-nvjitlink-cu12==12.4.127 in /home3/iasarantsev/lib/python3.12/site-packages (from torch==2.6.0->-r /home3/iasarantsev/requirements.txt (line 4)) (12.4.127)
Requirement already satisfied: triton==3.2.0 in /home3/iasarantsev/lib/python3.12/site-packages (from torch==2.6.0->-r /home3/iasarantsev/requirements.txt (line 4)) (3.2.0)
Requirement already satisfied: setuptools in /home3/iasarantsev/lib/python3.12/site-packages (from torch==2.6.0->-r /home3/iasarantsev/requirements.txt (line 4)) (82.0.1)
Requirement already satisfied: sympy==1.13.1 in /home3/iasarantsev/lib/python3.12/site-packages (from torch==2.6.0->-r /home3/iasarantsev/requirements.txt (line 4)) (1.13.1)
Requirement already satisfied: pillow!=8.3.*,>=5.3.0 in /home3/iasarantsev/lib/python3.12/site-packages (from torchvision==0.21.0->-r /home3/iasarantsev/requirements.txt (line 5)) (12.2.0)
Requirement already satisfied: torchmetrics>0.7.0 in /home3/iasarantsev/lib/python3.12/site-packages (from pytorch-lightning==2.6.1->-r /home3/iasarantsev/requirements.txt (line 6)) (1.9.0)
Requirement already satisfied: packaging>=23.0 in /home3/iasarantsev/lib/python3.12/site-packages (from pytorch-lightning==2.6.1->-r /home3/iasarantsev/requirements.txt (line 6)) (26.0)
Requirement already satisfied: lightning-utilities>=0.10.0 in /home3/iasarantsev/lib/python3.12/site-packages (from pytorch-lightning==2.6.1->-r /home3/iasarantsev/requirements.txt (line 6)) (0.15.3)
Requirement already satisfied: regex!=2019.12.17 in /home3/iasarantsev/lib/python3.12/site-packages (from transformers==4.52.4->-r /home3/iasarantsev/requirements.txt (line 9)) (2026.4.4)
Requirement already satisfied: hf-xet<2.0.0,>=1.1.3 in /home3/iasarantsev/lib/python3.12/site-packages (from huggingface-hub==0.34.4->-r /home3/iasarantsev/requirements.txt (line 10)) (1.4.3)
Requirement already satisfied: joblib>=1.2.0 in /home3/iasarantsev/lib/python3.12/site-packages (from scikit-learn==1.6.1->-r /home3/iasarantsev/requirements.txt (line 18)) (1.5.3)
Requirement already satisfied: threadpoolctl>=3.1.0 in /home3/iasarantsev/lib/python3.12/site-packages (from scikit-learn==1.6.1->-r /home3/iasarantsev/requirements.txt (line 18)) (3.6.0)
Requirement already satisfied: python-dateutil>=2.8.2 in /home3/iasarantsev/lib/python3.12/site-packages (from pandas==2.3.0->-r /home3/iasarantsev/requirements.txt (line 19)) (2.9.0.post0)
Requirement already satisfied: pytz>=2020.1 in /home3/iasarantsev/lib/python3.12/site-packages (from pandas==2.3.0->-r /home3/iasarantsev/requirements.txt (line 19)) (2026.1.post1)
Requirement already satisfied: tzdata>=2022.7 in /home3/iasarantsev/lib/python3.12/site-packages (from pandas==2.3.0->-r /home3/iasarantsev/requirements.txt (line 19)) (2026.1)
Requirement already satisfied: matplotlib!=3.6.1,>=3.4 in /home3/iasarantsev/lib/python3.12/site-packages (from seaborn==0.13.2->-r /home3/iasarantsev/requirements.txt (line 20)) (3.10.8)
Requirement already satisfied: charset-normalizer<4,>=2 in /home3/iasarantsev/lib/python3.12/site-packages (from requests==2.32.3->-r /home3/iasarantsev/requirements.txt (line 32)) (3.4.7)
Requirement already satisfied: idna<4,>=2.5 in /home3/iasarantsev/lib/python3.12/site-packages (from requests==2.32.3->-r /home3/iasarantsev/requirements.txt (line 32)) (3.11)
Requirement already satisfied: urllib3<3,>=1.21.1 in /home3/iasarantsev/lib/python3.12/site-packages (from requests==2.32.3->-r /home3/iasarantsev/requirements.txt (line 32)) (2.6.3)
Requirement already satisfied: certifi>=2017.4.17 in /home3/iasarantsev/lib/python3.12/site-packages (from requests==2.32.3->-r /home3/iasarantsev/requirements.txt (line 32)) (2026.2.25)
Requirement already satisfied: psutil in /home3/iasarantsev/lib/python3.12/site-packages (from ultralytics==8.3.177->-r /home3/iasarantsev/requirements.txt (line 40)) (7.2.2)
Requirement already satisfied: py-cpuinfo in /home3/iasarantsev/lib/python3.12/site-packages (from ultralytics==8.3.177->-r /home3/iasarantsev/requirements.txt (line 40)) (9.0.0)
Requirement already satisfied: alembic>=1.5.0 in /home3/iasarantsev/lib/python3.12/site-packages (from optuna==4.7.0->-r /home3/iasarantsev/requirements.txt (line 44)) (1.18.4)
Requirement already satisfied: sqlalchemy>=1.4.2 in /home3/iasarantsev/lib/python3.12/site-packages (from optuna==4.7.0->-r /home3/iasarantsev/requirements.txt (line 44)) (2.0.49)
Requirement already satisfied: audioread>=2.1.9 in /home3/iasarantsev/lib/python3.12/site-packages (from librosa==0.10.2.post1->-r /home3/iasarantsev/requirements.txt (line 47)) (3.1.0)
Requirement already satisfied: decorator>=4.3.0 in /home3/iasarantsev/lib/python3.12/site-packages (from librosa==0.10.2.post1->-r /home3/iasarantsev/requirements.txt (line 47)) (5.2.1)
Requirement already satisfied: numba>=0.51.0 in /home3/iasarantsev/lib/python3.12/site-packages (from librosa==0.10.2.post1->-r /home3/iasarantsev/requirements.txt (line 47)) (0.65.0)
Requirement already satisfied: soundfile>=0.12.1 in /home3/iasarantsev/lib/python3.12/site-packages (from librosa==0.10.2.post1->-r /home3/iasarantsev/requirements.txt (line 47)) (0.13.1)
Requirement already satisfied: pooch>=1.1 in /home3/iasarantsev/lib/python3.12/site-packages (from librosa==0.10.2.post1->-r /home3/iasarantsev/requirements.txt (line 47)) (1.9.0)
Requirement already satisfied: soxr>=0.3.2 in /home3/iasarantsev/lib/python3.12/site-packages (from librosa==0.10.2.post1->-r /home3/iasarantsev/requirements.txt (line 47)) (1.0.0)
Requirement already satisfied: lazy-loader>=0.1 in /home3/iasarantsev/lib/python3.12/site-packages (from librosa==0.10.2.post1->-r /home3/iasarantsev/requirements.txt (line 47)) (0.5)
Requirement already satisfied: msgpack>=1.0 in /home3/iasarantsev/lib/python3.12/site-packages (from librosa==0.10.2.post1->-r /home3/iasarantsev/requirements.txt (line 47)) (1.1.2)
Requirement already satisfied: graphviz in /home3/iasarantsev/lib/python3.12/site-packages (from catboost==1.2.8->-r /home3/iasarantsev/requirements.txt (line 50)) (0.21)
Requirement already satisfied: plotly in /home3/iasarantsev/lib/python3.12/site-packages (from catboost==1.2.8->-r /home3/iasarantsev/requirements.txt (line 50)) (6.7.0)
Requirement already satisfied: six in /home3/iasarantsev/lib/python3.12/site-packages (from catboost==1.2.8->-r /home3/iasarantsev/requirements.txt (line 50)) (1.17.0)
Requirement already satisfied: einops>=0.8.2 in /home3/iasarantsev/lib/python3.12/site-packages (from vit-pytorch==1.19.4->-r /home3/iasarantsev/requirements.txt (line 53)) (0.8.2)
Requirement already satisfied: mpmath<1.4,>=1.1.0 in /home3/iasarantsev/lib/python3.12/site-packages (from sympy==1.13.1->torch==2.6.0->-r /home3/iasarantsev/requirements.txt (line 4)) (1.3.0)
Requirement already satisfied: Mako in /home3/iasarantsev/lib/python3.12/site-packages (from alembic>=1.5.0->optuna==4.7.0->-r /home3/iasarantsev/requirements.txt (line 44)) (1.3.10)
Requirement already satisfied: aiohttp!=4.0.0a0,!=4.0.0a1 in /home3/iasarantsev/lib/python3.12/site-packages (from fsspec[http]>=2022.5.0->pytorch-lightning==2.6.1->-r /home3/iasarantsev/requirements.txt (line 6)) (3.13.5)
Requirement already satisfied: contourpy>=1.0.1 in /home3/iasarantsev/lib/python3.12/site-packages (from matplotlib!=3.6.1,>=3.4->seaborn==0.13.2->-r /home3/iasarantsev/requirements.txt (line 20)) (1.3.3)
Requirement already satisfied: cycler>=0.10 in /home3/iasarantsev/lib/python3.12/site-packages (from matplotlib!=3.6.1,>=3.4->seaborn==0.13.2->-r /home3/iasarantsev/requirements.txt (line 20)) (0.12.1)
Requirement already satisfied: fonttools>=4.22.0 in /home3/iasarantsev/lib/python3.12/site-packages (from matplotlib!=3.6.1,>=3.4->seaborn==0.13.2->-r /home3/iasarantsev/requirements.txt (line 20)) (4.62.1)
Requirement already satisfied: kiwisolver>=1.3.1 in /home3/iasarantsev/lib/python3.12/site-packages (from matplotlib!=3.6.1,>=3.4->seaborn==0.13.2->-r /home3/iasarantsev/requirements.txt (line 20)) (1.5.0)
Requirement already satisfied: pyparsing>=3 in /home3/iasarantsev/lib/python3.12/site-packages (from matplotlib!=3.6.1,>=3.4->seaborn==0.13.2->-r /home3/iasarantsev/requirements.txt (line 20)) (3.3.2)
Requirement already satisfied: llvmlite<0.48,>=0.47.0dev0 in /home3/iasarantsev/lib/python3.12/site-packages (from numba>=0.51.0->librosa==0.10.2.post1->-r /home3/iasarantsev/requirements.txt (line 47)) (0.47.0)
Requirement already satisfied: platformdirs>=2.5.0 in /home3/iasarantsev/lib/python3.12/site-packages (from pooch>=1.1->librosa==0.10.2.post1->-r /home3/iasarantsev/requirements.txt (line 47)) (4.9.6)
Requirement already satisfied: cffi>=1.0 in /home3/iasarantsev/lib/python3.12/site-packages (from soundfile>=0.12.1->librosa==0.10.2.post1->-r /home3/iasarantsev/requirements.txt (line 47)) (2.0.0)
Requirement already satisfied: greenlet>=1 in /home3/iasarantsev/lib/python3.12/site-packages (from sqlalchemy>=1.4.2->optuna==4.7.0->-r /home3/iasarantsev/requirements.txt (line 44)) (3.4.0)
Requirement already satisfied: MarkupSafe>=2.0 in /home3/iasarantsev/lib/python3.12/site-packages (from jinja2->torch==2.6.0->-r /home3/iasarantsev/requirements.txt (line 4)) (3.0.3)
Requirement already satisfied: narwhals>=1.15.1 in /home3/iasarantsev/lib/python3.12/site-packages (from plotly->catboost==1.2.8->-r /home3/iasarantsev/requirements.txt (line 50)) (2.19.0)
Requirement already satisfied: aiohappyeyeballs>=2.5.0 in /home3/iasarantsev/lib/python3.12/site-packages (from aiohttp!=4.0.0a0,!=4.0.0a1->fsspec[http]>=2022.5.0->pytorch-lightning==2.6.1->-r /home3/iasarantsev/requirements.txt (line 6)) (2.6.1)
Requirement already satisfied: aiosignal>=1.4.0 in /home3/iasarantsev/lib/python3.12/site-packages (from aiohttp!=4.0.0a0,!=4.0.0a1->fsspec[http]>=2022.5.0->pytorch-lightning==2.6.1->-r /home3/iasarantsev/requirements.txt (line 6)) (1.4.0)
Requirement already satisfied: attrs>=17.3.0 in /home3/iasarantsev/lib/python3.12/site-packages (from aiohttp!=4.0.0a0,!=4.0.0a1->fsspec[http]>=2022.5.0->pytorch-lightning==2.6.1->-r /home3/iasarantsev/requirements.txt (line 6)) (26.1.0)
Requirement already satisfied: frozenlist>=1.1.1 in /home3/iasarantsev/lib/python3.12/site-packages (from aiohttp!=4.0.0a0,!=4.0.0a1->fsspec[http]>=2022.5.0->pytorch-lightning==2.6.1->-r /home3/iasarantsev/requirements.txt (line 6)) (1.8.0)
Requirement already satisfied: multidict<7.0,>=4.5 in /home3/iasarantsev/lib/python3.12/site-packages (from aiohttp!=4.0.0a0,!=4.0.0a1->fsspec[http]>=2022.5.0->pytorch-lightning==2.6.1->-r /home3/iasarantsev/requirements.txt (line 6)) (6.7.1)
Requirement already satisfied: propcache>=0.2.0 in /home3/iasarantsev/lib/python3.12/site-packages (from aiohttp!=4.0.0a0,!=4.0.0a1->fsspec[http]>=2022.5.0->pytorch-lightning==2.6.1->-r /home3/iasarantsev/requirements.txt (line 6)) (0.4.1)
Requirement already satisfied: yarl<2.0,>=1.17.0 in /home3/iasarantsev/lib/python3.12/site-packages (from aiohttp!=4.0.0a0,!=4.0.0a1->fsspec[http]>=2022.5.0->pytorch-lightning==2.6.1->-r /home3/iasarantsev/requirements.txt (line 6)) (1.23.0)
Requirement already satisfied: pycparser in /home3/iasarantsev/lib/python3.12/site-packages (from cffi>=1.0->soundfile>=0.12.1->librosa==0.10.2.post1->-r /home3/iasarantsev/requirements.txt (line 47)) (3.0)
======================================================================
Multimodal Fusion Training Pipeline — BAH A/H Classification
======================================================================
Device              : cuda
Text model          : distilbert-base-uncased
Audio model         : ehcalabres/wav2vec2-lg-xlsr-en-speech-emotion-recognition
Video model         : microsoft/swin-tiny-patch4-window7-224
Text weights        : /home3/iasarantsev/text/weights/distilbert_bah_best.pth
Audio weights       : /home3/iasarantsev/audio/weights/wav2vec2emotional_bah_best.pth
Video weights       : /home3/iasarantsev/video/weights/swin_bah_best.pth
Fusion input dim    : 768 + 256 + 768 = 1792
MLP hidden dims     : [512, 256]
Dropout             : 0.3
Batch size          : 16
Epochs              : 30
LR                  : 0.001
Weight decay        : 0.01
Patience            : 7
Grad clip           : 1.0
Seed                : 42
Fusion weights path : /home3/iasarantsev/multimodal/weights/fusion_bah_best.pth
======================================================================
[Weights] Text : /home3/iasarantsev/text/weights/distilbert_bah_best.pth  (267.9 MB)  ✓
[Weights] Audio: /home3/iasarantsev/audio/weights/wav2vec2emotional_bah_best.pth  (1263.0 MB)  ✓
[Weights] Video: /home3/iasarantsev/video/weights/swin_bah_best.pth  (110.4 MB)  ✓

[Backbones] Loading frozen pretrained backbones ...
[TextEmbedder] Loaded 0/104 keys from /home3/iasarantsev/text/weights/distilbert_bah_best.pth  (missing=100, unexpected=104)
[TextEmbedder]  dim=768
[AudioEmbedder] Loaded 426/426 keys from /home3/iasarantsev/audio/weights/wav2vec2emotional_bah_best.pth  (missing=0, unexpected=0)
[AudioEmbedder] dim=256
[VideoEmbedder] Loaded 233/233 keys from /home3/iasarantsev/video/weights/swin_bah_best.pth  (missing=0, unexpected=0)
[VideoEmbedder] dim=768

[Embeddings] Pre-computing embeddings for all splits ...

[FusionDataset:train] Loading raw modality splits ...
TextDataset [train]: 778 samples loaded
TextDataset [val]: 124 samples loaded
TextDataset [test]: 525 samples loaded
AudioDataset [train]: 778 / 778 samples loaded (sr=16000, max=30.0s)
AudioDataset [val]: 124 / 124 samples loaded (sr=16000, max=30.0s)
AudioDataset [test]: 525 / 525 samples loaded (sr=16000, max=30.0s)
/home3/iasarantsev/data/split-frames/train.txt
SegmentedVideoClipDataset [train]: 31,696 clips (clip_len=32, stride=16)
/home3/iasarantsev/data/split-frames/val.txt
SegmentedVideoClipDataset [val]: 5,026 clips (clip_len=32, stride=16)
/home3/iasarantsev/data/split-frames/test.txt
SegmentedVideoClipDataset [test]: 21,146 clips (clip_len=32, stride=16)
[FusionDataset:train] Modality coverage: text=778, audio=778, video=778  →  common=778
[FusionDataset:train] Extracting text embeddings ...
  text_embs shape: torch.Size([778, 768])
[FusionDataset:train] Extracting audio embeddings ...
  audio_embs shape: torch.Size([778, 256])
[FusionDataset:train] Extracting video embeddings ...
  video_embs shape: torch.Size([778, 768])
[FusionDataset:train] Fused embedding shape: torch.Size([778, 1792])  (text=768 + audio=256 + video=768)

[FusionDataset:val] Loading raw modality splits ...
TextDataset [train]: 778 samples loaded
TextDataset [val]: 124 samples loaded
TextDataset [test]: 525 samples loaded
AudioDataset [train]: 778 / 778 samples loaded (sr=16000, max=30.0s)
AudioDataset [val]: 124 / 124 samples loaded (sr=16000, max=30.0s)
AudioDataset [test]: 525 / 525 samples loaded (sr=16000, max=30.0s)
/home3/iasarantsev/data/split-frames/train.txt
SegmentedVideoClipDataset [train]: 31,696 clips (clip_len=32, stride=16)
/home3/iasarantsev/data/split-frames/val.txt
SegmentedVideoClipDataset [val]: 5,026 clips (clip_len=32, stride=16)
/home3/iasarantsev/data/split-frames/test.txt
SegmentedVideoClipDataset [test]: 21,146 clips (clip_len=32, stride=16)
[FusionDataset:val] Modality coverage: text=124, audio=124, video=124  →  common=124
[FusionDataset:val] Extracting text embeddings ...
  text_embs shape: torch.Size([124, 768])
[FusionDataset:val] Extracting audio embeddings ...
  audio_embs shape: torch.Size([124, 256])
[FusionDataset:val] Extracting video embeddings ...
  video_embs shape: torch.Size([124, 768])
[FusionDataset:val] Fused embedding shape: torch.Size([124, 1792])  (text=768 + audio=256 + video=768)

[FusionDataset:test] Loading raw modality splits ...
TextDataset [train]: 778 samples loaded
TextDataset [val]: 124 samples loaded
TextDataset [test]: 525 samples loaded
AudioDataset [train]: 778 / 778 samples loaded (sr=16000, max=30.0s)
AudioDataset [val]: 124 / 124 samples loaded (sr=16000, max=30.0s)
AudioDataset [test]: 525 / 525 samples loaded (sr=16000, max=30.0s)
/home3/iasarantsev/data/split-frames/train.txt
SegmentedVideoClipDataset [train]: 31,696 clips (clip_len=32, stride=16)
/home3/iasarantsev/data/split-frames/val.txt
SegmentedVideoClipDataset [val]: 5,026 clips (clip_len=32, stride=16)
/home3/iasarantsev/data/split-frames/test.txt
SegmentedVideoClipDataset [test]: 21,146 clips (clip_len=32, stride=16)
[FusionDataset:test] Modality coverage: text=525, audio=525, video=525  →  common=525
[FusionDataset:test] Extracting text embeddings ...
  text_embs shape: torch.Size([525, 768])
[FusionDataset:test] Extracting audio embeddings ...
  audio_embs shape: torch.Size([525, 256])
[FusionDataset:test] Extracting video embeddings ...
  video_embs shape: torch.Size([525, 768])
[FusionDataset:test] Fused embedding shape: torch.Size([525, 1792])  (text=768 + audio=256 + video=768)

[Embeddings] All splits pre-computed in 34358.6s
  [train]    778 videos  |  No A-H: 393  With A-H: 385  (49.5% positive)  |  fused_emb shape: torch.Size([778, 1792])
  [val  ]    124 videos  |  No A-H: 49  With A-H: 75  (60.5% positive)  |  fused_emb shape: torch.Size([124, 1792])
  [test ]    525 videos  |  No A-H: 207  With A-H: 318  (60.6% positive)  |  fused_emb shape: torch.Size([525, 1792])

[Sampler] Class counts — No A-H: 393  |  With A-H: 385
[Sampler] Class weights — No A-H: 0.002545  |  With A-H: 0.002597
[Loss]   Normalised weights → [0.4949, 0.5051]

[DataLoader] Train: 778 videos  |  Val: 124  |  Test: 525
[DataLoader] Train batches: 48  |  Val: 8  |  Test: 33

[Probe] Fetching first train batch ...
  fused_emb : shape=torch.Size([16, 1792]), dtype=torch.float32
  labels    : [1, 1, 0, 0, 1, 0, 1, 1, 0, 0, 0, 1, 0, 1, 0, 0]

[Model] Building fusion MLP ...
[Model] Fusion MLP architecture:
Sequential(
  (0): Linear(in_features=1792, out_features=512, bias=True)
  (1): BatchNorm1d(512, eps=1e-05, momentum=0.1, affine=True, track_running_stats=True)
  (2): ReLU(inplace=True)
  (3): Dropout(p=0.3, inplace=False)
  (4): Linear(in_features=512, out_features=256, bias=True)
  (5): BatchNorm1d(256, eps=1e-05, momentum=0.1, affine=True, track_running_stats=True)
  (6): ReLU(inplace=True)
  (7): Dropout(p=0.3, inplace=False)
  (8): Linear(in_features=256, out_features=2, bias=True)
)
[Model] Parameters: 1,051,394 trainable  |  1,051,394 total

[Optimizer] AdamW  lr=0.001  weight_decay=0.01
[Scheduler] CosineAnnealingLR  T_max=30  eta_min=1.00e-05

======================================================================
Starting fusion training ...
======================================================================

  [Epoch 1, Batch 0] loss=0.6779  grad_norm=8.4601  logits_sample=[0.01603234000504017, 0.08305620402097702]  preds=[1, 1, 1, 1, 1, 1, 1, 0, 1, 0, 1, 0, 1, 1, 0, 1]  labels=[0, 1, 0, 0, 0, 1, 0, 0, 0, 0, 1, 1, 1, 1, 0, 0]
Epoch   1/30  tr_loss=0.3411  tr_f1=0.8581  va_loss=2.5123  va_f1=0.5292  va_acc=0.5323  lr=9.97e-04  time=1s (0.010s/batch)
         train preds: {1: 384, 0: 384}  |  val preds: {0: 65, 1: 59}
  ✓ New best val F1=0.5292 — saved /home3/iasarantsev/multimodal/weights/fusion_bah_best.pth
Epoch   2/30  tr_loss=0.2141  tr_f1=0.9114  va_loss=3.0640  va_f1=0.5204  va_acc=0.5242  lr=9.89e-04  time=0s (0.002s/batch)
         train preds: {1: 401, 0: 367}  |  val preds: {1: 60, 0: 64}
  ✗ No improvement (1/7)
Epoch   3/30  tr_loss=0.2690  tr_f1=0.9023  va_loss=2.7676  va_f1=0.5130  va_acc=0.5161  lr=9.76e-04  time=0s (0.002s/batch)
         train preds: {0: 372, 1: 396}  |  val preds: {1: 59, 0: 65}
  ✗ No improvement (2/7)
Epoch   4/30  tr_loss=0.1788  tr_f1=0.9243  va_loss=2.7378  va_f1=0.5065  va_acc=0.5081  lr=9.57e-04  time=0s (0.002s/batch)
         train preds: {0: 360, 1: 408}  |  val preds: {0: 68, 1: 56}
  ✗ No improvement (3/7)
Epoch   5/30  tr_loss=0.2163  tr_f1=0.9177  va_loss=2.8656  va_f1=0.5292  va_acc=0.5323  lr=9.34e-04  time=0s (0.002s/batch)
         train preds: {0: 362, 1: 406}  |  val preds: {1: 59, 0: 65}
  ✗ No improvement (4/7)
Epoch   6/30  tr_loss=0.1498  tr_f1=0.9440  va_loss=3.0632  va_f1=0.5262  va_acc=0.5323  lr=9.05e-04  time=0s (0.002s/batch)
         train preds: {1: 388, 0: 380}  |  val preds: {1: 63, 0: 61}
  ✗ No improvement (5/7)
Epoch   7/30  tr_loss=0.1521  tr_f1=0.9557  va_loss=3.4136  va_f1=0.5243  va_acc=0.5323  lr=8.73e-04  time=0s (0.002s/batch)
         train preds: {1: 394, 0: 374}  |  val preds: {1: 65, 0: 59}
  ✗ No improvement (6/7)
Epoch   8/30  tr_loss=0.1355  tr_f1=0.9375  va_loss=3.3860  va_f1=0.5227  va_acc=0.5242  lr=8.36e-04  time=0s (0.002s/batch)
         train preds: {0: 371, 1: 397}  |  val preds: {0: 68, 1: 56}
  ✗ No improvement (7/7)
  ⛔ Early stopping at epoch 8

======================================================================
Training done in 0.0 min. Best val F1 = 0.5292
======================================================================
Training curves saved → /home3/iasarantsev/multimodal/weights/fusion_training_curves.png

[Test] Loading best checkpoint and evaluating ...

======================================================================
Test Results — Multimodal Fusion (DistilBERT + Wav2Vec2Emotional + Swin-T)
======================================================================
[Test] Label distribution : {1: 318, 0: 207}
[Test] Prediction dist.   : {1: 214, 0: 311}
[Test] Macro-F1  : 0.5694
[Test] Accuracy  : 0.5695

              precision    recall  f1-score   support

      No A-H     0.4695    0.7053    0.5637       207
    With A-H     0.7150    0.4811    0.5752       318

    accuracy                         0.5695       525
   macro avg     0.5922    0.5932    0.5694       525
weighted avg     0.6182    0.5695    0.5707       525


======================================================================
Multimodal Fusion Training Summary
======================================================================
  Text model             : distilbert-base-uncased
  Audio model            : ehcalabres/wav2vec2-lg-xlsr-en-speech-emotion-recognition
  Video model            : microsoft/swin-tiny-patch4-window7-224
  Fusion input dim       : 1792  (768+256+768)
  MLP hidden dims        : [512, 256]
  Trainable params (MLP) : 1,051,394
  Best val F1            : 0.5292
  Test F1                : 0.5694
  Test accuracy          : 0.5695
  Training time          : 0.0 min
  Weights saved          : /home3/iasarantsev/multimodal/weights/fusion_bah_best.pth
  Curves saved           : /home3/iasarantsev/multimodal/weights/fusion_training_curves.png
======================================================================
