======================================================================
Multimodal Fusion Training Pipeline — BAH A/H Classification
======================================================================
Device              : cuda
Active modalities   : ['text', 'audio', 'video']
Text model          : distilbert-base-uncased
Audio model         : ehcalabres/wav2vec2-lg-xlsr-en-speech-emotion-recognition
Video model         : microsoft/swin-tiny-patch4-window7-224
Text weights        : /home3/iasarantsev/text/weights/distilbert_bah_best.pth
Audio weights       : /home3/iasarantsev/audio/weights/wav2vec2emotional_bah_best.pth
Video weights       : /home3/iasarantsev/video/weights/swin_bah_best.pth
Fusion input dim    : 768 + 256 + 768 = 1792
Fusion mode         : attention
MLP hidden dims     : [512, 256]
Dropout             : 0.3
Modality dropout    : 0.1
Batch size          : 16
Epochs              : 30
LR                  : 0.001
Weight decay        : 0.01
Patience            : 7
Grad clip           : 1.0
Seed                : 42
Cache dir           : None
Fusion weights path : /home3/iasarantsev/multimodal/weights/fusion_bah_best.pth
======================================================================
[Weights] Text : /home3/iasarantsev/text/weights/distilbert_bah_best.pth  (267.9 MB)  ✓
[Weights] Audio: /home3/iasarantsev/audio/weights/wav2vec2emotional_bah_best.pth  (1263.0 MB)  ✓
[Weights] Video: /home3/iasarantsev/video/weights/swin_bah_best.pth  (110.4 MB)  ✓

[Backbones] Loading frozen pretrained backbones ...
[TextEmbedder] Loaded 100/104 keys from /home3/iasarantsev/text/weights/distilbert_bah_best.pth  (skipped head keys: ['pre_classifier.weight', 'pre_classifier.bias', 'classifier.weight', 'classifier.bias']  missing=[]  unexpected=[])
[TextEmbedder]  dim=768
[AudioEmbedder] Loaded 426/426 keys from /home3/iasarantsev/audio/weights/wav2vec2emotional_bah_best.pth  (missing=0, unexpected=0)
[AudioEmbedder] dim=256
[VideoEmbedder] Loaded 233/233 keys from /home3/iasarantsev/video/weights/swin_bah_best.pth  (missing=0, unexpected=0)
[VideoEmbedder] dim=768

[Embeddings] Pre-computing embeddings for all splits ...

[FusionDataset:train] Loading raw modality splits ...
TextDataset [train]: 778 samples loaded
TextDataset [val]: 124 samples loaded
TextDataset [test]: 525 samples loaded
AudioDataset [train]: 778 / 778 samples loaded (sr=16000, max=30.0s)
AudioDataset [val]: 124 / 124 samples loaded (sr=16000, max=30.0s)
AudioDataset [test]: 525 / 525 samples loaded (sr=16000, max=30.0s)
/home3/iasarantsev/data/split-frames/train.txt
SegmentedVideoClipDataset [train]: 31,696 clips (clip_len=32, stride=16)
/home3/iasarantsev/data/split-frames/val.txt
SegmentedVideoClipDataset [val]: 5,026 clips (clip_len=32, stride=16)
/home3/iasarantsev/data/split-frames/test.txt
SegmentedVideoClipDataset [test]: 21,146 clips (clip_len=32, stride=16)
[FusionDataset:train] Modality coverage: text=778, audio=778, video=778  →  common=778
[FusionDataset:train] Extracting text embeddings ...
  text_embs shape: torch.Size([778, 768])
[FusionDataset:train] Extracting audio embeddings ...
  audio_embs shape: torch.Size([778, 256])
[FusionDataset:train] Extracting video embeddings ...
  video_embs shape: torch.Size([778, 768])
[FusionDataset:train] Embeddings ready: text=torch.Size([778, 768])  audio=torch.Size([778, 256])  video=torch.Size([778, 768])

[FusionDataset:val] Loading raw modality splits ...
TextDataset [train]: 778 samples loaded
TextDataset [val]: 124 samples loaded
TextDataset [test]: 525 samples loaded
AudioDataset [train]: 778 / 778 samples loaded (sr=16000, max=30.0s)
AudioDataset [val]: 124 / 124 samples loaded (sr=16000, max=30.0s)
AudioDataset [test]: 525 / 525 samples loaded (sr=16000, max=30.0s)
/home3/iasarantsev/data/split-frames/train.txt
SegmentedVideoClipDataset [train]: 31,696 clips (clip_len=32, stride=16)
/home3/iasarantsev/data/split-frames/val.txt
SegmentedVideoClipDataset [val]: 5,026 clips (clip_len=32, stride=16)
/home3/iasarantsev/data/split-frames/test.txt
SegmentedVideoClipDataset [test]: 21,146 clips (clip_len=32, stride=16)
[FusionDataset:val] Modality coverage: text=124, audio=124, video=124  →  common=124
[FusionDataset:val] Extracting text embeddings ...
  text_embs shape: torch.Size([124, 768])
[FusionDataset:val] Extracting audio embeddings ...
  audio_embs shape: torch.Size([124, 256])
[FusionDataset:val] Extracting video embeddings ...
  video_embs shape: torch.Size([124, 768])
[FusionDataset:val] Embeddings ready: text=torch.Size([124, 768])  audio=torch.Size([124, 256])  video=torch.Size([124, 768])

[FusionDataset:test] Loading raw modality splits ...
TextDataset [train]: 778 samples loaded
TextDataset [val]: 124 samples loaded
TextDataset [test]: 525 samples loaded
AudioDataset [train]: 778 / 778 samples loaded (sr=16000, max=30.0s)
AudioDataset [val]: 124 / 124 samples loaded (sr=16000, max=30.0s)
AudioDataset [test]: 525 / 525 samples loaded (sr=16000, max=30.0s)
/home3/iasarantsev/data/split-frames/train.txt
SegmentedVideoClipDataset [train]: 31,696 clips (clip_len=32, stride=16)
/home3/iasarantsev/data/split-frames/val.txt
SegmentedVideoClipDataset [val]: 5,026 clips (clip_len=32, stride=16)
/home3/iasarantsev/data/split-frames/test.txt
SegmentedVideoClipDataset [test]: 21,146 clips (clip_len=32, stride=16)
[FusionDataset:test] Modality coverage: text=525, audio=525, video=525  →  common=525
[FusionDataset:test] Extracting text embeddings ...
  text_embs shape: torch.Size([525, 768])
[FusionDataset:test] Extracting audio embeddings ...
  audio_embs shape: torch.Size([525, 256])
[FusionDataset:test] Extracting video embeddings ...
  video_embs shape: torch.Size([525, 768])
[FusionDataset:test] Embeddings ready: text=torch.Size([525, 768])  audio=torch.Size([525, 256])  video=torch.Size([525, 768])

[Embeddings] All splits ready in 37106.2s
  [train]    778 videos  |  No A-H: 393  With A-H: 385  (49.5% positive)
  [val  ]    124 videos  |  No A-H: 49  With A-H: 75  (60.5% positive)
  [test ]    525 videos  |  No A-H: 207  With A-H: 318  (60.6% positive)

[Sampler] Class counts — No A-H: 393  |  With A-H: 385
[Sampler] Class weights — No A-H: 0.002545  |  With A-H: 0.002597

[DataLoader] Train: 778 videos  |  Val: 124  |  Test: 525

[Probe] Fetching first train batch ...
  modality shapes : [torch.Size([16, 768]), torch.Size([16, 256]), torch.Size([16, 768])]
  labels          : [1, 1, 0, 0, 1, 0, 1, 1, 0, 0, 0, 1, 0, 1, 0, 0]

[Model] Building fusion head (mode=attention) ...
[Model] Fusion head architecture:
AttentionFusionHead(
  (layer_norms): ModuleList(
    (0): LayerNorm((768,), eps=1e-05, elementwise_affine=True)
    (1): LayerNorm((256,), eps=1e-05, elementwise_affine=True)
    (2): LayerNorm((768,), eps=1e-05, elementwise_affine=True)
  )
  (mlp): Sequential(
    (0): Linear(in_features=1792, out_features=512, bias=True)
    (1): BatchNorm1d(512, eps=1e-05, momentum=0.1, affine=True, track_running_stats=True)
    (2): ReLU(inplace=True)
    (3): Dropout(p=0.3, inplace=False)
    (4): Linear(in_features=512, out_features=256, bias=True)
    (5): BatchNorm1d(256, eps=1e-05, momentum=0.1, affine=True, track_running_stats=True)
    (6): ReLU(inplace=True)
    (7): Dropout(p=0.3, inplace=False)
    (8): Linear(in_features=256, out_features=2, bias=True)
  )
)
[Model] Parameters: 1,054,981 trainable  |  1,054,981 total

[Optimizer] AdamW  lr=0.001  weight_decay=0.01
[Scheduler] CosineAnnealingLR  T_max=30  eta_min=1.00e-05

======================================================================
Starting fusion training ...
======================================================================

  [Epoch 1, Batch 0] loss=0.6319  grad_norm=8.3742  logits_sample=[0.7197840809822083, 0.04545337334275246]  preds=[0, 1, 1, 0, 1, 1, 1, 1, 1, 1, 1, 1, 1, 1, 0, 1]  labels=[0, 1, 0, 0, 0, 1, 0, 0, 0, 0, 1, 1, 1, 1, 0, 0]
Epoch   1/30  tr_loss=0.3636  tr_f1=0.8302  va_loss=1.6702  va_f1=0.5550  va_acc=0.5565  lr=9.97e-04  time=1s (0.011s/batch)  gate=text:0.333 audio:0.325 video:0.341
         train preds: {0: 372, 1: 406}  |  val preds: {0: 68, 1: 56}
  ✓ New best val F1=0.5550 — saved /home3/iasarantsev/multimodal/weights/fusion_bah_best.pth
Epoch   2/30  tr_loss=0.3383  tr_f1=0.8791  va_loss=1.9013  va_f1=0.5008  va_acc=0.5081  lr=9.89e-04  time=0s (0.003s/batch)  gate=text:0.331 audio:0.320 video:0.349
         train preds: {1: 397, 0: 381}  |  val preds: {0: 60, 1: 64}
  ✗ No improvement (1/7)
Epoch   3/30  tr_loss=0.2856  tr_f1=0.8881  va_loss=2.0571  va_f1=0.5323  va_acc=0.5323  lr=9.76e-04  time=0s (0.003s/batch)  gate=text:0.332 audio:0.315 video:0.352
         train preds: {0: 375, 1: 403}  |  val preds: {0: 75, 1: 49}
  ✗ No improvement (2/7)
Epoch   4/30  tr_loss=0.2522  tr_f1=0.8892  va_loss=1.7956  va_f1=0.5189  va_acc=0.5242  lr=9.57e-04  time=0s (0.003s/batch)  gate=text:0.334 audio:0.310 video:0.355
         train preds: {0: 368, 1: 410}  |  val preds: {0: 62, 1: 62}
  ✗ No improvement (3/7)
Epoch   5/30  tr_loss=0.2503  tr_f1=0.9074  va_loss=2.1950  va_f1=0.5189  va_acc=0.5242  lr=9.34e-04  time=0s (0.003s/batch)  gate=text:0.333 audio:0.306 video:0.361
         train preds: {1: 386, 0: 392}  |  val preds: {0: 62, 1: 62}
  ✗ No improvement (4/7)
Epoch   6/30  tr_loss=0.2014  tr_f1=0.9279  va_loss=2.5894  va_f1=0.5227  va_acc=0.5242  lr=9.05e-04  time=0s (0.003s/batch)  gate=text:0.333 audio:0.304 video:0.362
         train preds: {1: 402, 0: 376}  |  val preds: {0: 68, 1: 56}
  ✗ No improvement (5/7)
Epoch   7/30  tr_loss=0.1829  tr_f1=0.9293  va_loss=2.1995  va_f1=0.5008  va_acc=0.5081  lr=8.73e-04  time=0s (0.003s/batch)  gate=text:0.336 audio:0.301 video:0.363
         train preds: {0: 371, 1: 407}  |  val preds: {0: 60, 1: 64}
  ✗ No improvement (6/7)
Epoch   8/30  tr_loss=0.1376  tr_f1=0.9550  va_loss=2.8576  va_f1=0.5130  va_acc=0.5161  lr=8.36e-04  time=0s (0.003s/batch)  gate=text:0.338 audio:0.296 video:0.365
         train preds: {1: 386, 0: 392}  |  val preds: {0: 65, 1: 59}
  ✗ No improvement (7/7)
  ⛔ Early stopping at epoch 8

======================================================================
Training done in 0.0 min. Best val F1 = 0.5550
======================================================================
Training curves saved → /home3/iasarantsev/multimodal/weights/fusion_training_curves.png

[Test] Loading best checkpoint and evaluating ...

======================================================================
Test Results — Multimodal Fusion (text + audio + video)
======================================================================
[Test] Label distribution : {1: 318, 0: 207}
[Test] Prediction dist.   : {0: 304, 1: 221}
[Test] Macro-F1  : 0.5940
[Test] Accuracy  : 0.5943

              precision    recall  f1-score   support

      No A-H     0.4901    0.7198    0.5832       207
    With A-H     0.7376    0.5126    0.6048       318

    accuracy                         0.5943       525
   macro avg     0.6138    0.6162    0.5940       525
weighted avg     0.6400    0.5943    0.5963       525


======================================================================
Multimodal Fusion Training Summary
======================================================================
  Active modalities      : ['text', 'audio', 'video']
  Text model             : distilbert-base-uncased
  Audio model            : ehcalabres/wav2vec2-lg-xlsr-en-speech-emotion-recognition
  Video model            : microsoft/swin-tiny-patch4-window7-224
  Fusion mode            : attention
  Fusion input dim       : 768 + 256 + 768 = 1792
  MLP hidden dims        : [512, 256]
  Trainable params       : 1,054,981
  Best val F1            : 0.5550
  Test F1                : 0.5940
  Test accuracy          : 0.5943
  Training time          : 0.0 min
  Weights saved          : /home3/iasarantsev/multimodal/weights/fusion_bah_best.pth
  Curves saved           : /home3/iasarantsev/multimodal/weights/fusion_training_curves.png
======================================================================
