[Orchestrator] Running modalities: ['audio']

==============================================================================
[Orchestrator] Modality: AUDIO
==============================================================================

======================================================================
Audio Embedding Extraction — BAH A/H Multimodal
======================================================================
Device          : cpu
Cache dir       : /home3/iasarantsev/multimodal/cache
K train         : 3
K eval          : 1
Augment train   : False
Splits          : ['train', 'val', 'test']
Force re-extract: False
Batch size      : 8
Seed            : 42
Model           : ehcalabres/wav2vec2-lg-xlsr-en-speech-emotion-recognition
Weights         : /home3/iasarantsev/audio/weights/wav2vec2emotional_bah_best.pth
======================================================================

[Backbone] Loading audio encoder ...
[AudioEmbedder] Loaded 426/426 keys from /home3/iasarantsev/audio/weights/wav2vec2emotional_bah_best.pth  (missing=0, unexpected=0)

======================================================================
[train] Audio → /home3/iasarantsev/multimodal/cache/audio_embs_train.pt
======================================================================
AudioDataset [train]: 778 / 778 samples loaded (sr=16000, max=30.0s)
AudioDataset [val]: 124 / 124 samples loaded (sr=16000, max=30.0s)
AudioDataset [test]: 525 / 525 samples loaded (sr=16000, max=30.0s)
  [Split train] 778 audio samples  |  K=3  |  augment=False
  [Split train] Audio view 1/3  [clean]
  [Split train] Audio view 2/3  [clean]
  [Split train] Audio view 3/3  [clean]
[train] Done in 139.4 min  embeddings=(778, 3, 256)
[train] Saved → /home3/iasarantsev/multimodal/cache/audio_embs_train.pt

======================================================================
[val  ] Audio → /home3/iasarantsev/multimodal/cache/audio_embs_val.pt
======================================================================
AudioDataset [train]: 778 / 778 samples loaded (sr=16000, max=30.0s)
AudioDataset [val]: 124 / 124 samples loaded (sr=16000, max=30.0s)
AudioDataset [test]: 525 / 525 samples loaded (sr=16000, max=30.0s)
  [Split val] 124 audio samples  |  K=1  |  augment=False
  [Split val] Audio view 1/1  [clean]
[val  ] Done in 8.0 min  embeddings=(124, 1, 256)
[val  ] Saved → /home3/iasarantsev/multimodal/cache/audio_embs_val.pt

======================================================================
[test ] Audio → /home3/iasarantsev/multimodal/cache/audio_embs_test.pt
======================================================================
AudioDataset [train]: 778 / 778 samples loaded (sr=16000, max=30.0s)
AudioDataset [val]: 124 / 124 samples loaded (sr=16000, max=30.0s)
AudioDataset [test]: 525 / 525 samples loaded (sr=16000, max=30.0s)
  [Split test] 525 audio samples  |  K=1  |  augment=False
  [Split test] Audio view 1/1  [clean]
[test ] Done in 47.6 min  embeddings=(525, 1, 256)
[test ] Saved → /home3/iasarantsev/multimodal/cache/audio_embs_test.pt

All requested audio splits processed.

[Orchestrator] All requested modalities done in 195.7 min
