======================================================================
Multimodal Fusion-Head Training — cache-driven
======================================================================
Device              : cpu
Cache dir           : /home3/iasarantsev/multimodal/cache
Active modalities   : ['text', 'audio', 'video']
Fusion input dim    : 768 + 256 + 768 = 1792
MLP hidden dims     : [64]
Dropout             : 0.5
Label smoothing     : 0.1
Mixup alpha         : 0.4
Batch size          : 16
Epochs              : 50
LR                  : 1e-06
Weight decay        : 0.05
Patience            : 5
Grad clip           : 1.0
Seed                : 42
Fusion weights path : /home3/iasarantsev/multimodal/weights/fusion_bah_best.pth
======================================================================

[Cache] Loading multi-view embedding cache ...
[CachedFusionDataset] N=778  K_t=3  K_a=3  K_v=3  random_view=True
[CachedFusionDataset] N=124  K_t=1  K_a=1  K_v=1  random_view=False
[CachedFusionDataset] N=525  K_t=1  K_a=1  K_v=1  random_view=False
  [train]    778 videos  |  No A-H: 393  With A-H: 385  (49.5% positive)  |  K_t=3 K_a=3 K_v=3
  [val  ]    124 videos  |  No A-H: 49  With A-H: 75  (60.5% positive)  |  K_t=1 K_a=1 K_v=1
  [test ]    525 videos  |  No A-H: 207  With A-H: 318  (60.6% positive)  |  K_t=1 K_a=1 K_v=1

[Sampler] Class counts — No A-H: 393  |  With A-H: 385

[DataLoader] Train: 778 videos  |  Val: 124  |  Test: 525

[Probe] First train batch modality shapes : [torch.Size([16, 768]), torch.Size([16, 256]), torch.Size([16, 768])]
[Probe] Labels : [0, 0, 1, 0, 0, 0, 0, 1, 1, 1, 1, 1, 0, 1, 0, 1]

[Model] Building simple MLP fusion head ...
[Model] Architecture:
SimpleMLPFusionHead(
  (layer_norms): ModuleList(
    (0): LayerNorm((768,), eps=1e-05, elementwise_affine=True)
    (1): LayerNorm((256,), eps=1e-05, elementwise_affine=True)
    (2): LayerNorm((768,), eps=1e-05, elementwise_affine=True)
  )
  (mlp): Sequential(
    (0): Linear(in_features=1792, out_features=64, bias=True)
    (1): GELU(approximate='none')
    (2): Dropout(p=0.5, inplace=False)
    (3): Linear(in_features=64, out_features=2, bias=True)
  )
)
[Model] Parameters: 118,466 trainable  |  118,466 total

[Optimizer] AdamW  lr=1e-06  weight_decay=0.05
[Scheduler] CosineAnnealingLR  T_max=50  eta_min=1.00e-08
[Loss]      CE label_smoothing=0.1  mixup_alpha=0.4

======================================================================
Starting fusion training ...
======================================================================

  [Epoch 1, Batch 0] train_loss=0.7325  clean_loss=0.7346  grad_norm=3.7242  clean_logits[0]=[-0.0287778377532959, 0.044006071984767914]  clean_preds=[1, 0, 1, 1, 1, 1, 1, 1, 1, 1, 0, 1, 1, 1, 1, 0]  labels=[1, 1, 0, 0, 1, 1, 0, 0, 0, 0, 1, 1, 0, 0, 1, 0]
Epoch   1/50  tr_loss=0.6901  tr_f1=0.4964  va_loss=0.6928  va_f1=0.5504  va_acc=0.5645  lr=9.99e-07  time=187s
         train preds: {1: 559, 0: 219}  |  val preds: {0: 53, 1: 71}
  ✓ New best val F1=0.5504 — saved /home3/iasarantsev/multimodal/weights/fusion_bah_best.pth
Epoch   2/50  tr_loss=0.6843  tr_f1=0.5315  va_loss=0.6925  va_f1=0.5434  va_acc=0.5565  lr=9.96e-07  time=215s
         train preds: {1: 563, 0: 215}  |  val preds: {0: 54, 1: 70}
  ✗ No improvement (1/5)
Epoch   3/50  tr_loss=0.6880  tr_f1=0.5234  va_loss=0.6935  va_f1=0.5387  va_acc=0.5484  lr=9.91e-07  time=182s
         train preds: {1: 528, 0: 250}  |  val preds: {0: 57, 1: 67}
  ✗ No improvement (2/5)
Epoch   4/50  tr_loss=0.6778  tr_f1=0.5621  va_loss=0.6934  va_f1=0.5589  va_acc=0.5645  lr=9.84e-07  time=162s
         train preds: {1: 510, 0: 268}  |  val preds: {0: 61, 1: 63}
  ✓ New best val F1=0.5589 — saved /home3/iasarantsev/multimodal/weights/fusion_bah_best.pth
Epoch   5/50  tr_loss=0.6718  tr_f1=0.5801  va_loss=0.6926  va_f1=0.5499  va_acc=0.5565  lr=9.76e-07  time=163s
         train preds: {0: 249, 1: 529}  |  val preds: {0: 60, 1: 64}
  ✗ No improvement (1/5)
Epoch   6/50  tr_loss=0.6724  tr_f1=0.5895  va_loss=0.6927  va_f1=0.5589  va_acc=0.5645  lr=9.65e-07  time=148s
         train preds: {0: 267, 1: 511}  |  val preds: {0: 61, 1: 63}
  ✗ No improvement (2/5)
Epoch   7/50  tr_loss=0.6699  tr_f1=0.6104  va_loss=0.6934  va_f1=0.5604  va_acc=0.5645  lr=9.53e-07  time=148s
         train preds: {1: 500, 0: 278}  |  val preds: {0: 63, 1: 61}
  ✓ New best val F1=0.5604 — saved /home3/iasarantsev/multimodal/weights/fusion_bah_best.pth
Epoch   8/50  tr_loss=0.6679  tr_f1=0.6232  va_loss=0.6943  va_f1=0.5303  va_acc=0.5323  lr=9.39e-07  time=133s
         train preds: {1: 475, 0: 303}  |  val preds: {0: 67, 1: 57}
  ✗ No improvement (1/5)
Epoch   9/50  tr_loss=0.6555  tr_f1=0.6762  va_loss=0.6938  va_f1=0.5303  va_acc=0.5323  lr=9.23e-07  time=105s
         train preds: {0: 299, 1: 479}  |  val preds: {0: 67, 1: 57}
  ✗ No improvement (2/5)
Epoch  10/50  tr_loss=0.6541  tr_f1=0.6532  va_loss=0.6940  va_f1=0.5303  va_acc=0.5323  lr=9.05e-07  time=105s
         train preds: {1: 483, 0: 295}  |  val preds: {0: 67, 1: 57}
  ✗ No improvement (3/5)
Epoch  11/50  tr_loss=0.6562  tr_f1=0.6715  va_loss=0.6943  va_f1=0.5389  va_acc=0.5403  lr=8.86e-07  time=105s
         train preds: {0: 345, 1: 433}  |  val preds: {0: 68, 1: 56}
  ✗ No improvement (4/5)
Epoch  12/50  tr_loss=0.6563  tr_f1=0.6589  va_loss=0.6949  va_f1=0.5156  va_acc=0.5161  lr=8.66e-07  time=108s
         train preds: {1: 454, 0: 324}  |  val preds: {0: 71, 1: 53}
  ✗ No improvement (5/5)
  ⛔ Early stopping at epoch 12

======================================================================
Training done in 29.3 min. Best val F1 = 0.5604
======================================================================
Training curves saved → /home3/iasarantsev/multimodal/weights/fusion_training_curves.png

[Test] Loading best checkpoint and evaluating ...
