======================================================================
Multimodal Fusion-Head Training — cache-driven
======================================================================
Classifier          : mlp
Cache dir           : /home3/iasarantsev/multimodal/cache
Active modalities   : ['text', 'audio', 'video']
Fusion input dim    : 768 + 256 + 768 = 1792
Seed                : 42
Fusion weights path : /home3/iasarantsev/multimodal/weights/fusion_bah_best.pth
======================================================================

[Cache] Loading multi-view embedding cache ...
[CachedFusionDataset] N=778  K_t=3  K_a=3  K_v=3  random_view=True
[CachedFusionDataset] N=124  K_t=1  K_a=1  K_v=1  random_view=False
[CachedFusionDataset] N=525  K_t=1  K_a=1  K_v=1  random_view=False
  [train]    778 videos  |  No A-H: 393  With A-H: 385  (49.5% positive)  |  K_t=3 K_a=3 K_v=3
  [val  ]    124 videos  |  No A-H: 49  With A-H: 75  (60.5% positive)  |  K_t=1 K_a=1 K_v=1
  [test ]    525 videos  |  No A-H: 207  With A-H: 318  (60.6% positive)  |  K_t=1 K_a=1 K_v=1

[Preproc] Fitting EarlyFusionPreprocessor on TRAIN ...
  StandardScaler per modality (fitted on all N*K train views)
  PCA components       : 512 (whiten=False)
[EarlyFusionPreprocessor] PCA fitted: 1792 → 512 dims  (retained var = 0.9919)
  Concat raw dim       : 1792
  Fused output dim     : 512

[MLP] Device              : cpu
[MLP] Fused input dim     : 512
[MLP] Hidden dims         : [128]
[MLP] Dropout             : 0.3
[MLP] Label smoothing     : 0.1
[MLP] Mixup alpha         : 0.0
[MLP] Batch size          : 16
[MLP] Epochs              : 50
[MLP] LR                  : 5e-05
[MLP] Weight decay        : 0.05
[MLP] Patience            : 5
[MLP] Class counts — No A-H: 393  |  With A-H: 385
[MLP] Train: 778 videos  |  Val: 124  |  Test: 525
[MLP] Architecture:
SimpleMLPFusionHead(
  (mlp): Sequential(
    (0): Linear(in_features=512, out_features=128, bias=True)
    (1): GELU(approximate='none')
    (2): Dropout(p=0.3, inplace=False)
    (3): Linear(in_features=128, out_features=2, bias=True)
  )
)
[MLP] Parameters: 65,922 trainable  |  65,922 total

======================================================================
Starting MLP fusion training ...
======================================================================

  [Epoch 1, Batch 0] train_loss=0.6897  clean_loss=0.6654  grad_norm=4.0365
Epoch   1/50  tr_loss=0.7074  tr_f1=0.5350  va_loss=0.7344  va_f1=0.4903  va_acc=0.4919  lr=5.00e-05  time=111s
         train preds: {0: 480, 1: 298}  |  val preds: {0: 82, 1: 42}
  ✓ New best val F1=0.4903 — saved /home3/iasarantsev/multimodal/weights/fusion_bah_best.pth
Epoch   2/50  tr_loss=0.6464  tr_f1=0.6245  va_loss=0.7265  va_f1=0.5150  va_acc=0.5161  lr=4.98e-05  time=103s
         train preds: {1: 364, 0: 414}  |  val preds: {0: 81, 1: 43}
  ✓ New best val F1=0.5150 — saved /home3/iasarantsev/multimodal/weights/fusion_bah_best.pth
Epoch   3/50  tr_loss=0.5879  tr_f1=0.7194  va_loss=0.7243  va_f1=0.5484  va_acc=0.5484  lr=4.96e-05  time=102s
         train preds: {1: 338, 0: 440}  |  val preds: {0: 75, 1: 49}
  ✓ New best val F1=0.5484 — saved /home3/iasarantsev/multimodal/weights/fusion_bah_best.pth
Epoch   4/50  tr_loss=0.5513  tr_f1=0.7545  va_loss=0.7216  va_f1=0.5805  va_acc=0.5806  lr=4.92e-05  time=93s
         train preds: {1: 367, 0: 411}  |  val preds: {0: 73, 1: 51}
  ✓ New best val F1=0.5805 — saved /home3/iasarantsev/multimodal/weights/fusion_bah_best.pth
Epoch   5/50  tr_loss=0.5014  tr_f1=0.8390  va_loss=0.7241  va_f1=0.5885  va_acc=0.5887  lr=4.88e-05  time=100s
         train preds: {1: 414, 0: 364}  |  val preds: {0: 72, 1: 52}
  ✓ New best val F1=0.5885 — saved /home3/iasarantsev/multimodal/weights/fusion_bah_best.pth
Epoch   6/50  tr_loss=0.4646  tr_f1=0.8676  va_loss=0.7254  va_f1=0.5802  va_acc=0.5806  lr=4.83e-05  time=109s
         train preds: {1: 403, 0: 375}  |  val preds: {0: 71, 1: 53}
  ✗ No improvement (1/5)
Epoch   7/50  tr_loss=0.4536  tr_f1=0.8637  va_loss=0.7309  va_f1=0.5789  va_acc=0.5806  lr=4.76e-05  time=110s
         train preds: {0: 400, 1: 378}  |  val preds: {0: 67, 1: 57}
  ✗ No improvement (2/5)
Epoch   8/50  tr_loss=0.4170  tr_f1=0.8829  va_loss=0.7370  va_f1=0.5441  va_acc=0.5484  lr=4.69e-05  time=100s
         train preds: {1: 403, 0: 375}  |  val preds: {0: 63, 1: 61}
  ✗ No improvement (3/5)
Epoch   9/50  tr_loss=0.3781  tr_f1=0.8843  va_loss=0.7453  va_f1=0.5604  va_acc=0.5645  lr=4.61e-05  time=105s
         train preds: {1: 393, 0: 385}  |  val preds: {0: 63, 1: 61}
  ✗ No improvement (4/5)
Epoch  10/50  tr_loss=0.3505  tr_f1=0.9151  va_loss=0.7617  va_f1=0.5454  va_acc=0.5484  lr=4.53e-05  time=109s
         train preds: {1: 386, 0: 392}  |  val preds: {0: 65, 1: 59}
  ✗ No improvement (5/5)
  ⛔ Early stopping at epoch 10

Training done in 17.4 min. Best val F1 = 0.5885
Training curves saved → /home3/iasarantsev/multimodal/weights/fusion_training_curves.png

[Test] Loading best checkpoint and evaluating ...

======================================================================
Test Results — Multimodal Fusion (text + audio + video) — MLP
======================================================================
[Test] Label distribution : {1: 318, 0: 207}
[Test] Prediction dist.   : {0: 324, 1: 201}
[Test] Macro-F1  : 0.5790
[Test] Accuracy  : 0.5790

              precision    recall  f1-score   support

      No A-H     0.4784    0.7488    0.5838       207
    With A-H     0.7413    0.4686    0.5742       318

    accuracy                         0.5790       525
   macro avg     0.6098    0.6087    0.5790       525
weighted avg     0.6376    0.5790    0.5780       525

  Trainable params       : 65,922
  Best val F1            : 0.5885
  Test F1                : 0.5790
  Test accuracy          : 0.5790
  Training time          : 17.4 min
  Weights saved          : /home3/iasarantsev/multimodal/weights/fusion_bah_best.pth
  Preproc saved          : /home3/iasarantsev/multimodal/weights/fusion_bah_best.preproc.joblib
  Curves saved           : /home3/iasarantsev/multimodal/weights/fusion_training_curves.png

======================================================================
Multimodal Fusion Training Summary
======================================================================
  Classifier             : mlp
  Active modalities      : ['text', 'audio', 'video']
  Concat raw dim         : 768 + 256 + 768 = 1792
  Fused output dim       : 512
  PCA components         : 512 (whiten=False)
======================================================================
