======================================================================
Multimodal Fusion-Head Training — cache-driven
======================================================================
Device              : cpu
Cache dir           : /home3/iasarantsev/multimodal/cache
Active modalities   : ['text', 'audio', 'video']
Fusion input dim    : 768 + 256 + 768 = 1792
MLP hidden dims     : [64]
Dropout             : 0.5
Label smoothing     : 0.1
Mixup alpha         : 0.4
Batch size          : 16
Epochs              : 50
LR                  : 1e-05
Weight decay        : 0.05
Patience            : 5
Grad clip           : 1.0
Seed                : 42
Fusion weights path : /home3/iasarantsev/multimodal/weights/fusion_bah_best.pth
======================================================================

[Cache] Loading multi-view embedding cache ...
[CachedFusionDataset] N=778  K_t=3  K_a=3  K_v=3  random_view=True
[CachedFusionDataset] N=124  K_t=1  K_a=1  K_v=1  random_view=False
[CachedFusionDataset] N=525  K_t=1  K_a=1  K_v=1  random_view=False
  [train]    778 videos  |  No A-H: 393  With A-H: 385  (49.5% positive)  |  K_t=3 K_a=3 K_v=3
  [val  ]    124 videos  |  No A-H: 49  With A-H: 75  (60.5% positive)  |  K_t=1 K_a=1 K_v=1
  [test ]    525 videos  |  No A-H: 207  With A-H: 318  (60.6% positive)  |  K_t=1 K_a=1 K_v=1

[Sampler] Class counts — No A-H: 393  |  With A-H: 385

[DataLoader] Train: 778 videos  |  Val: 124  |  Test: 525

[Probe] First train batch modality shapes : [torch.Size([16, 768]), torch.Size([16, 256]), torch.Size([16, 768])]
[Probe] Labels : [0, 0, 1, 0, 0, 0, 0, 1, 1, 1, 1, 1, 0, 1, 0, 1]

[Model] Building simple MLP fusion head ...
[Model] Architecture:
SimpleMLPFusionHead(
  (layer_norms): ModuleList(
    (0): LayerNorm((768,), eps=1e-05, elementwise_affine=True)
    (1): LayerNorm((256,), eps=1e-05, elementwise_affine=True)
    (2): LayerNorm((768,), eps=1e-05, elementwise_affine=True)
  )
  (mlp): Sequential(
    (0): Linear(in_features=1792, out_features=64, bias=True)
    (1): GELU(approximate='none')
    (2): Dropout(p=0.5, inplace=False)
    (3): Linear(in_features=64, out_features=2, bias=True)
  )
)
[Model] Parameters: 118,466 trainable  |  118,466 total

[Optimizer] AdamW  lr=1e-05  weight_decay=0.05
[Scheduler] CosineAnnealingLR  T_max=50  eta_min=1.00e-07
[Loss]      CE label_smoothing=0.1  mixup_alpha=0.4

======================================================================
Starting fusion training ...
======================================================================

  [Epoch 1, Batch 0] train_loss=0.7325  clean_loss=0.7315  grad_norm=3.7242  clean_logits[0]=[-0.024799827486276627, 0.0387260802090168]  clean_preds=[1, 0, 1, 1, 1, 1, 1, 1, 1, 1, 0, 1, 1, 1, 1, 0]  labels=[1, 1, 0, 0, 1, 1, 0, 0, 0, 0, 1, 1, 0, 0, 1, 0]
Epoch   1/50  tr_loss=0.6746  tr_f1=0.5934  va_loss=0.6943  va_f1=0.5389  va_acc=0.5403  lr=9.99e-06  time=208s
         train preds: {1: 444, 0: 334}  |  val preds: {0: 68, 1: 56}
  ✓ New best val F1=0.5389 — saved /home3/iasarantsev/multimodal/weights/fusion_bah_best.pth
Epoch   2/50  tr_loss=0.6453  tr_f1=0.6807  va_loss=0.6883  va_f1=0.5930  va_acc=0.5968  lr=9.96e-06  time=204s
         train preds: {0: 289, 1: 489}  |  val preds: {0: 63, 1: 61}
  ✓ New best val F1=0.5930 — saved /home3/iasarantsev/multimodal/weights/fusion_bah_best.pth
Epoch   3/50  tr_loss=0.6242  tr_f1=0.7262  va_loss=0.6999  va_f1=0.5055  va_acc=0.5081  lr=9.91e-06  time=163s
         train preds: {0: 362, 1: 416}  |  val preds: {0: 84, 1: 40}
  ✗ No improvement (1/5)
Epoch   4/50  tr_loss=0.5902  tr_f1=0.7801  va_loss=0.6909  va_f1=0.5483  va_acc=0.5484  lr=9.84e-06  time=168s
         train preds: {0: 384, 1: 394}  |  val preds: {0: 73, 1: 51}
  ✗ No improvement (2/5)
Epoch   5/50  tr_loss=0.5673  tr_f1=0.7904  va_loss=0.6820  va_f1=0.5678  va_acc=0.5726  lr=9.76e-06  time=146s
         train preds: {0: 302, 1: 476}  |  val preds: {0: 62, 1: 62}
  ✗ No improvement (3/5)
Epoch   6/50  tr_loss=0.5444  tr_f1=0.8140  va_loss=0.6918  va_f1=0.5712  va_acc=0.5726  lr=9.65e-06  time=154s
         train preds: {0: 331, 1: 447}  |  val preds: {0: 68, 1: 56}
  ✗ No improvement (4/5)
Epoch   7/50  tr_loss=0.5137  tr_f1=0.8355  va_loss=0.7030  va_f1=0.5644  va_acc=0.5645  lr=9.53e-06  time=144s
         train preds: {1: 409, 0: 369}  |  val preds: {0: 73, 1: 51}
  ✗ No improvement (5/5)
  ⛔ Early stopping at epoch 7

======================================================================
Training done in 19.8 min. Best val F1 = 0.5930
======================================================================
Training curves saved → /home3/iasarantsev/multimodal/weights/fusion_training_curves.png

[Test] Loading best checkpoint and evaluating ...

======================================================================
Test Results — Multimodal Fusion (text + audio + video)
======================================================================
[Test] Label distribution : {1: 318, 0: 207}
[Test] Prediction dist.   : {0: 307, 1: 218}
[Test] Macro-F1  : 0.5884
[Test] Accuracy  : 0.5886

              precision    recall  f1-score   support

      No A-H     0.4853    0.7198    0.5798       207
    With A-H     0.7339    0.5031    0.5970       318

    accuracy                         0.5886       525
   macro avg     0.6096    0.6115    0.5884       525
weighted avg     0.6359    0.5886    0.5902       525


======================================================================
Multimodal Fusion Training Summary
======================================================================
  Active modalities      : ['text', 'audio', 'video']
  Fusion input dim       : 768 + 256 + 768 = 1792
  MLP hidden dims        : [64]
  Trainable params       : 118,466
  Best val F1            : 0.5930
  Test F1                : 0.5884
  Test accuracy          : 0.5886
  Training time          : 19.8 min
  Weights saved          : /home3/iasarantsev/multimodal/weights/fusion_bah_best.pth
  Curves saved           : /home3/iasarantsev/multimodal/weights/fusion_training_curves.png
======================================================================
