======================================================================
Multimodal Fusion-Head Training — cache-driven
======================================================================
Device              : cpu
Cache dir           : /home3/iasarantsev/multimodal/cache
Active modalities   : ['text', 'audio']
Fusion input dim    : 768 + 256 = 1024
MLP hidden dims     : []
Dropout             : 0.5
Label smoothing     : 0.1
Mixup alpha         : 0.4
Batch size          : 16
Epochs              : 50
LR                  : 1e-06
Weight decay        : 0.05
Patience            : 5
Grad clip           : 1.0
Seed                : 42
Fusion weights path : /home3/iasarantsev/multimodal/weights/fusion_bah_best.pth
======================================================================

[Cache] Loading multi-view embedding cache ...
[CachedFusionDataset] N=778  K_t=3  K_a=3  K_v=3  random_view=True
[CachedFusionDataset] N=124  K_t=1  K_a=1  K_v=1  random_view=False
[CachedFusionDataset] N=525  K_t=1  K_a=1  K_v=1  random_view=False
  [train]    778 videos  |  No A-H: 393  With A-H: 385  (49.5% positive)  |  K_t=3 K_a=3 K_v=3
  [val  ]    124 videos  |  No A-H: 49  With A-H: 75  (60.5% positive)  |  K_t=1 K_a=1 K_v=1
  [test ]    525 videos  |  No A-H: 207  With A-H: 318  (60.6% positive)  |  K_t=1 K_a=1 K_v=1

[Sampler] Class counts — No A-H: 393  |  With A-H: 385

[DataLoader] Train: 778 videos  |  Val: 124  |  Test: 525

[Probe] First train batch modality shapes : [torch.Size([16, 768]), torch.Size([16, 256])]
[Probe] Labels : [0, 0, 1, 0, 0, 0, 0, 1, 1, 1, 1, 1, 0, 1, 0, 1]

[Model] Building simple MLP fusion head ...
[Model] Architecture:
SimpleMLPFusionHead(
  (layer_norms): ModuleList(
    (0): LayerNorm((768,), eps=1e-05, elementwise_affine=True)
    (1): LayerNorm((256,), eps=1e-05, elementwise_affine=True)
  )
  (mlp): Sequential(
    (0): Linear(in_features=1024, out_features=2, bias=True)
  )
)
[Model] Parameters: 4,098 trainable  |  4,098 total

[Optimizer] AdamW  lr=1e-06  weight_decay=0.05
[Scheduler] CosineAnnealingLR  T_max=50  eta_min=1.00e-08
[Loss]      CE label_smoothing=0.1  mixup_alpha=0.4

======================================================================
Starting fusion training ...
======================================================================

  [Epoch 1, Batch 0] train_loss=0.8345  clean_loss=0.8387  grad_norm=11.1357  clean_logits[0]=[0.05121017247438431, 0.13887140154838562]  clean_preds=[1, 1, 1, 1, 1, 1, 1, 1, 1, 0, 1, 1, 1, 1, 1, 1]  labels=[1, 1, 0, 0, 0, 0, 0, 1, 0, 0, 1, 1, 0, 1, 0, 0]
Epoch   1/50  tr_loss=0.7380  tr_f1=0.3687  va_loss=0.6642  va_f1=0.3988  va_acc=0.6129  lr=9.99e-07  time=54s
         train preds: {1: 761, 0: 17}  |  val preds: {1: 123, 0: 1}
  ✓ New best val F1=0.3988 — saved /home3/iasarantsev/multimodal/weights/fusion_bah_best.pth
Epoch   2/50  tr_loss=0.7207  tr_f1=0.3775  va_loss=0.6596  va_f1=0.3988  va_acc=0.6129  lr=9.96e-07  time=64s
         train preds: {1: 751, 0: 27}  |  val preds: {1: 123, 0: 1}
  ✗ No improvement (1/5)
Epoch   3/50  tr_loss=0.7234  tr_f1=0.3974  va_loss=0.6554  va_f1=0.3988  va_acc=0.6129  lr=9.91e-07  time=77s
         train preds: {1: 725, 0: 53}  |  val preds: {1: 123, 0: 1}
  ✗ No improvement (2/5)
Epoch   4/50  tr_loss=0.7137  tr_f1=0.4130  va_loss=0.6522  va_f1=0.3988  va_acc=0.6129  lr=9.84e-07  time=72s
         train preds: {1: 730, 0: 48}  |  val preds: {1: 123, 0: 1}
  ✗ No improvement (3/5)
Epoch   5/50  tr_loss=0.6875  tr_f1=0.4505  va_loss=0.6500  va_f1=0.3988  va_acc=0.6129  lr=9.76e-07  time=78s
         train preds: {1: 709, 0: 69}  |  val preds: {1: 123, 0: 1}
  ✗ No improvement (4/5)
Epoch   6/50  tr_loss=0.7108  tr_f1=0.4217  va_loss=0.6481  va_f1=0.3988  va_acc=0.6129  lr=9.65e-07  time=87s
         train preds: {1: 717, 0: 61}  |  val preds: {1: 123, 0: 1}
  ✗ No improvement (5/5)
  ⛔ Early stopping at epoch 6

======================================================================
Training done in 7.2 min. Best val F1 = 0.3988
======================================================================
Training curves saved → /home3/iasarantsev/multimodal/weights/fusion_training_curves.png

[Test] Loading best checkpoint and evaluating ...
